<?xml version="1.0" encoding="UTF-8"?>
<robot generator="Robot 3.1 (Python 3.6.5 on win32)" generated="20190429 13:42:27.844" rpa="false">
<suite id="s1" name="Test Sitelist Page" source="C:\unit_dashboard_test\web\web_dashboard\test_sitelist_page.robot">
<kw name="SuiteSetup" type="setup">
<kw name="Open Browser" library="Selenium2Library">
<doc>Opens a new browser instance to the given ``url``.</doc>
<arguments>
<arg>${LOGIN URL}</arg>
<arg>${BROWSER}</arg>
</arguments>
<msg timestamp="20190429 13:42:27.998" level="INFO">Opening browser 'Chrome' to base url 'https://ppap.pmzoe.com/login/'.</msg>
<status status="PASS" starttime="20190429 13:42:27.997" endtime="20190429 13:42:38.659"></status>
</kw>
<kw name="Maximize Browser Window" library="Selenium2Library">
<doc>Maximizes current browser window.</doc>
<status status="PASS" starttime="20190429 13:42:38.659" endtime="20190429 13:42:39.775"></status>
</kw>
<kw name="Login Page" library="keyword_common">
<arguments>
<arg>${VALID_USER}</arg>
<arg>${VALID_PASSWORD}</arg>
</arguments>
<kw name="Log" library="BuiltIn">
<doc>Logs the given message with the given level.</doc>
<arguments>
<arg>${account}</arg>
</arguments>
<msg timestamp="20190429 13:42:39.776" level="INFO">brdemos</msg>
<status status="PASS" starttime="20190429 13:42:39.775" endtime="20190429 13:42:39.776"></status>
</kw>
<kw name="Input Account" library="keyword_common">
<arguments>
<arg>${account}</arg>
</arguments>
<kw name="Wait Until Page Contains Element" library="Selenium2Library">
<doc>Waits until element ``locator`` appears on current page.</doc>
<arguments>
<arg>//input[@id="inputEmail3"]</arg>
</arguments>
<status status="PASS" starttime="20190429 13:42:39.776" endtime="20190429 13:42:39.792"></status>
</kw>
<kw name="Input Text" library="Selenium2Library">
<doc>Types the given ``text`` into text field identified by ``locator``.</doc>
<arguments>
<arg>//input[@id="inputEmail3"]</arg>
<arg>${account}</arg>
</arguments>
<msg timestamp="20190429 13:42:39.792" level="INFO">Typing text 'brdemos' into text field '//input[@id="inputEmail3"]'.</msg>
<status status="PASS" starttime="20190429 13:42:39.792" endtime="20190429 13:42:39.870"></status>
</kw>
<status status="PASS" starttime="20190429 13:42:39.776" endtime="20190429 13:42:39.870"></status>
</kw>
<kw name="Input Password" library="keyword_common">
<arguments>
<arg>${password}</arg>
</arguments>
<kw name="Wait Until Page Contains Element" library="Selenium2Library">
<doc>Waits until element ``locator`` appears on current page.</doc>
<arguments>
<arg>//input[@id="inputPassword3"]</arg>
</arguments>
<status status="PASS" starttime="20190429 13:42:39.870" endtime="20190429 13:42:39.880"></status>
</kw>
<kw name="Input Text" library="Selenium2Library">
<doc>Types the given ``text`` into text field identified by ``locator``.</doc>
<arguments>
<arg>//input[@id="inputPassword3"]</arg>
<arg>${password}</arg>
</arguments>
<msg timestamp="20190429 13:42:39.880" level="INFO">Typing text '111116' into text field '//input[@id="inputPassword3"]'.</msg>
<status status="PASS" starttime="20190429 13:42:39.880" endtime="20190429 13:42:39.937"></status>
</kw>
<status status="PASS" starttime="20190429 13:42:39.870" endtime="20190429 13:42:39.937"></status>
</kw>
<kw name="Click Signin Button" library="keyword_common">
<kw name="Wait Until Page Contains Element" library="Selenium2Library">
<doc>Waits until element ``locator`` appears on current page.</doc>
<arguments>
<arg>//button[@class="btn btn-default btn-auth"]</arg>
</arguments>
<status status="PASS" starttime="20190429 13:42:39.938" endtime="20190429 13:42:39.947"></status>
</kw>
<kw name="Click Element" library="Selenium2Library">
<doc>Click element identified by ``locator``.</doc>
<arguments>
<arg>//button[@class="btn btn-default btn-auth"]</arg>
</arguments>
<msg timestamp="20190429 13:42:39.948" level="INFO">Clicking element '//button[@class="btn btn-default btn-auth"]'.</msg>
<status status="PASS" starttime="20190429 13:42:39.947" endtime="20190429 13:42:39.990"></status>
</kw>
<status status="PASS" starttime="20190429 13:42:39.938" endtime="20190429 13:42:39.990"></status>
</kw>
<status status="PASS" starttime="20190429 13:42:39.775" endtime="20190429 13:42:39.990"></status>
</kw>
<kw name="Set Browser Implicit Wait" library="Selenium2Library">
<doc>Sets the implicit wait value used by Selenium.</doc>
<arguments>
<arg>10s</arg>
</arguments>
<status status="PASS" starttime="20190429 13:42:39.990" endtime="20190429 13:42:39.992"></status>
</kw>
<status status="PASS" starttime="20190429 13:42:27.997" endtime="20190429 13:42:39.992"></status>
</kw>
<test id="s1-t1" name="Check login">
<kw name="Login Page" library="keyword_common">
<arguments>
<arg>${VALID_USER}</arg>
<arg>${VALID_PASSWORD}</arg>
</arguments>
<kw name="Log" library="BuiltIn">
<doc>Logs the given message with the given level.</doc>
<arguments>
<arg>${account}</arg>
</arguments>
<msg timestamp="20190429 13:42:39.994" level="INFO">brdemos</msg>
<status status="PASS" starttime="20190429 13:42:39.993" endtime="20190429 13:42:39.994"></status>
</kw>
<kw name="Input Account" library="keyword_common">
<arguments>
<arg>${account}</arg>
</arguments>
<kw name="Wait Until Page Contains Element" library="Selenium2Library">
<doc>Waits until element ``locator`` appears on current page.</doc>
<arguments>
<arg>//input[@id="inputEmail3"]</arg>
</arguments>
<status status="PASS" starttime="20190429 13:42:39.994" endtime="20190429 13:42:40.002"></status>
</kw>
<kw name="Input Text" library="Selenium2Library">
<doc>Types the given ``text`` into text field identified by ``locator``.</doc>
<arguments>
<arg>//input[@id="inputEmail3"]</arg>
<arg>${account}</arg>
</arguments>
<msg timestamp="20190429 13:42:40.002" level="INFO">Typing text 'brdemos' into text field '//input[@id="inputEmail3"]'.</msg>
<status status="PASS" starttime="20190429 13:42:40.002" endtime="20190429 13:42:40.050"></status>
</kw>
<status status="PASS" starttime="20190429 13:42:39.994" endtime="20190429 13:42:40.051"></status>
</kw>
<kw name="Input Password" library="keyword_common">
<arguments>
<arg>${password}</arg>
</arguments>
<kw name="Wait Until Page Contains Element" library="Selenium2Library">
<doc>Waits until element ``locator`` appears on current page.</doc>
<arguments>
<arg>//input[@id="inputPassword3"]</arg>
</arguments>
<status status="PASS" starttime="20190429 13:42:40.051" endtime="20190429 13:42:40.057"></status>
</kw>
<kw name="Input Text" library="Selenium2Library">
<doc>Types the given ``text`` into text field identified by ``locator``.</doc>
<arguments>
<arg>//input[@id="inputPassword3"]</arg>
<arg>${password}</arg>
</arguments>
<msg timestamp="20190429 13:42:40.057" level="INFO">Typing text '111116' into text field '//input[@id="inputPassword3"]'.</msg>
<status status="PASS" starttime="20190429 13:42:40.057" endtime="20190429 13:42:40.103"></status>
</kw>
<status status="PASS" starttime="20190429 13:42:40.051" endtime="20190429 13:42:40.103"></status>
</kw>
<kw name="Click Signin Button" library="keyword_common">
<kw name="Wait Until Page Contains Element" library="Selenium2Library">
<doc>Waits until element ``locator`` appears on current page.</doc>
<arguments>
<arg>//button[@class="btn btn-default btn-auth"]</arg>
</arguments>
<status status="PASS" starttime="20190429 13:42:40.104" endtime="20190429 13:42:40.109"></status>
</kw>
<kw name="Click Element" library="Selenium2Library">
<doc>Click element identified by ``locator``.</doc>
<arguments>
<arg>//button[@class="btn btn-default btn-auth"]</arg>
</arguments>
<msg timestamp="20190429 13:42:40.110" level="INFO">Clicking element '//button[@class="btn btn-default btn-auth"]'.</msg>
<status status="PASS" starttime="20190429 13:42:40.109" endtime="20190429 13:42:40.136"></status>
</kw>
<status status="PASS" starttime="20190429 13:42:40.104" endtime="20190429 13:42:40.136"></status>
</kw>
<status status="PASS" starttime="20190429 13:42:39.993" endtime="20190429 13:42:40.136"></status>
</kw>
<tags>
<tag>Login</tag>
</tags>
<status status="PASS" starttime="20190429 13:42:39.992" endtime="20190429 13:42:40.136" critical="yes"></status>
</test>
<test id="s1-t2" name="Check sidebar link Operational navigation is correct">
<kw name="Sleep" library="BuiltIn">
<doc>Pauses the test executed for the given time.</doc>
<arguments>
<arg>10s</arg>
</arguments>
<msg timestamp="20190429 13:42:50.139" level="INFO">Slept 10 seconds</msg>
<status status="PASS" starttime="20190429 13:42:40.138" endtime="20190429 13:42:50.139"></status>
</kw>
<kw name="Click Sidebar Link" library="keyword_common">
<arguments>
<arg>运营看板</arg>
</arguments>
<kw name="Sleep" library="BuiltIn">
<doc>Pauses the test executed for the given time.</doc>
<arguments>
<arg>30s</arg>
</arguments>
<msg timestamp="20190429 13:43:20.140" level="INFO">Slept 30 seconds</msg>
<status status="PASS" starttime="20190429 13:42:50.140" endtime="20190429 13:43:20.140"></status>
</kw>
<kw name="Wait Until Page Contains Element" library="Selenium2Library">
<doc>Waits until element ``locator`` appears on current page.</doc>
<arguments>
<arg>//li[@title="${title}"]</arg>
</arguments>
<status status="PASS" starttime="20190429 13:43:20.140" endtime="20190429 13:43:20.153"></status>
</kw>
<kw name="Click Element" library="Selenium2Library">
<doc>Click element identified by ``locator``.</doc>
<arguments>
<arg>//li[@title="${title}"]</arg>
</arguments>
<msg timestamp="20190429 13:43:20.153" level="INFO">Clicking element '//li[@title="运营看板"]'.</msg>
<status status="PASS" starttime="20190429 13:43:20.153" endtime="20190429 13:43:20.204"></status>
</kw>
<status status="PASS" starttime="20190429 13:42:50.139" endtime="20190429 13:43:20.204"></status>
</kw>
<kw name="Check Operational Information Link" library="keyword_sitelist">
<doc>Click operational information link to check link is correct</doc>
<arguments>
<arg>站台列表</arg>
</arguments>
<kw name="Click Topbar Link" library="keyword_common">
<arguments>
<arg>${title}</arg>
</arguments>
<kw name="Wait Until Page Contains Element" library="Selenium2Library">
<doc>Waits until element ``locator`` appears on current page.</doc>
<arguments>
<arg>//a[@class='borderr_1px'][contains(.,'${title}')]</arg>
</arguments>
<status status="PASS" starttime="20190429 13:43:20.205" endtime="20190429 13:43:20.715"></status>
</kw>
<kw name="Click Element" library="Selenium2Library">
<doc>Click element identified by ``locator``.</doc>
<arguments>
<arg>//a[@class='borderr_1px'][contains(.,'${title}')]</arg>
</arguments>
<msg timestamp="20190429 13:43:20.716" level="INFO">Clicking element '//a[@class='borderr_1px'][contains(.,'站台列表')]'.</msg>
<status status="PASS" starttime="20190429 13:43:20.716" endtime="20190429 13:43:20.805"></status>
</kw>
<status status="PASS" starttime="20190429 13:43:20.205" endtime="20190429 13:43:20.805"></status>
</kw>
<status status="PASS" starttime="20190429 13:43:20.205" endtime="20190429 13:43:20.805"></status>
</kw>
<tags>
<tag>Login</tag>
</tags>
<status status="PASS" starttime="20190429 13:42:40.137" endtime="20190429 13:43:20.806" critical="yes"></status>
</test>
<test id="s1-t3" name="Click Search">
<kw name="Sleep" library="BuiltIn">
<doc>Pauses the test executed for the given time.</doc>
<arguments>
<arg>10s</arg>
</arguments>
<msg timestamp="20190429 13:43:30.810" level="INFO">Slept 10 seconds</msg>
<status status="PASS" starttime="20190429 13:43:20.807" endtime="20190429 13:43:30.810"></status>
</kw>
<kw name="Set Variable" library="BuiltIn">
<doc>Returns the given values which can then be assigned to a variables.</doc>
<arguments>
<arg>昨日</arg>
<arg>本周</arg>
<arg>上周</arg>
<arg>本月</arg>
<arg>上月</arg>
</arguments>
<assign>
<var>@{days}</var>
</assign>
<msg timestamp="20190429 13:43:30.811" level="INFO">@{days} = [ 昨日 | 本周 | 上周 | 本月 | 上月 ]</msg>
<status status="PASS" starttime="20190429 13:43:30.811" endtime="20190429 13:43:30.811"></status>
</kw>
<kw name="${day} IN [ @{days} ]" type="for">
<kw name="${day} = 昨日" type="foritem">
<kw name="Quick Search botton" library="keyword_common">
<doc>Click Time Search In Quick Search To Search</doc>
<arguments>
<arg>${day}</arg>
</arguments>
<kw name="Wait Until Element Is Visible" library="Selenium2Library">
<doc>Waits until element ``locator`` is visible.</doc>
<arguments>
<arg>//div[@class="baDateform btn-group hidden_991"]/a[contains(.,'${title}')]</arg>
</arguments>
<status status="PASS" starttime="20190429 13:43:30.812" endtime="20190429 13:43:30.848"></status>
</kw>
<kw name="Click Link" library="Selenium2Library">
<doc>Clicks a link identified by ``locator``.</doc>
<arguments>
<arg>//div[@class="baDateform btn-group hidden_991"]/a[contains(.,'${title}')]</arg>
</arguments>
<msg timestamp="20190429 13:43:30.848" level="INFO">Clicking link '//div[@class="baDateform btn-group hidden_991"]/a[contains(.,'昨日')]'.</msg>
<status status="PASS" starttime="20190429 13:43:30.848" endtime="20190429 13:43:30.980"></status>
</kw>
<kw name="Sleep" library="BuiltIn">
<doc>Pauses the test executed for the given time.</doc>
<arguments>
<arg>10s</arg>
</arguments>
<msg timestamp="20190429 13:43:40.982" level="INFO">Slept 10 seconds</msg>
<status status="PASS" starttime="20190429 13:43:30.980" endtime="20190429 13:43:40.982"></status>
</kw>
<kw name="Capture Page Screenshot" library="Selenium2Library">
<doc>Takes screenshot of the current page and embeds it into log file.</doc>
<msg timestamp="20190429 13:43:41.326" level="INFO" html="yes">&lt;/td&gt;&lt;/tr&gt;&lt;tr&gt;&lt;td colspan="3"&gt;&lt;a href="selenium-screenshot-1.png"&gt;&lt;img src="selenium-screenshot-1.png" width="800px"&gt;&lt;/a&gt;</msg>
<status status="PASS" starttime="20190429 13:43:40.982" endtime="20190429 13:43:41.327"></status>
</kw>
<status status="PASS" starttime="20190429 13:43:30.812" endtime="20190429 13:43:41.327"></status>
</kw>
<kw name="Check Values" library="keyword_sitelist">
<kw name="Set Variable" library="BuiltIn">
<doc>Returns the given values which can then be assigned to a variables.</doc>
<arguments>
<arg>//div[@id="data-table"]//table/tbody/tr[1]/td[3]</arg>
</arguments>
<assign>
<var>${orignalValue}</var>
</assign>
<msg timestamp="20190429 13:43:41.327" level="INFO">${orignalValue} = //div[@id="data-table"]//table/tbody/tr[1]/td[3]</msg>
<status status="PASS" starttime="20190429 13:43:41.327" endtime="20190429 13:43:41.327"></status>
</kw>
<kw name="Set Variable" library="BuiltIn">
<doc>Returns the given values which can then be assigned to a variables.</doc>
<arguments>
<arg>3</arg>
<arg>4</arg>
<arg>5</arg>
<arg>6</arg>
<arg>7</arg>
</arguments>
<assign>
<var>@{columns}</var>
</assign>
<msg timestamp="20190429 13:43:41.327" level="INFO">@{columns} = [ 3 | 4 | 5 | 6 | 7 ]</msg>
<status status="PASS" starttime="20190429 13:43:41.327" endtime="20190429 13:43:41.327"></status>
</kw>
<kw name="${column} IN [ @{columns} ]" type="for">
<kw name="${column} = 3" type="foritem">
<kw name="Wait Until Page Contains Element" library="Selenium2Library">
<doc>Waits until element ``locator`` appears on current page.</doc>
<arguments>
<arg>//div[@id="data-table"]//table/tbody/tr[1]/td[${column}]</arg>
</arguments>
<status status="PASS" starttime="20190429 13:43:41.328" endtime="20190429 13:43:41.339"></status>
</kw>
<kw name="Get Text" library="Selenium2Library">
<doc>Returns the text value of element identified by ``locator``.</doc>
<arguments>
<arg>//div[@id="data-table"]//table/tbody/tr[1]/td[${column}]</arg>
</arguments>
<assign>
<var>${newValue}</var>
</assign>
<msg timestamp="20190429 13:43:41.363" level="INFO">${newValue} = 188,898</msg>
<status status="PASS" starttime="20190429 13:43:41.339" endtime="20190429 13:43:41.363"></status>
</kw>
<kw name="Run Keyword And Return Status" library="BuiltIn">
<doc>Runs the given keyword with given arguments and returns the status as a Boolean value.</doc>
<arguments>
<arg>Should Not Be Empty</arg>
<arg>${newValue}</arg>
</arguments>
<assign>
<var>${emptyRequest}</var>
</assign>
<kw name="Should Not Be Empty" library="BuiltIn">
<doc>Verifies that the given item is not empty.</doc>
<arguments>
<arg>${newValue}</arg>
</arguments>
<msg timestamp="20190429 13:43:41.363" level="INFO">Length is 7</msg>
<status status="PASS" starttime="20190429 13:43:41.363" endtime="20190429 13:43:41.363"></status>
</kw>
<msg timestamp="20190429 13:43:41.364" level="INFO">${emptyRequest} = True</msg>
<status status="PASS" starttime="20190429 13:43:41.363" endtime="20190429 13:43:41.364"></status>
</kw>
<kw name="Run Keyword And Return Status" library="BuiltIn">
<doc>Runs the given keyword with given arguments and returns the status as a Boolean value.</doc>
<arguments>
<arg>Should Not Match</arg>
<arg>${orignalValue}</arg>
<arg>${newValue}</arg>
</arguments>
<assign>
<var>${matchRequest}</var>
</assign>
<kw name="Should Not Match" library="BuiltIn">
<doc>Fails if the given ``string`` matches the given ``pattern``.</doc>
<arguments>
<arg>${orignalValue}</arg>
<arg>${newValue}</arg>
</arguments>
<status status="PASS" starttime="20190429 13:43:41.364" endtime="20190429 13:43:41.364"></status>
</kw>
<msg timestamp="20190429 13:43:41.364" level="INFO">${matchRequest} = True</msg>
<status status="PASS" starttime="20190429 13:43:41.364" endtime="20190429 13:43:41.364"></status>
</kw>
<kw name="Set Variable" library="BuiltIn">
<doc>Returns the given values which can then be assigned to a variables.</doc>
<arguments>
<arg>${newValue}</arg>
</arguments>
<assign>
<var>${orignalValue}</var>
</assign>
<msg timestamp="20190429 13:43:41.365" level="INFO">${orignalValue} = 188,898</msg>
<status status="PASS" starttime="20190429 13:43:41.364" endtime="20190429 13:43:41.365"></status>
</kw>
<status status="PASS" starttime="20190429 13:43:41.328" endtime="20190429 13:43:41.365"></status>
</kw>
<kw name="${column} = 4" type="foritem">
<kw name="Wait Until Page Contains Element" library="Selenium2Library">
<doc>Waits until element ``locator`` appears on current page.</doc>
<arguments>
<arg>//div[@id="data-table"]//table/tbody/tr[1]/td[${column}]</arg>
</arguments>
<status status="PASS" starttime="20190429 13:43:41.365" endtime="20190429 13:43:41.375"></status>
</kw>
<kw name="Get Text" library="Selenium2Library">
<doc>Returns the text value of element identified by ``locator``.</doc>
<arguments>
<arg>//div[@id="data-table"]//table/tbody/tr[1]/td[${column}]</arg>
</arguments>
<assign>
<var>${newValue}</var>
</assign>
<msg timestamp="20190429 13:43:41.399" level="INFO">${newValue} = 5,664,651</msg>
<status status="PASS" starttime="20190429 13:43:41.375" endtime="20190429 13:43:41.399"></status>
</kw>
<kw name="Run Keyword And Return Status" library="BuiltIn">
<doc>Runs the given keyword with given arguments and returns the status as a Boolean value.</doc>
<arguments>
<arg>Should Not Be Empty</arg>
<arg>${newValue}</arg>
</arguments>
<assign>
<var>${emptyRequest}</var>
</assign>
<kw name="Should Not Be Empty" library="BuiltIn">
<doc>Verifies that the given item is not empty.</doc>
<arguments>
<arg>${newValue}</arg>
</arguments>
<msg timestamp="20190429 13:43:41.400" level="INFO">Length is 9</msg>
<status status="PASS" starttime="20190429 13:43:41.399" endtime="20190429 13:43:41.400"></status>
</kw>
<msg timestamp="20190429 13:43:41.400" level="INFO">${emptyRequest} = True</msg>
<status status="PASS" starttime="20190429 13:43:41.399" endtime="20190429 13:43:41.400"></status>
</kw>
<kw name="Run Keyword And Return Status" library="BuiltIn">
<doc>Runs the given keyword with given arguments and returns the status as a Boolean value.</doc>
<arguments>
<arg>Should Not Match</arg>
<arg>${orignalValue}</arg>
<arg>${newValue}</arg>
</arguments>
<assign>
<var>${matchRequest}</var>
</assign>
<kw name="Should Not Match" library="BuiltIn">
<doc>Fails if the given ``string`` matches the given ``pattern``.</doc>
<arguments>
<arg>${orignalValue}</arg>
<arg>${newValue}</arg>
</arguments>
<status status="PASS" starttime="20190429 13:43:41.400" endtime="20190429 13:43:41.400"></status>
</kw>
<msg timestamp="20190429 13:43:41.400" level="INFO">${matchRequest} = True</msg>
<status status="PASS" starttime="20190429 13:43:41.400" endtime="20190429 13:43:41.400"></status>
</kw>
<kw name="Set Variable" library="BuiltIn">
<doc>Returns the given values which can then be assigned to a variables.</doc>
<arguments>
<arg>${newValue}</arg>
</arguments>
<assign>
<var>${orignalValue}</var>
</assign>
<msg timestamp="20190429 13:43:41.401" level="INFO">${orignalValue} = 5,664,651</msg>
<status status="PASS" starttime="20190429 13:43:41.401" endtime="20190429 13:43:41.401"></status>
</kw>
<status status="PASS" starttime="20190429 13:43:41.365" endtime="20190429 13:43:41.401"></status>
</kw>
<kw name="${column} = 5" type="foritem">
<kw name="Wait Until Page Contains Element" library="Selenium2Library">
<doc>Waits until element ``locator`` appears on current page.</doc>
<arguments>
<arg>//div[@id="data-table"]//table/tbody/tr[1]/td[${column}]</arg>
</arguments>
<status status="PASS" starttime="20190429 13:43:41.401" endtime="20190429 13:43:41.411"></status>
</kw>
<kw name="Get Text" library="Selenium2Library">
<doc>Returns the text value of element identified by ``locator``.</doc>
<arguments>
<arg>//div[@id="data-table"]//table/tbody/tr[1]/td[${column}]</arg>
</arguments>
<assign>
<var>${newValue}</var>
</assign>
<msg timestamp="20190429 13:43:41.434" level="INFO">${newValue} = 145,897</msg>
<status status="PASS" starttime="20190429 13:43:41.412" endtime="20190429 13:43:41.434"></status>
</kw>
<kw name="Run Keyword And Return Status" library="BuiltIn">
<doc>Runs the given keyword with given arguments and returns the status as a Boolean value.</doc>
<arguments>
<arg>Should Not Be Empty</arg>
<arg>${newValue}</arg>
</arguments>
<assign>
<var>${emptyRequest}</var>
</assign>
<kw name="Should Not Be Empty" library="BuiltIn">
<doc>Verifies that the given item is not empty.</doc>
<arguments>
<arg>${newValue}</arg>
</arguments>
<msg timestamp="20190429 13:43:41.435" level="INFO">Length is 7</msg>
<status status="PASS" starttime="20190429 13:43:41.435" endtime="20190429 13:43:41.435"></status>
</kw>
<msg timestamp="20190429 13:43:41.435" level="INFO">${emptyRequest} = True</msg>
<status status="PASS" starttime="20190429 13:43:41.435" endtime="20190429 13:43:41.435"></status>
</kw>
<kw name="Run Keyword And Return Status" library="BuiltIn">
<doc>Runs the given keyword with given arguments and returns the status as a Boolean value.</doc>
<arguments>
<arg>Should Not Match</arg>
<arg>${orignalValue}</arg>
<arg>${newValue}</arg>
</arguments>
<assign>
<var>${matchRequest}</var>
</assign>
<kw name="Should Not Match" library="BuiltIn">
<doc>Fails if the given ``string`` matches the given ``pattern``.</doc>
<arguments>
<arg>${orignalValue}</arg>
<arg>${newValue}</arg>
</arguments>
<status status="PASS" starttime="20190429 13:43:41.435" endtime="20190429 13:43:41.436"></status>
</kw>
<msg timestamp="20190429 13:43:41.436" level="INFO">${matchRequest} = True</msg>
<status status="PASS" starttime="20190429 13:43:41.435" endtime="20190429 13:43:41.436"></status>
</kw>
<kw name="Set Variable" library="BuiltIn">
<doc>Returns the given values which can then be assigned to a variables.</doc>
<arguments>
<arg>${newValue}</arg>
</arguments>
<assign>
<var>${orignalValue}</var>
</assign>
<msg timestamp="20190429 13:43:41.436" level="INFO">${orignalValue} = 145,897</msg>
<status status="PASS" starttime="20190429 13:43:41.436" endtime="20190429 13:43:41.436"></status>
</kw>
<status status="PASS" starttime="20190429 13:43:41.401" endtime="20190429 13:43:41.436"></status>
</kw>
<kw name="${column} = 6" type="foritem">
<kw name="Wait Until Page Contains Element" library="Selenium2Library">
<doc>Waits until element ``locator`` appears on current page.</doc>
<arguments>
<arg>//div[@id="data-table"]//table/tbody/tr[1]/td[${column}]</arg>
</arguments>
<status status="PASS" starttime="20190429 13:43:41.436" endtime="20190429 13:43:41.449"></status>
</kw>
<kw name="Get Text" library="Selenium2Library">
<doc>Returns the text value of element identified by ``locator``.</doc>
<arguments>
<arg>//div[@id="data-table"]//table/tbody/tr[1]/td[${column}]</arg>
</arguments>
<assign>
<var>${newValue}</var>
</assign>
<msg timestamp="20190429 13:43:41.473" level="INFO">${newValue} = 483</msg>
<status status="PASS" starttime="20190429 13:43:41.449" endtime="20190429 13:43:41.473"></status>
</kw>
<kw name="Run Keyword And Return Status" library="BuiltIn">
<doc>Runs the given keyword with given arguments and returns the status as a Boolean value.</doc>
<arguments>
<arg>Should Not Be Empty</arg>
<arg>${newValue}</arg>
</arguments>
<assign>
<var>${emptyRequest}</var>
</assign>
<kw name="Should Not Be Empty" library="BuiltIn">
<doc>Verifies that the given item is not empty.</doc>
<arguments>
<arg>${newValue}</arg>
</arguments>
<msg timestamp="20190429 13:43:41.474" level="INFO">Length is 3</msg>
<status status="PASS" starttime="20190429 13:43:41.474" endtime="20190429 13:43:41.474"></status>
</kw>
<msg timestamp="20190429 13:43:41.474" level="INFO">${emptyRequest} = True</msg>
<status status="PASS" starttime="20190429 13:43:41.473" endtime="20190429 13:43:41.474"></status>
</kw>
<kw name="Run Keyword And Return Status" library="BuiltIn">
<doc>Runs the given keyword with given arguments and returns the status as a Boolean value.</doc>
<arguments>
<arg>Should Not Match</arg>
<arg>${orignalValue}</arg>
<arg>${newValue}</arg>
</arguments>
<assign>
<var>${matchRequest}</var>
</assign>
<kw name="Should Not Match" library="BuiltIn">
<doc>Fails if the given ``string`` matches the given ``pattern``.</doc>
<arguments>
<arg>${orignalValue}</arg>
<arg>${newValue}</arg>
</arguments>
<status status="PASS" starttime="20190429 13:43:41.474" endtime="20190429 13:43:41.474"></status>
</kw>
<msg timestamp="20190429 13:43:41.474" level="INFO">${matchRequest} = True</msg>
<status status="PASS" starttime="20190429 13:43:41.474" endtime="20190429 13:43:41.475"></status>
</kw>
<kw name="Set Variable" library="BuiltIn">
<doc>Returns the given values which can then be assigned to a variables.</doc>
<arguments>
<arg>${newValue}</arg>
</arguments>
<assign>
<var>${orignalValue}</var>
</assign>
<msg timestamp="20190429 13:43:41.475" level="INFO">${orignalValue} = 483</msg>
<status status="PASS" starttime="20190429 13:43:41.475" endtime="20190429 13:43:41.475"></status>
</kw>
<status status="PASS" starttime="20190429 13:43:41.436" endtime="20190429 13:43:41.475"></status>
</kw>
<kw name="${column} = 7" type="foritem">
<kw name="Wait Until Page Contains Element" library="Selenium2Library">
<doc>Waits until element ``locator`` appears on current page.</doc>
<arguments>
<arg>//div[@id="data-table"]//table/tbody/tr[1]/td[${column}]</arg>
</arguments>
<status status="PASS" starttime="20190429 13:43:41.475" endtime="20190429 13:43:41.485"></status>
</kw>
<kw name="Get Text" library="Selenium2Library">
<doc>Returns the text value of element identified by ``locator``.</doc>
<arguments>
<arg>//div[@id="data-table"]//table/tbody/tr[1]/td[${column}]</arg>
</arguments>
<assign>
<var>${newValue}</var>
</assign>
<msg timestamp="20190429 13:43:41.512" level="INFO">${newValue} = 6,020,053</msg>
<status status="PASS" starttime="20190429 13:43:41.486" endtime="20190429 13:43:41.512"></status>
</kw>
<kw name="Run Keyword And Return Status" library="BuiltIn">
<doc>Runs the given keyword with given arguments and returns the status as a Boolean value.</doc>
<arguments>
<arg>Should Not Be Empty</arg>
<arg>${newValue}</arg>
</arguments>
<assign>
<var>${emptyRequest}</var>
</assign>
<kw name="Should Not Be Empty" library="BuiltIn">
<doc>Verifies that the given item is not empty.</doc>
<arguments>
<arg>${newValue}</arg>
</arguments>
<msg timestamp="20190429 13:43:41.513" level="INFO">Length is 9</msg>
<status status="PASS" starttime="20190429 13:43:41.513" endtime="20190429 13:43:41.513"></status>
</kw>
<msg timestamp="20190429 13:43:41.513" level="INFO">${emptyRequest} = True</msg>
<status status="PASS" starttime="20190429 13:43:41.513" endtime="20190429 13:43:41.513"></status>
</kw>
<kw name="Run Keyword And Return Status" library="BuiltIn">
<doc>Runs the given keyword with given arguments and returns the status as a Boolean value.</doc>
<arguments>
<arg>Should Not Match</arg>
<arg>${orignalValue}</arg>
<arg>${newValue}</arg>
</arguments>
<assign>
<var>${matchRequest}</var>
</assign>
<kw name="Should Not Match" library="BuiltIn">
<doc>Fails if the given ``string`` matches the given ``pattern``.</doc>
<arguments>
<arg>${orignalValue}</arg>
<arg>${newValue}</arg>
</arguments>
<status status="PASS" starttime="20190429 13:43:41.513" endtime="20190429 13:43:41.514"></status>
</kw>
<msg timestamp="20190429 13:43:41.514" level="INFO">${matchRequest} = True</msg>
<status status="PASS" starttime="20190429 13:43:41.513" endtime="20190429 13:43:41.514"></status>
</kw>
<kw name="Set Variable" library="BuiltIn">
<doc>Returns the given values which can then be assigned to a variables.</doc>
<arguments>
<arg>${newValue}</arg>
</arguments>
<assign>
<var>${orignalValue}</var>
</assign>
<msg timestamp="20190429 13:43:41.514" level="INFO">${orignalValue} = 6,020,053</msg>
<status status="PASS" starttime="20190429 13:43:41.514" endtime="20190429 13:43:41.514"></status>
</kw>
<status status="PASS" starttime="20190429 13:43:41.475" endtime="20190429 13:43:41.514"></status>
</kw>
<status status="PASS" starttime="20190429 13:43:41.327" endtime="20190429 13:43:41.514"></status>
</kw>
<status status="PASS" starttime="20190429 13:43:41.327" endtime="20190429 13:43:41.514"></status>
</kw>
<status status="PASS" starttime="20190429 13:43:30.811" endtime="20190429 13:43:41.514"></status>
</kw>
<kw name="${day} = 本周" type="foritem">
<kw name="Quick Search botton" library="keyword_common">
<doc>Click Time Search In Quick Search To Search</doc>
<arguments>
<arg>${day}</arg>
</arguments>
<kw name="Wait Until Element Is Visible" library="Selenium2Library">
<doc>Waits until element ``locator`` is visible.</doc>
<arguments>
<arg>//div[@class="baDateform btn-group hidden_991"]/a[contains(.,'${title}')]</arg>
</arguments>
<status status="PASS" starttime="20190429 13:43:41.515" endtime="20190429 13:43:41.535"></status>
</kw>
<kw name="Click Link" library="Selenium2Library">
<doc>Clicks a link identified by ``locator``.</doc>
<arguments>
<arg>//div[@class="baDateform btn-group hidden_991"]/a[contains(.,'${title}')]</arg>
</arguments>
<msg timestamp="20190429 13:43:41.535" level="INFO">Clicking link '//div[@class="baDateform btn-group hidden_991"]/a[contains(.,'本周')]'.</msg>
<status status="PASS" starttime="20190429 13:43:41.535" endtime="20190429 13:43:41.654"></status>
</kw>
<kw name="Sleep" library="BuiltIn">
<doc>Pauses the test executed for the given time.</doc>
<arguments>
<arg>10s</arg>
</arguments>
<msg timestamp="20190429 13:43:51.655" level="INFO">Slept 10 seconds</msg>
<status status="PASS" starttime="20190429 13:43:41.654" endtime="20190429 13:43:51.655"></status>
</kw>
<kw name="Capture Page Screenshot" library="Selenium2Library">
<doc>Takes screenshot of the current page and embeds it into log file.</doc>
<msg timestamp="20190429 13:43:51.977" level="INFO" html="yes">&lt;/td&gt;&lt;/tr&gt;&lt;tr&gt;&lt;td colspan="3"&gt;&lt;a href="selenium-screenshot-2.png"&gt;&lt;img src="selenium-screenshot-2.png" width="800px"&gt;&lt;/a&gt;</msg>
<status status="PASS" starttime="20190429 13:43:51.655" endtime="20190429 13:43:51.977"></status>
</kw>
<status status="PASS" starttime="20190429 13:43:41.514" endtime="20190429 13:43:51.977"></status>
</kw>
<kw name="Check Values" library="keyword_sitelist">
<kw name="Set Variable" library="BuiltIn">
<doc>Returns the given values which can then be assigned to a variables.</doc>
<arguments>
<arg>//div[@id="data-table"]//table/tbody/tr[1]/td[3]</arg>
</arguments>
<assign>
<var>${orignalValue}</var>
</assign>
<msg timestamp="20190429 13:43:51.978" level="INFO">${orignalValue} = //div[@id="data-table"]//table/tbody/tr[1]/td[3]</msg>
<status status="PASS" starttime="20190429 13:43:51.978" endtime="20190429 13:43:51.978"></status>
</kw>
<kw name="Set Variable" library="BuiltIn">
<doc>Returns the given values which can then be assigned to a variables.</doc>
<arguments>
<arg>3</arg>
<arg>4</arg>
<arg>5</arg>
<arg>6</arg>
<arg>7</arg>
</arguments>
<assign>
<var>@{columns}</var>
</assign>
<msg timestamp="20190429 13:43:51.978" level="INFO">@{columns} = [ 3 | 4 | 5 | 6 | 7 ]</msg>
<status status="PASS" starttime="20190429 13:43:51.978" endtime="20190429 13:43:51.978"></status>
</kw>
<kw name="${column} IN [ @{columns} ]" type="for">
<kw name="${column} = 3" type="foritem">
<kw name="Wait Until Page Contains Element" library="Selenium2Library">
<doc>Waits until element ``locator`` appears on current page.</doc>
<arguments>
<arg>//div[@id="data-table"]//table/tbody/tr[1]/td[${column}]</arg>
</arguments>
<status status="PASS" starttime="20190429 13:43:51.978" endtime="20190429 13:43:51.986"></status>
</kw>
<kw name="Get Text" library="Selenium2Library">
<doc>Returns the text value of element identified by ``locator``.</doc>
<arguments>
<arg>//div[@id="data-table"]//table/tbody/tr[1]/td[${column}]</arg>
</arguments>
<assign>
<var>${newValue}</var>
</assign>
<msg timestamp="20190429 13:43:52.010" level="INFO">${newValue} = 188,898</msg>
<status status="PASS" starttime="20190429 13:43:51.986" endtime="20190429 13:43:52.010"></status>
</kw>
<kw name="Run Keyword And Return Status" library="BuiltIn">
<doc>Runs the given keyword with given arguments and returns the status as a Boolean value.</doc>
<arguments>
<arg>Should Not Be Empty</arg>
<arg>${newValue}</arg>
</arguments>
<assign>
<var>${emptyRequest}</var>
</assign>
<kw name="Should Not Be Empty" library="BuiltIn">
<doc>Verifies that the given item is not empty.</doc>
<arguments>
<arg>${newValue}</arg>
</arguments>
<msg timestamp="20190429 13:43:52.010" level="INFO">Length is 7</msg>
<status status="PASS" starttime="20190429 13:43:52.010" endtime="20190429 13:43:52.010"></status>
</kw>
<msg timestamp="20190429 13:43:52.010" level="INFO">${emptyRequest} = True</msg>
<status status="PASS" starttime="20190429 13:43:52.010" endtime="20190429 13:43:52.010"></status>
</kw>
<kw name="Run Keyword And Return Status" library="BuiltIn">
<doc>Runs the given keyword with given arguments and returns the status as a Boolean value.</doc>
<arguments>
<arg>Should Not Match</arg>
<arg>${orignalValue}</arg>
<arg>${newValue}</arg>
</arguments>
<assign>
<var>${matchRequest}</var>
</assign>
<kw name="Should Not Match" library="BuiltIn">
<doc>Fails if the given ``string`` matches the given ``pattern``.</doc>
<arguments>
<arg>${orignalValue}</arg>
<arg>${newValue}</arg>
</arguments>
<status status="PASS" starttime="20190429 13:43:52.011" endtime="20190429 13:43:52.011"></status>
</kw>
<msg timestamp="20190429 13:43:52.011" level="INFO">${matchRequest} = True</msg>
<status status="PASS" starttime="20190429 13:43:52.011" endtime="20190429 13:43:52.011"></status>
</kw>
<kw name="Set Variable" library="BuiltIn">
<doc>Returns the given values which can then be assigned to a variables.</doc>
<arguments>
<arg>${newValue}</arg>
</arguments>
<assign>
<var>${orignalValue}</var>
</assign>
<msg timestamp="20190429 13:43:52.011" level="INFO">${orignalValue} = 188,898</msg>
<status status="PASS" starttime="20190429 13:43:52.011" endtime="20190429 13:43:52.011"></status>
</kw>
<status status="PASS" starttime="20190429 13:43:51.978" endtime="20190429 13:43:52.011"></status>
</kw>
<kw name="${column} = 4" type="foritem">
<kw name="Wait Until Page Contains Element" library="Selenium2Library">
<doc>Waits until element ``locator`` appears on current page.</doc>
<arguments>
<arg>//div[@id="data-table"]//table/tbody/tr[1]/td[${column}]</arg>
</arguments>
<status status="PASS" starttime="20190429 13:43:52.011" endtime="20190429 13:43:52.019"></status>
</kw>
<kw name="Get Text" library="Selenium2Library">
<doc>Returns the text value of element identified by ``locator``.</doc>
<arguments>
<arg>//div[@id="data-table"]//table/tbody/tr[1]/td[${column}]</arg>
</arguments>
<assign>
<var>${newValue}</var>
</assign>
<msg timestamp="20190429 13:43:52.042" level="INFO">${newValue} = 5,664,651</msg>
<status status="PASS" starttime="20190429 13:43:52.019" endtime="20190429 13:43:52.042"></status>
</kw>
<kw name="Run Keyword And Return Status" library="BuiltIn">
<doc>Runs the given keyword with given arguments and returns the status as a Boolean value.</doc>
<arguments>
<arg>Should Not Be Empty</arg>
<arg>${newValue}</arg>
</arguments>
<assign>
<var>${emptyRequest}</var>
</assign>
<kw name="Should Not Be Empty" library="BuiltIn">
<doc>Verifies that the given item is not empty.</doc>
<arguments>
<arg>${newValue}</arg>
</arguments>
<msg timestamp="20190429 13:43:52.043" level="INFO">Length is 9</msg>
<status status="PASS" starttime="20190429 13:43:52.043" endtime="20190429 13:43:52.043"></status>
</kw>
<msg timestamp="20190429 13:43:52.043" level="INFO">${emptyRequest} = True</msg>
<status status="PASS" starttime="20190429 13:43:52.042" endtime="20190429 13:43:52.043"></status>
</kw>
<kw name="Run Keyword And Return Status" library="BuiltIn">
<doc>Runs the given keyword with given arguments and returns the status as a Boolean value.</doc>
<arguments>
<arg>Should Not Match</arg>
<arg>${orignalValue}</arg>
<arg>${newValue}</arg>
</arguments>
<assign>
<var>${matchRequest}</var>
</assign>
<kw name="Should Not Match" library="BuiltIn">
<doc>Fails if the given ``string`` matches the given ``pattern``.</doc>
<arguments>
<arg>${orignalValue}</arg>
<arg>${newValue}</arg>
</arguments>
<status status="PASS" starttime="20190429 13:43:52.044" endtime="20190429 13:43:52.044"></status>
</kw>
<msg timestamp="20190429 13:43:52.044" level="INFO">${matchRequest} = True</msg>
<status status="PASS" starttime="20190429 13:43:52.043" endtime="20190429 13:43:52.044"></status>
</kw>
<kw name="Set Variable" library="BuiltIn">
<doc>Returns the given values which can then be assigned to a variables.</doc>
<arguments>
<arg>${newValue}</arg>
</arguments>
<assign>
<var>${orignalValue}</var>
</assign>
<msg timestamp="20190429 13:43:52.044" level="INFO">${orignalValue} = 5,664,651</msg>
<status status="PASS" starttime="20190429 13:43:52.044" endtime="20190429 13:43:52.044"></status>
</kw>
<status status="PASS" starttime="20190429 13:43:52.011" endtime="20190429 13:43:52.044"></status>
</kw>
<kw name="${column} = 5" type="foritem">
<kw name="Wait Until Page Contains Element" library="Selenium2Library">
<doc>Waits until element ``locator`` appears on current page.</doc>
<arguments>
<arg>//div[@id="data-table"]//table/tbody/tr[1]/td[${column}]</arg>
</arguments>
<status status="PASS" starttime="20190429 13:43:52.044" endtime="20190429 13:43:52.051"></status>
</kw>
<kw name="Get Text" library="Selenium2Library">
<doc>Returns the text value of element identified by ``locator``.</doc>
<arguments>
<arg>//div[@id="data-table"]//table/tbody/tr[1]/td[${column}]</arg>
</arguments>
<assign>
<var>${newValue}</var>
</assign>
<msg timestamp="20190429 13:43:52.075" level="INFO">${newValue} = 145,897</msg>
<status status="PASS" starttime="20190429 13:43:52.052" endtime="20190429 13:43:52.075"></status>
</kw>
<kw name="Run Keyword And Return Status" library="BuiltIn">
<doc>Runs the given keyword with given arguments and returns the status as a Boolean value.</doc>
<arguments>
<arg>Should Not Be Empty</arg>
<arg>${newValue}</arg>
</arguments>
<assign>
<var>${emptyRequest}</var>
</assign>
<kw name="Should Not Be Empty" library="BuiltIn">
<doc>Verifies that the given item is not empty.</doc>
<arguments>
<arg>${newValue}</arg>
</arguments>
<msg timestamp="20190429 13:43:52.076" level="INFO">Length is 7</msg>
<status status="PASS" starttime="20190429 13:43:52.076" endtime="20190429 13:43:52.076"></status>
</kw>
<msg timestamp="20190429 13:43:52.076" level="INFO">${emptyRequest} = True</msg>
<status status="PASS" starttime="20190429 13:43:52.075" endtime="20190429 13:43:52.076"></status>
</kw>
<kw name="Run Keyword And Return Status" library="BuiltIn">
<doc>Runs the given keyword with given arguments and returns the status as a Boolean value.</doc>
<arguments>
<arg>Should Not Match</arg>
<arg>${orignalValue}</arg>
<arg>${newValue}</arg>
</arguments>
<assign>
<var>${matchRequest}</var>
</assign>
<kw name="Should Not Match" library="BuiltIn">
<doc>Fails if the given ``string`` matches the given ``pattern``.</doc>
<arguments>
<arg>${orignalValue}</arg>
<arg>${newValue}</arg>
</arguments>
<status status="PASS" starttime="20190429 13:43:52.076" endtime="20190429 13:43:52.077"></status>
</kw>
<msg timestamp="20190429 13:43:52.077" level="INFO">${matchRequest} = True</msg>
<status status="PASS" starttime="20190429 13:43:52.076" endtime="20190429 13:43:52.077"></status>
</kw>
<kw name="Set Variable" library="BuiltIn">
<doc>Returns the given values which can then be assigned to a variables.</doc>
<arguments>
<arg>${newValue}</arg>
</arguments>
<assign>
<var>${orignalValue}</var>
</assign>
<msg timestamp="20190429 13:43:52.077" level="INFO">${orignalValue} = 145,897</msg>
<status status="PASS" starttime="20190429 13:43:52.077" endtime="20190429 13:43:52.077"></status>
</kw>
<status status="PASS" starttime="20190429 13:43:52.044" endtime="20190429 13:43:52.077"></status>
</kw>
<kw name="${column} = 6" type="foritem">
<kw name="Wait Until Page Contains Element" library="Selenium2Library">
<doc>Waits until element ``locator`` appears on current page.</doc>
<arguments>
<arg>//div[@id="data-table"]//table/tbody/tr[1]/td[${column}]</arg>
</arguments>
<status status="PASS" starttime="20190429 13:43:52.077" endtime="20190429 13:43:52.085"></status>
</kw>
<kw name="Get Text" library="Selenium2Library">
<doc>Returns the text value of element identified by ``locator``.</doc>
<arguments>
<arg>//div[@id="data-table"]//table/tbody/tr[1]/td[${column}]</arg>
</arguments>
<assign>
<var>${newValue}</var>
</assign>
<msg timestamp="20190429 13:43:52.107" level="INFO">${newValue} = 483</msg>
<status status="PASS" starttime="20190429 13:43:52.085" endtime="20190429 13:43:52.107"></status>
</kw>
<kw name="Run Keyword And Return Status" library="BuiltIn">
<doc>Runs the given keyword with given arguments and returns the status as a Boolean value.</doc>
<arguments>
<arg>Should Not Be Empty</arg>
<arg>${newValue}</arg>
</arguments>
<assign>
<var>${emptyRequest}</var>
</assign>
<kw name="Should Not Be Empty" library="BuiltIn">
<doc>Verifies that the given item is not empty.</doc>
<arguments>
<arg>${newValue}</arg>
</arguments>
<msg timestamp="20190429 13:43:52.107" level="INFO">Length is 3</msg>
<status status="PASS" starttime="20190429 13:43:52.107" endtime="20190429 13:43:52.107"></status>
</kw>
<msg timestamp="20190429 13:43:52.107" level="INFO">${emptyRequest} = True</msg>
<status status="PASS" starttime="20190429 13:43:52.107" endtime="20190429 13:43:52.107"></status>
</kw>
<kw name="Run Keyword And Return Status" library="BuiltIn">
<doc>Runs the given keyword with given arguments and returns the status as a Boolean value.</doc>
<arguments>
<arg>Should Not Match</arg>
<arg>${orignalValue}</arg>
<arg>${newValue}</arg>
</arguments>
<assign>
<var>${matchRequest}</var>
</assign>
<kw name="Should Not Match" library="BuiltIn">
<doc>Fails if the given ``string`` matches the given ``pattern``.</doc>
<arguments>
<arg>${orignalValue}</arg>
<arg>${newValue}</arg>
</arguments>
<status status="PASS" starttime="20190429 13:43:52.108" endtime="20190429 13:43:52.108"></status>
</kw>
<msg timestamp="20190429 13:43:52.108" level="INFO">${matchRequest} = True</msg>
<status status="PASS" starttime="20190429 13:43:52.107" endtime="20190429 13:43:52.108"></status>
</kw>
<kw name="Set Variable" library="BuiltIn">
<doc>Returns the given values which can then be assigned to a variables.</doc>
<arguments>
<arg>${newValue}</arg>
</arguments>
<assign>
<var>${orignalValue}</var>
</assign>
<msg timestamp="20190429 13:43:52.108" level="INFO">${orignalValue} = 483</msg>
<status status="PASS" starttime="20190429 13:43:52.108" endtime="20190429 13:43:52.108"></status>
</kw>
<status status="PASS" starttime="20190429 13:43:52.077" endtime="20190429 13:43:52.108"></status>
</kw>
<kw name="${column} = 7" type="foritem">
<kw name="Wait Until Page Contains Element" library="Selenium2Library">
<doc>Waits until element ``locator`` appears on current page.</doc>
<arguments>
<arg>//div[@id="data-table"]//table/tbody/tr[1]/td[${column}]</arg>
</arguments>
<status status="PASS" starttime="20190429 13:43:52.109" endtime="20190429 13:43:52.116"></status>
</kw>
<kw name="Get Text" library="Selenium2Library">
<doc>Returns the text value of element identified by ``locator``.</doc>
<arguments>
<arg>//div[@id="data-table"]//table/tbody/tr[1]/td[${column}]</arg>
</arguments>
<assign>
<var>${newValue}</var>
</assign>
<msg timestamp="20190429 13:43:52.142" level="INFO">${newValue} = 6,020,053</msg>
<status status="PASS" starttime="20190429 13:43:52.116" endtime="20190429 13:43:52.142"></status>
</kw>
<kw name="Run Keyword And Return Status" library="BuiltIn">
<doc>Runs the given keyword with given arguments and returns the status as a Boolean value.</doc>
<arguments>
<arg>Should Not Be Empty</arg>
<arg>${newValue}</arg>
</arguments>
<assign>
<var>${emptyRequest}</var>
</assign>
<kw name="Should Not Be Empty" library="BuiltIn">
<doc>Verifies that the given item is not empty.</doc>
<arguments>
<arg>${newValue}</arg>
</arguments>
<msg timestamp="20190429 13:43:52.143" level="INFO">Length is 9</msg>
<status status="PASS" starttime="20190429 13:43:52.143" endtime="20190429 13:43:52.143"></status>
</kw>
<msg timestamp="20190429 13:43:52.143" level="INFO">${emptyRequest} = True</msg>
<status status="PASS" starttime="20190429 13:43:52.142" endtime="20190429 13:43:52.143"></status>
</kw>
<kw name="Run Keyword And Return Status" library="BuiltIn">
<doc>Runs the given keyword with given arguments and returns the status as a Boolean value.</doc>
<arguments>
<arg>Should Not Match</arg>
<arg>${orignalValue}</arg>
<arg>${newValue}</arg>
</arguments>
<assign>
<var>${matchRequest}</var>
</assign>
<kw name="Should Not Match" library="BuiltIn">
<doc>Fails if the given ``string`` matches the given ``pattern``.</doc>
<arguments>
<arg>${orignalValue}</arg>
<arg>${newValue}</arg>
</arguments>
<status status="PASS" starttime="20190429 13:43:52.143" endtime="20190429 13:43:52.144"></status>
</kw>
<msg timestamp="20190429 13:43:52.144" level="INFO">${matchRequest} = True</msg>
<status status="PASS" starttime="20190429 13:43:52.143" endtime="20190429 13:43:52.144"></status>
</kw>
<kw name="Set Variable" library="BuiltIn">
<doc>Returns the given values which can then be assigned to a variables.</doc>
<arguments>
<arg>${newValue}</arg>
</arguments>
<assign>
<var>${orignalValue}</var>
</assign>
<msg timestamp="20190429 13:43:52.144" level="INFO">${orignalValue} = 6,020,053</msg>
<status status="PASS" starttime="20190429 13:43:52.144" endtime="20190429 13:43:52.144"></status>
</kw>
<status status="PASS" starttime="20190429 13:43:52.108" endtime="20190429 13:43:52.144"></status>
</kw>
<status status="PASS" starttime="20190429 13:43:51.978" endtime="20190429 13:43:52.144"></status>
</kw>
<status status="PASS" starttime="20190429 13:43:51.977" endtime="20190429 13:43:52.144"></status>
</kw>
<status status="PASS" starttime="20190429 13:43:41.514" endtime="20190429 13:43:52.144"></status>
</kw>
<kw name="${day} = 上周" type="foritem">
<kw name="Quick Search botton" library="keyword_common">
<doc>Click Time Search In Quick Search To Search</doc>
<arguments>
<arg>${day}</arg>
</arguments>
<kw name="Wait Until Element Is Visible" library="Selenium2Library">
<doc>Waits until element ``locator`` is visible.</doc>
<arguments>
<arg>//div[@class="baDateform btn-group hidden_991"]/a[contains(.,'${title}')]</arg>
</arguments>
<status status="PASS" starttime="20190429 13:43:52.145" endtime="20190429 13:43:52.166"></status>
</kw>
<kw name="Click Link" library="Selenium2Library">
<doc>Clicks a link identified by ``locator``.</doc>
<arguments>
<arg>//div[@class="baDateform btn-group hidden_991"]/a[contains(.,'${title}')]</arg>
</arguments>
<msg timestamp="20190429 13:43:52.167" level="INFO">Clicking link '//div[@class="baDateform btn-group hidden_991"]/a[contains(.,'上周')]'.</msg>
<status status="PASS" starttime="20190429 13:43:52.167" endtime="20190429 13:43:52.272"></status>
</kw>
<kw name="Sleep" library="BuiltIn">
<doc>Pauses the test executed for the given time.</doc>
<arguments>
<arg>10s</arg>
</arguments>
<msg timestamp="20190429 13:44:02.274" level="INFO">Slept 10 seconds</msg>
<status status="PASS" starttime="20190429 13:43:52.273" endtime="20190429 13:44:02.274"></status>
</kw>
<kw name="Capture Page Screenshot" library="Selenium2Library">
<doc>Takes screenshot of the current page and embeds it into log file.</doc>
<msg timestamp="20190429 13:44:02.631" level="INFO" html="yes">&lt;/td&gt;&lt;/tr&gt;&lt;tr&gt;&lt;td colspan="3"&gt;&lt;a href="selenium-screenshot-3.png"&gt;&lt;img src="selenium-screenshot-3.png" width="800px"&gt;&lt;/a&gt;</msg>
<status status="PASS" starttime="20190429 13:44:02.274" endtime="20190429 13:44:02.631"></status>
</kw>
<status status="PASS" starttime="20190429 13:43:52.144" endtime="20190429 13:44:02.631"></status>
</kw>
<kw name="Check Values" library="keyword_sitelist">
<kw name="Set Variable" library="BuiltIn">
<doc>Returns the given values which can then be assigned to a variables.</doc>
<arguments>
<arg>//div[@id="data-table"]//table/tbody/tr[1]/td[3]</arg>
</arguments>
<assign>
<var>${orignalValue}</var>
</assign>
<msg timestamp="20190429 13:44:02.632" level="INFO">${orignalValue} = //div[@id="data-table"]//table/tbody/tr[1]/td[3]</msg>
<status status="PASS" starttime="20190429 13:44:02.631" endtime="20190429 13:44:02.632"></status>
</kw>
<kw name="Set Variable" library="BuiltIn">
<doc>Returns the given values which can then be assigned to a variables.</doc>
<arguments>
<arg>3</arg>
<arg>4</arg>
<arg>5</arg>
<arg>6</arg>
<arg>7</arg>
</arguments>
<assign>
<var>@{columns}</var>
</assign>
<msg timestamp="20190429 13:44:02.632" level="INFO">@{columns} = [ 3 | 4 | 5 | 6 | 7 ]</msg>
<status status="PASS" starttime="20190429 13:44:02.632" endtime="20190429 13:44:02.632"></status>
</kw>
<kw name="${column} IN [ @{columns} ]" type="for">
<kw name="${column} = 3" type="foritem">
<kw name="Wait Until Page Contains Element" library="Selenium2Library">
<doc>Waits until element ``locator`` appears on current page.</doc>
<arguments>
<arg>//div[@id="data-table"]//table/tbody/tr[1]/td[${column}]</arg>
</arguments>
<status status="PASS" starttime="20190429 13:44:02.632" endtime="20190429 13:44:02.640"></status>
</kw>
<kw name="Get Text" library="Selenium2Library">
<doc>Returns the text value of element identified by ``locator``.</doc>
<arguments>
<arg>//div[@id="data-table"]//table/tbody/tr[1]/td[${column}]</arg>
</arguments>
<assign>
<var>${newValue}</var>
</assign>
<msg timestamp="20190429 13:44:02.663" level="INFO">${newValue} = 944,218</msg>
<status status="PASS" starttime="20190429 13:44:02.641" endtime="20190429 13:44:02.663"></status>
</kw>
<kw name="Run Keyword And Return Status" library="BuiltIn">
<doc>Runs the given keyword with given arguments and returns the status as a Boolean value.</doc>
<arguments>
<arg>Should Not Be Empty</arg>
<arg>${newValue}</arg>
</arguments>
<assign>
<var>${emptyRequest}</var>
</assign>
<kw name="Should Not Be Empty" library="BuiltIn">
<doc>Verifies that the given item is not empty.</doc>
<arguments>
<arg>${newValue}</arg>
</arguments>
<msg timestamp="20190429 13:44:02.664" level="INFO">Length is 7</msg>
<status status="PASS" starttime="20190429 13:44:02.664" endtime="20190429 13:44:02.664"></status>
</kw>
<msg timestamp="20190429 13:44:02.664" level="INFO">${emptyRequest} = True</msg>
<status status="PASS" starttime="20190429 13:44:02.663" endtime="20190429 13:44:02.664"></status>
</kw>
<kw name="Run Keyword And Return Status" library="BuiltIn">
<doc>Runs the given keyword with given arguments and returns the status as a Boolean value.</doc>
<arguments>
<arg>Should Not Match</arg>
<arg>${orignalValue}</arg>
<arg>${newValue}</arg>
</arguments>
<assign>
<var>${matchRequest}</var>
</assign>
<kw name="Should Not Match" library="BuiltIn">
<doc>Fails if the given ``string`` matches the given ``pattern``.</doc>
<arguments>
<arg>${orignalValue}</arg>
<arg>${newValue}</arg>
</arguments>
<status status="PASS" starttime="20190429 13:44:02.664" endtime="20190429 13:44:02.664"></status>
</kw>
<msg timestamp="20190429 13:44:02.664" level="INFO">${matchRequest} = True</msg>
<status status="PASS" starttime="20190429 13:44:02.664" endtime="20190429 13:44:02.665"></status>
</kw>
<kw name="Set Variable" library="BuiltIn">
<doc>Returns the given values which can then be assigned to a variables.</doc>
<arguments>
<arg>${newValue}</arg>
</arguments>
<assign>
<var>${orignalValue}</var>
</assign>
<msg timestamp="20190429 13:44:02.665" level="INFO">${orignalValue} = 944,218</msg>
<status status="PASS" starttime="20190429 13:44:02.665" endtime="20190429 13:44:02.665"></status>
</kw>
<status status="PASS" starttime="20190429 13:44:02.632" endtime="20190429 13:44:02.665"></status>
</kw>
<kw name="${column} = 4" type="foritem">
<kw name="Wait Until Page Contains Element" library="Selenium2Library">
<doc>Waits until element ``locator`` appears on current page.</doc>
<arguments>
<arg>//div[@id="data-table"]//table/tbody/tr[1]/td[${column}]</arg>
</arguments>
<status status="PASS" starttime="20190429 13:44:02.665" endtime="20190429 13:44:02.673"></status>
</kw>
<kw name="Get Text" library="Selenium2Library">
<doc>Returns the text value of element identified by ``locator``.</doc>
<arguments>
<arg>//div[@id="data-table"]//table/tbody/tr[1]/td[${column}]</arg>
</arguments>
<assign>
<var>${newValue}</var>
</assign>
<msg timestamp="20190429 13:44:02.696" level="INFO">${newValue} = 42,681,028</msg>
<status status="PASS" starttime="20190429 13:44:02.673" endtime="20190429 13:44:02.696"></status>
</kw>
<kw name="Run Keyword And Return Status" library="BuiltIn">
<doc>Runs the given keyword with given arguments and returns the status as a Boolean value.</doc>
<arguments>
<arg>Should Not Be Empty</arg>
<arg>${newValue}</arg>
</arguments>
<assign>
<var>${emptyRequest}</var>
</assign>
<kw name="Should Not Be Empty" library="BuiltIn">
<doc>Verifies that the given item is not empty.</doc>
<arguments>
<arg>${newValue}</arg>
</arguments>
<msg timestamp="20190429 13:44:02.697" level="INFO">Length is 10</msg>
<status status="PASS" starttime="20190429 13:44:02.697" endtime="20190429 13:44:02.697"></status>
</kw>
<msg timestamp="20190429 13:44:02.697" level="INFO">${emptyRequest} = True</msg>
<status status="PASS" starttime="20190429 13:44:02.696" endtime="20190429 13:44:02.697"></status>
</kw>
<kw name="Run Keyword And Return Status" library="BuiltIn">
<doc>Runs the given keyword with given arguments and returns the status as a Boolean value.</doc>
<arguments>
<arg>Should Not Match</arg>
<arg>${orignalValue}</arg>
<arg>${newValue}</arg>
</arguments>
<assign>
<var>${matchRequest}</var>
</assign>
<kw name="Should Not Match" library="BuiltIn">
<doc>Fails if the given ``string`` matches the given ``pattern``.</doc>
<arguments>
<arg>${orignalValue}</arg>
<arg>${newValue}</arg>
</arguments>
<status status="PASS" starttime="20190429 13:44:02.697" endtime="20190429 13:44:02.698"></status>
</kw>
<msg timestamp="20190429 13:44:02.698" level="INFO">${matchRequest} = True</msg>
<status status="PASS" starttime="20190429 13:44:02.697" endtime="20190429 13:44:02.698"></status>
</kw>
<kw name="Set Variable" library="BuiltIn">
<doc>Returns the given values which can then be assigned to a variables.</doc>
<arguments>
<arg>${newValue}</arg>
</arguments>
<assign>
<var>${orignalValue}</var>
</assign>
<msg timestamp="20190429 13:44:02.698" level="INFO">${orignalValue} = 42,681,028</msg>
<status status="PASS" starttime="20190429 13:44:02.698" endtime="20190429 13:44:02.698"></status>
</kw>
<status status="PASS" starttime="20190429 13:44:02.665" endtime="20190429 13:44:02.698"></status>
</kw>
<kw name="${column} = 5" type="foritem">
<kw name="Wait Until Page Contains Element" library="Selenium2Library">
<doc>Waits until element ``locator`` appears on current page.</doc>
<arguments>
<arg>//div[@id="data-table"]//table/tbody/tr[1]/td[${column}]</arg>
</arguments>
<status status="PASS" starttime="20190429 13:44:02.698" endtime="20190429 13:44:02.706"></status>
</kw>
<kw name="Get Text" library="Selenium2Library">
<doc>Returns the text value of element identified by ``locator``.</doc>
<arguments>
<arg>//div[@id="data-table"]//table/tbody/tr[1]/td[${column}]</arg>
</arguments>
<assign>
<var>${newValue}</var>
</assign>
<msg timestamp="20190429 13:44:02.728" level="INFO">${newValue} = 1,201,938</msg>
<status status="PASS" starttime="20190429 13:44:02.706" endtime="20190429 13:44:02.728"></status>
</kw>
<kw name="Run Keyword And Return Status" library="BuiltIn">
<doc>Runs the given keyword with given arguments and returns the status as a Boolean value.</doc>
<arguments>
<arg>Should Not Be Empty</arg>
<arg>${newValue}</arg>
</arguments>
<assign>
<var>${emptyRequest}</var>
</assign>
<kw name="Should Not Be Empty" library="BuiltIn">
<doc>Verifies that the given item is not empty.</doc>
<arguments>
<arg>${newValue}</arg>
</arguments>
<msg timestamp="20190429 13:44:02.728" level="INFO">Length is 9</msg>
<status status="PASS" starttime="20190429 13:44:02.728" endtime="20190429 13:44:02.728"></status>
</kw>
<msg timestamp="20190429 13:44:02.728" level="INFO">${emptyRequest} = True</msg>
<status status="PASS" starttime="20190429 13:44:02.728" endtime="20190429 13:44:02.728"></status>
</kw>
<kw name="Run Keyword And Return Status" library="BuiltIn">
<doc>Runs the given keyword with given arguments and returns the status as a Boolean value.</doc>
<arguments>
<arg>Should Not Match</arg>
<arg>${orignalValue}</arg>
<arg>${newValue}</arg>
</arguments>
<assign>
<var>${matchRequest}</var>
</assign>
<kw name="Should Not Match" library="BuiltIn">
<doc>Fails if the given ``string`` matches the given ``pattern``.</doc>
<arguments>
<arg>${orignalValue}</arg>
<arg>${newValue}</arg>
</arguments>
<status status="PASS" starttime="20190429 13:44:02.729" endtime="20190429 13:44:02.729"></status>
</kw>
<msg timestamp="20190429 13:44:02.729" level="INFO">${matchRequest} = True</msg>
<status status="PASS" starttime="20190429 13:44:02.729" endtime="20190429 13:44:02.729"></status>
</kw>
<kw name="Set Variable" library="BuiltIn">
<doc>Returns the given values which can then be assigned to a variables.</doc>
<arguments>
<arg>${newValue}</arg>
</arguments>
<assign>
<var>${orignalValue}</var>
</assign>
<msg timestamp="20190429 13:44:02.729" level="INFO">${orignalValue} = 1,201,938</msg>
<status status="PASS" starttime="20190429 13:44:02.729" endtime="20190429 13:44:02.729"></status>
</kw>
<status status="PASS" starttime="20190429 13:44:02.698" endtime="20190429 13:44:02.729"></status>
</kw>
<kw name="${column} = 6" type="foritem">
<kw name="Wait Until Page Contains Element" library="Selenium2Library">
<doc>Waits until element ``locator`` appears on current page.</doc>
<arguments>
<arg>//div[@id="data-table"]//table/tbody/tr[1]/td[${column}]</arg>
</arguments>
<status status="PASS" starttime="20190429 13:44:02.730" endtime="20190429 13:44:02.737"></status>
</kw>
<kw name="Get Text" library="Selenium2Library">
<doc>Returns the text value of element identified by ``locator``.</doc>
<arguments>
<arg>//div[@id="data-table"]//table/tbody/tr[1]/td[${column}]</arg>
</arguments>
<assign>
<var>${newValue}</var>
</assign>
<msg timestamp="20190429 13:44:02.760" level="INFO">${newValue} = 4,078</msg>
<status status="PASS" starttime="20190429 13:44:02.737" endtime="20190429 13:44:02.760"></status>
</kw>
<kw name="Run Keyword And Return Status" library="BuiltIn">
<doc>Runs the given keyword with given arguments and returns the status as a Boolean value.</doc>
<arguments>
<arg>Should Not Be Empty</arg>
<arg>${newValue}</arg>
</arguments>
<assign>
<var>${emptyRequest}</var>
</assign>
<kw name="Should Not Be Empty" library="BuiltIn">
<doc>Verifies that the given item is not empty.</doc>
<arguments>
<arg>${newValue}</arg>
</arguments>
<msg timestamp="20190429 13:44:02.761" level="INFO">Length is 5</msg>
<status status="PASS" starttime="20190429 13:44:02.760" endtime="20190429 13:44:02.761"></status>
</kw>
<msg timestamp="20190429 13:44:02.761" level="INFO">${emptyRequest} = True</msg>
<status status="PASS" starttime="20190429 13:44:02.760" endtime="20190429 13:44:02.761"></status>
</kw>
<kw name="Run Keyword And Return Status" library="BuiltIn">
<doc>Runs the given keyword with given arguments and returns the status as a Boolean value.</doc>
<arguments>
<arg>Should Not Match</arg>
<arg>${orignalValue}</arg>
<arg>${newValue}</arg>
</arguments>
<assign>
<var>${matchRequest}</var>
</assign>
<kw name="Should Not Match" library="BuiltIn">
<doc>Fails if the given ``string`` matches the given ``pattern``.</doc>
<arguments>
<arg>${orignalValue}</arg>
<arg>${newValue}</arg>
</arguments>
<status status="PASS" starttime="20190429 13:44:02.761" endtime="20190429 13:44:02.761"></status>
</kw>
<msg timestamp="20190429 13:44:02.761" level="INFO">${matchRequest} = True</msg>
<status status="PASS" starttime="20190429 13:44:02.761" endtime="20190429 13:44:02.761"></status>
</kw>
<kw name="Set Variable" library="BuiltIn">
<doc>Returns the given values which can then be assigned to a variables.</doc>
<arguments>
<arg>${newValue}</arg>
</arguments>
<assign>
<var>${orignalValue}</var>
</assign>
<msg timestamp="20190429 13:44:02.762" level="INFO">${orignalValue} = 4,078</msg>
<status status="PASS" starttime="20190429 13:44:02.762" endtime="20190429 13:44:02.762"></status>
</kw>
<status status="PASS" starttime="20190429 13:44:02.729" endtime="20190429 13:44:02.762"></status>
</kw>
<kw name="${column} = 7" type="foritem">
<kw name="Wait Until Page Contains Element" library="Selenium2Library">
<doc>Waits until element ``locator`` appears on current page.</doc>
<arguments>
<arg>//div[@id="data-table"]//table/tbody/tr[1]/td[${column}]</arg>
</arguments>
<status status="PASS" starttime="20190429 13:44:02.762" endtime="20190429 13:44:02.770"></status>
</kw>
<kw name="Get Text" library="Selenium2Library">
<doc>Returns the text value of element identified by ``locator``.</doc>
<arguments>
<arg>//div[@id="data-table"]//table/tbody/tr[1]/td[${column}]</arg>
</arguments>
<assign>
<var>${newValue}</var>
</assign>
<msg timestamp="20190429 13:44:02.791" level="INFO">${newValue} = 45,559,133</msg>
<status status="PASS" starttime="20190429 13:44:02.770" endtime="20190429 13:44:02.791"></status>
</kw>
<kw name="Run Keyword And Return Status" library="BuiltIn">
<doc>Runs the given keyword with given arguments and returns the status as a Boolean value.</doc>
<arguments>
<arg>Should Not Be Empty</arg>
<arg>${newValue}</arg>
</arguments>
<assign>
<var>${emptyRequest}</var>
</assign>
<kw name="Should Not Be Empty" library="BuiltIn">
<doc>Verifies that the given item is not empty.</doc>
<arguments>
<arg>${newValue}</arg>
</arguments>
<msg timestamp="20190429 13:44:02.792" level="INFO">Length is 10</msg>
<status status="PASS" starttime="20190429 13:44:02.792" endtime="20190429 13:44:02.792"></status>
</kw>
<msg timestamp="20190429 13:44:02.792" level="INFO">${emptyRequest} = True</msg>
<status status="PASS" starttime="20190429 13:44:02.791" endtime="20190429 13:44:02.792"></status>
</kw>
<kw name="Run Keyword And Return Status" library="BuiltIn">
<doc>Runs the given keyword with given arguments and returns the status as a Boolean value.</doc>
<arguments>
<arg>Should Not Match</arg>
<arg>${orignalValue}</arg>
<arg>${newValue}</arg>
</arguments>
<assign>
<var>${matchRequest}</var>
</assign>
<kw name="Should Not Match" library="BuiltIn">
<doc>Fails if the given ``string`` matches the given ``pattern``.</doc>
<arguments>
<arg>${orignalValue}</arg>
<arg>${newValue}</arg>
</arguments>
<status status="PASS" starttime="20190429 13:44:02.793" endtime="20190429 13:44:02.793"></status>
</kw>
<msg timestamp="20190429 13:44:02.793" level="INFO">${matchRequest} = True</msg>
<status status="PASS" starttime="20190429 13:44:02.792" endtime="20190429 13:44:02.793"></status>
</kw>
<kw name="Set Variable" library="BuiltIn">
<doc>Returns the given values which can then be assigned to a variables.</doc>
<arguments>
<arg>${newValue}</arg>
</arguments>
<assign>
<var>${orignalValue}</var>
</assign>
<msg timestamp="20190429 13:44:02.793" level="INFO">${orignalValue} = 45,559,133</msg>
<status status="PASS" starttime="20190429 13:44:02.793" endtime="20190429 13:44:02.793"></status>
</kw>
<status status="PASS" starttime="20190429 13:44:02.762" endtime="20190429 13:44:02.793"></status>
</kw>
<status status="PASS" starttime="20190429 13:44:02.632" endtime="20190429 13:44:02.793"></status>
</kw>
<status status="PASS" starttime="20190429 13:44:02.631" endtime="20190429 13:44:02.793"></status>
</kw>
<status status="PASS" starttime="20190429 13:43:52.144" endtime="20190429 13:44:02.794"></status>
</kw>
<kw name="${day} = 本月" type="foritem">
<kw name="Quick Search botton" library="keyword_common">
<doc>Click Time Search In Quick Search To Search</doc>
<arguments>
<arg>${day}</arg>
</arguments>
<kw name="Wait Until Element Is Visible" library="Selenium2Library">
<doc>Waits until element ``locator`` is visible.</doc>
<arguments>
<arg>//div[@class="baDateform btn-group hidden_991"]/a[contains(.,'${title}')]</arg>
</arguments>
<status status="PASS" starttime="20190429 13:44:02.794" endtime="20190429 13:44:02.814"></status>
</kw>
<kw name="Click Link" library="Selenium2Library">
<doc>Clicks a link identified by ``locator``.</doc>
<arguments>
<arg>//div[@class="baDateform btn-group hidden_991"]/a[contains(.,'${title}')]</arg>
</arguments>
<msg timestamp="20190429 13:44:02.814" level="INFO">Clicking link '//div[@class="baDateform btn-group hidden_991"]/a[contains(.,'本月')]'.</msg>
<status status="PASS" starttime="20190429 13:44:02.814" endtime="20190429 13:44:02.944"></status>
</kw>
<kw name="Sleep" library="BuiltIn">
<doc>Pauses the test executed for the given time.</doc>
<arguments>
<arg>10s</arg>
</arguments>
<msg timestamp="20190429 13:44:12.944" level="INFO">Slept 10 seconds</msg>
<status status="PASS" starttime="20190429 13:44:02.944" endtime="20190429 13:44:12.944"></status>
</kw>
<kw name="Capture Page Screenshot" library="Selenium2Library">
<doc>Takes screenshot of the current page and embeds it into log file.</doc>
<msg timestamp="20190429 13:44:13.287" level="INFO" html="yes">&lt;/td&gt;&lt;/tr&gt;&lt;tr&gt;&lt;td colspan="3"&gt;&lt;a href="selenium-screenshot-4.png"&gt;&lt;img src="selenium-screenshot-4.png" width="800px"&gt;&lt;/a&gt;</msg>
<status status="PASS" starttime="20190429 13:44:12.944" endtime="20190429 13:44:13.288"></status>
</kw>
<status status="PASS" starttime="20190429 13:44:02.794" endtime="20190429 13:44:13.288"></status>
</kw>
<kw name="Check Values" library="keyword_sitelist">
<kw name="Set Variable" library="BuiltIn">
<doc>Returns the given values which can then be assigned to a variables.</doc>
<arguments>
<arg>//div[@id="data-table"]//table/tbody/tr[1]/td[3]</arg>
</arguments>
<assign>
<var>${orignalValue}</var>
</assign>
<msg timestamp="20190429 13:44:13.289" level="INFO">${orignalValue} = //div[@id="data-table"]//table/tbody/tr[1]/td[3]</msg>
<status status="PASS" starttime="20190429 13:44:13.289" endtime="20190429 13:44:13.289"></status>
</kw>
<kw name="Set Variable" library="BuiltIn">
<doc>Returns the given values which can then be assigned to a variables.</doc>
<arguments>
<arg>3</arg>
<arg>4</arg>
<arg>5</arg>
<arg>6</arg>
<arg>7</arg>
</arguments>
<assign>
<var>@{columns}</var>
</assign>
<msg timestamp="20190429 13:44:13.289" level="INFO">@{columns} = [ 3 | 4 | 5 | 6 | 7 ]</msg>
<status status="PASS" starttime="20190429 13:44:13.289" endtime="20190429 13:44:13.289"></status>
</kw>
<kw name="${column} IN [ @{columns} ]" type="for">
<kw name="${column} = 3" type="foritem">
<kw name="Wait Until Page Contains Element" library="Selenium2Library">
<doc>Waits until element ``locator`` appears on current page.</doc>
<arguments>
<arg>//div[@id="data-table"]//table/tbody/tr[1]/td[${column}]</arg>
</arguments>
<status status="PASS" starttime="20190429 13:44:13.289" endtime="20190429 13:44:13.297"></status>
</kw>
<kw name="Get Text" library="Selenium2Library">
<doc>Returns the text value of element identified by ``locator``.</doc>
<arguments>
<arg>//div[@id="data-table"]//table/tbody/tr[1]/td[${column}]</arg>
</arguments>
<assign>
<var>${newValue}</var>
</assign>
<msg timestamp="20190429 13:44:13.320" level="INFO">${newValue} = 5,662,937</msg>
<status status="PASS" starttime="20190429 13:44:13.298" endtime="20190429 13:44:13.320"></status>
</kw>
<kw name="Run Keyword And Return Status" library="BuiltIn">
<doc>Runs the given keyword with given arguments and returns the status as a Boolean value.</doc>
<arguments>
<arg>Should Not Be Empty</arg>
<arg>${newValue}</arg>
</arguments>
<assign>
<var>${emptyRequest}</var>
</assign>
<kw name="Should Not Be Empty" library="BuiltIn">
<doc>Verifies that the given item is not empty.</doc>
<arguments>
<arg>${newValue}</arg>
</arguments>
<msg timestamp="20190429 13:44:13.321" level="INFO">Length is 9</msg>
<status status="PASS" starttime="20190429 13:44:13.321" endtime="20190429 13:44:13.321"></status>
</kw>
<msg timestamp="20190429 13:44:13.321" level="INFO">${emptyRequest} = True</msg>
<status status="PASS" starttime="20190429 13:44:13.320" endtime="20190429 13:44:13.321"></status>
</kw>
<kw name="Run Keyword And Return Status" library="BuiltIn">
<doc>Runs the given keyword with given arguments and returns the status as a Boolean value.</doc>
<arguments>
<arg>Should Not Match</arg>
<arg>${orignalValue}</arg>
<arg>${newValue}</arg>
</arguments>
<assign>
<var>${matchRequest}</var>
</assign>
<kw name="Should Not Match" library="BuiltIn">
<doc>Fails if the given ``string`` matches the given ``pattern``.</doc>
<arguments>
<arg>${orignalValue}</arg>
<arg>${newValue}</arg>
</arguments>
<status status="PASS" starttime="20190429 13:44:13.322" endtime="20190429 13:44:13.322"></status>
</kw>
<msg timestamp="20190429 13:44:13.322" level="INFO">${matchRequest} = True</msg>
<status status="PASS" starttime="20190429 13:44:13.321" endtime="20190429 13:44:13.322"></status>
</kw>
<kw name="Set Variable" library="BuiltIn">
<doc>Returns the given values which can then be assigned to a variables.</doc>
<arguments>
<arg>${newValue}</arg>
</arguments>
<assign>
<var>${orignalValue}</var>
</assign>
<msg timestamp="20190429 13:44:13.323" level="INFO">${orignalValue} = 5,662,937</msg>
<status status="PASS" starttime="20190429 13:44:13.322" endtime="20190429 13:44:13.323"></status>
</kw>
<status status="PASS" starttime="20190429 13:44:13.289" endtime="20190429 13:44:13.323"></status>
</kw>
<kw name="${column} = 4" type="foritem">
<kw name="Wait Until Page Contains Element" library="Selenium2Library">
<doc>Waits until element ``locator`` appears on current page.</doc>
<arguments>
<arg>//div[@id="data-table"]//table/tbody/tr[1]/td[${column}]</arg>
</arguments>
<status status="PASS" starttime="20190429 13:44:13.323" endtime="20190429 13:44:13.330"></status>
</kw>
<kw name="Get Text" library="Selenium2Library">
<doc>Returns the text value of element identified by ``locator``.</doc>
<arguments>
<arg>//div[@id="data-table"]//table/tbody/tr[1]/td[${column}]</arg>
</arguments>
<assign>
<var>${newValue}</var>
</assign>
<msg timestamp="20190429 13:44:13.352" level="INFO">${newValue} = 171,278,618</msg>
<status status="PASS" starttime="20190429 13:44:13.330" endtime="20190429 13:44:13.353"></status>
</kw>
<kw name="Run Keyword And Return Status" library="BuiltIn">
<doc>Runs the given keyword with given arguments and returns the status as a Boolean value.</doc>
<arguments>
<arg>Should Not Be Empty</arg>
<arg>${newValue}</arg>
</arguments>
<assign>
<var>${emptyRequest}</var>
</assign>
<kw name="Should Not Be Empty" library="BuiltIn">
<doc>Verifies that the given item is not empty.</doc>
<arguments>
<arg>${newValue}</arg>
</arguments>
<msg timestamp="20190429 13:44:13.353" level="INFO">Length is 11</msg>
<status status="PASS" starttime="20190429 13:44:13.353" endtime="20190429 13:44:13.353"></status>
</kw>
<msg timestamp="20190429 13:44:13.353" level="INFO">${emptyRequest} = True</msg>
<status status="PASS" starttime="20190429 13:44:13.353" endtime="20190429 13:44:13.353"></status>
</kw>
<kw name="Run Keyword And Return Status" library="BuiltIn">
<doc>Runs the given keyword with given arguments and returns the status as a Boolean value.</doc>
<arguments>
<arg>Should Not Match</arg>
<arg>${orignalValue}</arg>
<arg>${newValue}</arg>
</arguments>
<assign>
<var>${matchRequest}</var>
</assign>
<kw name="Should Not Match" library="BuiltIn">
<doc>Fails if the given ``string`` matches the given ``pattern``.</doc>
<arguments>
<arg>${orignalValue}</arg>
<arg>${newValue}</arg>
</arguments>
<status status="PASS" starttime="20190429 13:44:13.353" endtime="20190429 13:44:13.354"></status>
</kw>
<msg timestamp="20190429 13:44:13.354" level="INFO">${matchRequest} = True</msg>
<status status="PASS" starttime="20190429 13:44:13.353" endtime="20190429 13:44:13.354"></status>
</kw>
<kw name="Set Variable" library="BuiltIn">
<doc>Returns the given values which can then be assigned to a variables.</doc>
<arguments>
<arg>${newValue}</arg>
</arguments>
<assign>
<var>${orignalValue}</var>
</assign>
<msg timestamp="20190429 13:44:13.354" level="INFO">${orignalValue} = 171,278,618</msg>
<status status="PASS" starttime="20190429 13:44:13.354" endtime="20190429 13:44:13.354"></status>
</kw>
<status status="PASS" starttime="20190429 13:44:13.323" endtime="20190429 13:44:13.354"></status>
</kw>
<kw name="${column} = 5" type="foritem">
<kw name="Wait Until Page Contains Element" library="Selenium2Library">
<doc>Waits until element ``locator`` appears on current page.</doc>
<arguments>
<arg>//div[@id="data-table"]//table/tbody/tr[1]/td[${column}]</arg>
</arguments>
<status status="PASS" starttime="20190429 13:44:13.354" endtime="20190429 13:44:13.362"></status>
</kw>
<kw name="Get Text" library="Selenium2Library">
<doc>Returns the text value of element identified by ``locator``.</doc>
<arguments>
<arg>//div[@id="data-table"]//table/tbody/tr[1]/td[${column}]</arg>
</arguments>
<assign>
<var>${newValue}</var>
</assign>
<msg timestamp="20190429 13:44:13.385" level="INFO">${newValue} = 5,152,289</msg>
<status status="PASS" starttime="20190429 13:44:13.362" endtime="20190429 13:44:13.385"></status>
</kw>
<kw name="Run Keyword And Return Status" library="BuiltIn">
<doc>Runs the given keyword with given arguments and returns the status as a Boolean value.</doc>
<arguments>
<arg>Should Not Be Empty</arg>
<arg>${newValue}</arg>
</arguments>
<assign>
<var>${emptyRequest}</var>
</assign>
<kw name="Should Not Be Empty" library="BuiltIn">
<doc>Verifies that the given item is not empty.</doc>
<arguments>
<arg>${newValue}</arg>
</arguments>
<msg timestamp="20190429 13:44:13.385" level="INFO">Length is 9</msg>
<status status="PASS" starttime="20190429 13:44:13.385" endtime="20190429 13:44:13.385"></status>
</kw>
<msg timestamp="20190429 13:44:13.385" level="INFO">${emptyRequest} = True</msg>
<status status="PASS" starttime="20190429 13:44:13.385" endtime="20190429 13:44:13.385"></status>
</kw>
<kw name="Run Keyword And Return Status" library="BuiltIn">
<doc>Runs the given keyword with given arguments and returns the status as a Boolean value.</doc>
<arguments>
<arg>Should Not Match</arg>
<arg>${orignalValue}</arg>
<arg>${newValue}</arg>
</arguments>
<assign>
<var>${matchRequest}</var>
</assign>
<kw name="Should Not Match" library="BuiltIn">
<doc>Fails if the given ``string`` matches the given ``pattern``.</doc>
<arguments>
<arg>${orignalValue}</arg>
<arg>${newValue}</arg>
</arguments>
<status status="PASS" starttime="20190429 13:44:13.385" endtime="20190429 13:44:13.386"></status>
</kw>
<msg timestamp="20190429 13:44:13.386" level="INFO">${matchRequest} = True</msg>
<status status="PASS" starttime="20190429 13:44:13.385" endtime="20190429 13:44:13.386"></status>
</kw>
<kw name="Set Variable" library="BuiltIn">
<doc>Returns the given values which can then be assigned to a variables.</doc>
<arguments>
<arg>${newValue}</arg>
</arguments>
<assign>
<var>${orignalValue}</var>
</assign>
<msg timestamp="20190429 13:44:13.386" level="INFO">${orignalValue} = 5,152,289</msg>
<status status="PASS" starttime="20190429 13:44:13.386" endtime="20190429 13:44:13.386"></status>
</kw>
<status status="PASS" starttime="20190429 13:44:13.354" endtime="20190429 13:44:13.386"></status>
</kw>
<kw name="${column} = 6" type="foritem">
<kw name="Wait Until Page Contains Element" library="Selenium2Library">
<doc>Waits until element ``locator`` appears on current page.</doc>
<arguments>
<arg>//div[@id="data-table"]//table/tbody/tr[1]/td[${column}]</arg>
</arguments>
<status status="PASS" starttime="20190429 13:44:13.386" endtime="20190429 13:44:13.394"></status>
</kw>
<kw name="Get Text" library="Selenium2Library">
<doc>Returns the text value of element identified by ``locator``.</doc>
<arguments>
<arg>//div[@id="data-table"]//table/tbody/tr[1]/td[${column}]</arg>
</arguments>
<assign>
<var>${newValue}</var>
</assign>
<msg timestamp="20190429 13:44:13.418" level="INFO">${newValue} = 17,316</msg>
<status status="PASS" starttime="20190429 13:44:13.394" endtime="20190429 13:44:13.418"></status>
</kw>
<kw name="Run Keyword And Return Status" library="BuiltIn">
<doc>Runs the given keyword with given arguments and returns the status as a Boolean value.</doc>
<arguments>
<arg>Should Not Be Empty</arg>
<arg>${newValue}</arg>
</arguments>
<assign>
<var>${emptyRequest}</var>
</assign>
<kw name="Should Not Be Empty" library="BuiltIn">
<doc>Verifies that the given item is not empty.</doc>
<arguments>
<arg>${newValue}</arg>
</arguments>
<msg timestamp="20190429 13:44:13.419" level="INFO">Length is 6</msg>
<status status="PASS" starttime="20190429 13:44:13.418" endtime="20190429 13:44:13.419"></status>
</kw>
<msg timestamp="20190429 13:44:13.419" level="INFO">${emptyRequest} = True</msg>
<status status="PASS" starttime="20190429 13:44:13.418" endtime="20190429 13:44:13.419"></status>
</kw>
<kw name="Run Keyword And Return Status" library="BuiltIn">
<doc>Runs the given keyword with given arguments and returns the status as a Boolean value.</doc>
<arguments>
<arg>Should Not Match</arg>
<arg>${orignalValue}</arg>
<arg>${newValue}</arg>
</arguments>
<assign>
<var>${matchRequest}</var>
</assign>
<kw name="Should Not Match" library="BuiltIn">
<doc>Fails if the given ``string`` matches the given ``pattern``.</doc>
<arguments>
<arg>${orignalValue}</arg>
<arg>${newValue}</arg>
</arguments>
<status status="PASS" starttime="20190429 13:44:13.419" endtime="20190429 13:44:13.419"></status>
</kw>
<msg timestamp="20190429 13:44:13.419" level="INFO">${matchRequest} = True</msg>
<status status="PASS" starttime="20190429 13:44:13.419" endtime="20190429 13:44:13.419"></status>
</kw>
<kw name="Set Variable" library="BuiltIn">
<doc>Returns the given values which can then be assigned to a variables.</doc>
<arguments>
<arg>${newValue}</arg>
</arguments>
<assign>
<var>${orignalValue}</var>
</assign>
<msg timestamp="20190429 13:44:13.420" level="INFO">${orignalValue} = 17,316</msg>
<status status="PASS" starttime="20190429 13:44:13.419" endtime="20190429 13:44:13.420"></status>
</kw>
<status status="PASS" starttime="20190429 13:44:13.386" endtime="20190429 13:44:13.420"></status>
</kw>
<kw name="${column} = 7" type="foritem">
[...]
<status status="PASS" starttime="20190429 14:04:14.879" endtime="20190429 14:04:14.929"></status>
</kw>
<kw name="Sleep" library="BuiltIn">
<doc>Pauses the test executed for the given time.</doc>
<arguments>
<arg>7s</arg>
</arguments>
<msg timestamp="20190429 14:04:21.930" level="INFO">Slept 7 seconds</msg>
<status status="PASS" starttime="20190429 14:04:14.929" endtime="20190429 14:04:21.930"></status>
</kw>
<kw name="Wait Until Page Contains Element" library="Selenium2Library">
<doc>Waits until element ``locator`` appears on current page.</doc>
<arguments>
<arg>//table[@class='table-striped type-table']//tbody/tr[1]/td[2]</arg>
</arguments>
<status status="PASS" starttime="20190429 14:04:21.930" endtime="20190429 14:04:21.937"></status>
</kw>
<kw name="Get Text" library="Selenium2Library">
<doc>Returns the text value of element identified by ``locator``.</doc>
<arguments>
<arg>//table[@class='table-striped type-table']//tbody/tr[1]/td[2]</arg>
</arguments>
<assign>
<var>${testValueB}</var>
</assign>
<msg timestamp="20190429 14:04:21.954" level="INFO">${testValueB} = 82,097</msg>
<status status="PASS" starttime="20190429 14:04:21.937" endtime="20190429 14:04:21.954"></status>
</kw>
<kw name="Should Not Match" library="BuiltIn">
<doc>Fails if the given ``string`` matches the given ``pattern``.</doc>
<arguments>
<arg>${testValueA}</arg>
<arg>${testValueB}</arg>
</arguments>
<status status="PASS" starttime="20190429 14:04:21.954" endtime="20190429 14:04:21.954"></status>
</kw>
<status status="PASS" starttime="20190429 14:04:12.811" endtime="20190429 14:04:21.954"></status>
</kw>
<kw name="${value} = 3" type="foritem">
<kw name="Wait Until Page Contains Element" library="Selenium2Library">
<doc>Waits until element ``locator`` appears on current page.</doc>
<arguments>
<arg>//div[@class='drop-select']</arg>
</arguments>
<status status="PASS" starttime="20190429 14:04:21.955" endtime="20190429 14:04:21.962"></status>
</kw>
<kw name="Click Element" library="Selenium2Library">
<doc>Click element identified by ``locator``.</doc>
<arguments>
<arg>//div[@class='drop-select']</arg>
</arguments>
<msg timestamp="20190429 14:04:21.962" level="INFO">Clicking element '//div[@class='drop-select']'.</msg>
<status status="PASS" starttime="20190429 14:04:21.962" endtime="20190429 14:04:21.997"></status>
</kw>
<kw name="Sleep" library="BuiltIn">
<doc>Pauses the test executed for the given time.</doc>
<arguments>
<arg>2s</arg>
</arguments>
<msg timestamp="20190429 14:04:23.998" level="INFO">Slept 2 seconds</msg>
<status status="PASS" starttime="20190429 14:04:21.997" endtime="20190429 14:04:23.998"></status>
</kw>
<kw name="Run Keyword And Return Status" library="BuiltIn">
<doc>Runs the given keyword with given arguments and returns the status as a Boolean value.</doc>
<arguments>
<arg>Wait Until Page Contains Element</arg>
<arg>//div[@class='drop-select']/ul/li[${value}]</arg>
</arguments>
<assign>
<var>${result}</var>
</assign>
<kw name="Wait Until Page Contains Element" library="Selenium2Library">
<doc>Waits until element ``locator`` appears on current page.</doc>
<arguments>
<arg>//div[@class='drop-select']/ul/li[${value}]</arg>
</arguments>
<status status="PASS" starttime="20190429 14:04:23.998" endtime="20190429 14:04:24.009"></status>
</kw>
<msg timestamp="20190429 14:04:24.009" level="INFO">${result} = True</msg>
<status status="PASS" starttime="20190429 14:04:23.998" endtime="20190429 14:04:24.009"></status>
</kw>
<kw name="Run Keyword If" library="BuiltIn">
<doc>Runs the given keyword with the given arguments, if ``condition`` is true.</doc>
<arguments>
<arg>'${result}'=='False'</arg>
<arg>Capture Page Screenshot</arg>
<arg>Else</arg>
<arg>No Operation</arg>
</arguments>
<status status="PASS" starttime="20190429 14:04:24.009" endtime="20190429 14:04:24.009"></status>
</kw>
<kw name="Click Element" library="Selenium2Library">
<doc>Click element identified by ``locator``.</doc>
<arguments>
<arg>//div[@class='drop-select']/ul/li[${value}]</arg>
</arguments>
<msg timestamp="20190429 14:04:24.010" level="INFO">Clicking element '//div[@class='drop-select']/ul/li[3]'.</msg>
<status status="PASS" starttime="20190429 14:04:24.010" endtime="20190429 14:04:24.053"></status>
</kw>
<kw name="Sleep" library="BuiltIn">
<doc>Pauses the test executed for the given time.</doc>
<arguments>
<arg>7s</arg>
</arguments>
<msg timestamp="20190429 14:04:31.055" level="INFO">Slept 7 seconds</msg>
<status status="PASS" starttime="20190429 14:04:24.054" endtime="20190429 14:04:31.055"></status>
</kw>
<kw name="Wait Until Page Contains Element" library="Selenium2Library">
<doc>Waits until element ``locator`` appears on current page.</doc>
<arguments>
<arg>//table[@class='table-striped type-table']//tbody/tr[1]/td[2]</arg>
</arguments>
<status status="PASS" starttime="20190429 14:04:31.055" endtime="20190429 14:04:31.062"></status>
</kw>
<kw name="Get Text" library="Selenium2Library">
<doc>Returns the text value of element identified by ``locator``.</doc>
<arguments>
<arg>//table[@class='table-striped type-table']//tbody/tr[1]/td[2]</arg>
</arguments>
<assign>
<var>${testValueB}</var>
</assign>
<msg timestamp="20190429 14:04:31.079" level="INFO">${testValueB} = 27,919</msg>
<status status="PASS" starttime="20190429 14:04:31.062" endtime="20190429 14:04:31.079"></status>
</kw>
<kw name="Should Not Match" library="BuiltIn">
<doc>Fails if the given ``string`` matches the given ``pattern``.</doc>
<arguments>
<arg>${testValueA}</arg>
<arg>${testValueB}</arg>
</arguments>
<status status="PASS" starttime="20190429 14:04:31.079" endtime="20190429 14:04:31.079"></status>
</kw>
<status status="PASS" starttime="20190429 14:04:21.954" endtime="20190429 14:04:31.079"></status>
</kw>
<kw name="${value} = 4" type="foritem">
<kw name="Wait Until Page Contains Element" library="Selenium2Library">
<doc>Waits until element ``locator`` appears on current page.</doc>
<arguments>
<arg>//div[@class='drop-select']</arg>
</arguments>
<status status="PASS" starttime="20190429 14:04:31.080" endtime="20190429 14:04:31.097"></status>
</kw>
<kw name="Click Element" library="Selenium2Library">
<doc>Click element identified by ``locator``.</doc>
<arguments>
<arg>//div[@class='drop-select']</arg>
</arguments>
<msg timestamp="20190429 14:04:31.098" level="INFO">Clicking element '//div[@class='drop-select']'.</msg>
<status status="PASS" starttime="20190429 14:04:31.097" endtime="20190429 14:04:31.137"></status>
</kw>
<kw name="Sleep" library="BuiltIn">
<doc>Pauses the test executed for the given time.</doc>
<arguments>
<arg>2s</arg>
</arguments>
<msg timestamp="20190429 14:04:33.139" level="INFO">Slept 2 seconds</msg>
<status status="PASS" starttime="20190429 14:04:31.137" endtime="20190429 14:04:33.139"></status>
</kw>
<kw name="Run Keyword And Return Status" library="BuiltIn">
<doc>Runs the given keyword with given arguments and returns the status as a Boolean value.</doc>
<arguments>
<arg>Wait Until Page Contains Element</arg>
<arg>//div[@class='drop-select']/ul/li[${value}]</arg>
</arguments>
<assign>
<var>${result}</var>
</assign>
<kw name="Wait Until Page Contains Element" library="Selenium2Library">
<doc>Waits until element ``locator`` appears on current page.</doc>
<arguments>
<arg>//div[@class='drop-select']/ul/li[${value}]</arg>
</arguments>
<status status="PASS" starttime="20190429 14:04:33.139" endtime="20190429 14:04:33.150"></status>
</kw>
<msg timestamp="20190429 14:04:33.150" level="INFO">${result} = True</msg>
<status status="PASS" starttime="20190429 14:04:33.139" endtime="20190429 14:04:33.150"></status>
</kw>
<kw name="Run Keyword If" library="BuiltIn">
<doc>Runs the given keyword with the given arguments, if ``condition`` is true.</doc>
<arguments>
<arg>'${result}'=='False'</arg>
<arg>Capture Page Screenshot</arg>
<arg>Else</arg>
<arg>No Operation</arg>
</arguments>
<status status="PASS" starttime="20190429 14:04:33.150" endtime="20190429 14:04:33.150"></status>
</kw>
<kw name="Click Element" library="Selenium2Library">
<doc>Click element identified by ``locator``.</doc>
<arguments>
<arg>//div[@class='drop-select']/ul/li[${value}]</arg>
</arguments>
<msg timestamp="20190429 14:04:33.151" level="INFO">Clicking element '//div[@class='drop-select']/ul/li[4]'.</msg>
<status status="PASS" starttime="20190429 14:04:33.150" endtime="20190429 14:04:33.197"></status>
</kw>
<kw name="Sleep" library="BuiltIn">
<doc>Pauses the test executed for the given time.</doc>
<arguments>
<arg>7s</arg>
</arguments>
<msg timestamp="20190429 14:04:40.198" level="INFO">Slept 7 seconds</msg>
<status status="PASS" starttime="20190429 14:04:33.197" endtime="20190429 14:04:40.198"></status>
</kw>
<kw name="Wait Until Page Contains Element" library="Selenium2Library">
<doc>Waits until element ``locator`` appears on current page.</doc>
<arguments>
<arg>//table[@class='table-striped type-table']//tbody/tr[1]/td[2]</arg>
</arguments>
<status status="PASS" starttime="20190429 14:04:40.198" endtime="20190429 14:04:40.205"></status>
</kw>
<kw name="Get Text" library="Selenium2Library">
<doc>Returns the text value of element identified by ``locator``.</doc>
<arguments>
<arg>//table[@class='table-striped type-table']//tbody/tr[1]/td[2]</arg>
</arguments>
<assign>
<var>${testValueB}</var>
</assign>
<msg timestamp="20190429 14:04:40.223" level="INFO">${testValueB} = 40</msg>
<status status="PASS" starttime="20190429 14:04:40.205" endtime="20190429 14:04:40.223"></status>
</kw>
<kw name="Should Not Match" library="BuiltIn">
<doc>Fails if the given ``string`` matches the given ``pattern``.</doc>
<arguments>
<arg>${testValueA}</arg>
<arg>${testValueB}</arg>
</arguments>
<status status="PASS" starttime="20190429 14:04:40.223" endtime="20190429 14:04:40.223"></status>
</kw>
<status status="PASS" starttime="20190429 14:04:31.080" endtime="20190429 14:04:40.223"></status>
</kw>
<kw name="${value} = 5" type="foritem">
<kw name="Wait Until Page Contains Element" library="Selenium2Library">
<doc>Waits until element ``locator`` appears on current page.</doc>
<arguments>
<arg>//div[@class='drop-select']</arg>
</arguments>
<status status="PASS" starttime="20190429 14:04:40.224" endtime="20190429 14:04:40.231"></status>
</kw>
<kw name="Click Element" library="Selenium2Library">
<doc>Click element identified by ``locator``.</doc>
<arguments>
<arg>//div[@class='drop-select']</arg>
</arguments>
<msg timestamp="20190429 14:04:40.231" level="INFO">Clicking element '//div[@class='drop-select']'.</msg>
<status status="PASS" starttime="20190429 14:04:40.231" endtime="20190429 14:04:40.263"></status>
</kw>
<kw name="Sleep" library="BuiltIn">
<doc>Pauses the test executed for the given time.</doc>
<arguments>
<arg>2s</arg>
</arguments>
<msg timestamp="20190429 14:04:42.263" level="INFO">Slept 2 seconds</msg>
<status status="PASS" starttime="20190429 14:04:40.263" endtime="20190429 14:04:42.263"></status>
</kw>
<kw name="Run Keyword And Return Status" library="BuiltIn">
<doc>Runs the given keyword with given arguments and returns the status as a Boolean value.</doc>
<arguments>
<arg>Wait Until Page Contains Element</arg>
<arg>//div[@class='drop-select']/ul/li[${value}]</arg>
</arguments>
<assign>
<var>${result}</var>
</assign>
<kw name="Wait Until Page Contains Element" library="Selenium2Library">
<doc>Waits until element ``locator`` appears on current page.</doc>
<arguments>
<arg>//div[@class='drop-select']/ul/li[${value}]</arg>
</arguments>
<status status="PASS" starttime="20190429 14:04:42.263" endtime="20190429 14:04:42.274"></status>
</kw>
<msg timestamp="20190429 14:04:42.274" level="INFO">${result} = True</msg>
<status status="PASS" starttime="20190429 14:04:42.263" endtime="20190429 14:04:42.274"></status>
</kw>
<kw name="Run Keyword If" library="BuiltIn">
<doc>Runs the given keyword with the given arguments, if ``condition`` is true.</doc>
<arguments>
<arg>'${result}'=='False'</arg>
<arg>Capture Page Screenshot</arg>
<arg>Else</arg>
<arg>No Operation</arg>
</arguments>
<status status="PASS" starttime="20190429 14:04:42.274" endtime="20190429 14:04:42.274"></status>
</kw>
<kw name="Click Element" library="Selenium2Library">
<doc>Click element identified by ``locator``.</doc>
<arguments>
<arg>//div[@class='drop-select']/ul/li[${value}]</arg>
</arguments>
<msg timestamp="20190429 14:04:42.274" level="INFO">Clicking element '//div[@class='drop-select']/ul/li[5]'.</msg>
<status status="PASS" starttime="20190429 14:04:42.274" endtime="20190429 14:04:42.320"></status>
</kw>
<kw name="Sleep" library="BuiltIn">
<doc>Pauses the test executed for the given time.</doc>
<arguments>
<arg>7s</arg>
</arguments>
<msg timestamp="20190429 14:04:49.323" level="INFO">Slept 7 seconds</msg>
<status status="PASS" starttime="20190429 14:04:42.320" endtime="20190429 14:04:49.323"></status>
</kw>
<kw name="Wait Until Page Contains Element" library="Selenium2Library">
<doc>Waits until element ``locator`` appears on current page.</doc>
<arguments>
<arg>//table[@class='table-striped type-table']//tbody/tr[1]/td[2]</arg>
</arguments>
<status status="PASS" starttime="20190429 14:04:49.323" endtime="20190429 14:04:49.331"></status>
</kw>
<kw name="Get Text" library="Selenium2Library">
<doc>Returns the text value of element identified by ``locator``.</doc>
<arguments>
<arg>//table[@class='table-striped type-table']//tbody/tr[1]/td[2]</arg>
</arguments>
<assign>
<var>${testValueB}</var>
</assign>
<msg timestamp="20190429 14:04:49.348" level="INFO">${testValueB} = 8.36%</msg>
<status status="PASS" starttime="20190429 14:04:49.331" endtime="20190429 14:04:49.348"></status>
</kw>
<kw name="Should Not Match" library="BuiltIn">
<doc>Fails if the given ``string`` matches the given ``pattern``.</doc>
<arguments>
<arg>${testValueA}</arg>
<arg>${testValueB}</arg>
</arguments>
<status status="PASS" starttime="20190429 14:04:49.348" endtime="20190429 14:04:49.349"></status>
</kw>
<status status="PASS" starttime="20190429 14:04:40.223" endtime="20190429 14:04:49.349"></status>
</kw>
<status status="PASS" starttime="20190429 14:04:12.811" endtime="20190429 14:04:49.349"></status>
</kw>
<status status="PASS" starttime="20190429 14:04:12.810" endtime="20190429 14:04:49.349"></status>
</kw>
<kw name="Click Element" library="Selenium2Library">
<doc>Click element identified by ``locator``.</doc>
<arguments>
<arg>//div[@class='container bg-white test']/div/i</arg>
</arguments>
<msg timestamp="20190429 14:04:49.349" level="INFO">Clicking element '//div[@class='container bg-white test']/div/i'.</msg>
<status status="PASS" starttime="20190429 14:04:49.349" endtime="20190429 14:04:49.398"></status>
</kw>
<status status="PASS" starttime="20190429 14:03:19.324" endtime="20190429 14:04:49.398"></status>
</kw>
<status status="PASS" starttime="20190429 14:00:19.179" endtime="20190429 14:04:49.398"></status>
</kw>
<status status="PASS" starttime="20190429 14:00:19.179" endtime="20190429 14:04:49.398"></status>
</kw>
<tags>
<tag>Login</tag>
</tags>
<status status="PASS" starttime="20190429 14:00:08.004" endtime="20190429 14:04:49.399" critical="yes"></status>
</test>
<test id="s1-t12" name="Search In Moudle">
<kw name="Reload Page" library="Selenium2Library">
<doc>Simulates user reloading page.</doc>
<status status="PASS" starttime="20190429 14:04:49.401" endtime="20190429 14:04:49.966"></status>
</kw>
<kw name="Get Text" library="Selenium2Library">
<doc>Returns the text value of element identified by ``locator``.</doc>
<arguments>
<arg>//div[@id="data-table"]//table/tbody/tr[1]/td[3]</arg>
</arguments>
<assign>
<var>${orignalValue}</var>
</assign>
<msg timestamp="20190429 14:04:50.719" level="INFO">${orignalValue} = 188,898</msg>
<status status="PASS" starttime="20190429 14:04:49.966" endtime="20190429 14:04:50.719"></status>
</kw>
<kw name="Wait Until Page Contains Element" library="Selenium2Library">
<doc>Waits until element ``locator`` appears on current page.</doc>
<arguments>
<arg>//div[@bacardclass='table-panel']//div[@class="button-list"][3]</arg>
</arguments>
<status status="PASS" starttime="20190429 14:04:50.720" endtime="20190429 14:04:50.730"></status>
</kw>
<kw name="Click Element" library="Selenium2Library">
<doc>Click element identified by ``locator``.</doc>
<arguments>
<arg>//div[@bacardclass='table-panel']//div[@class="button-list"][3]</arg>
</arguments>
<msg timestamp="20190429 14:04:50.731" level="INFO">Clicking element '//div[@bacardclass='table-panel']//div[@class="button-list"][3]'.</msg>
<status status="PASS" starttime="20190429 14:04:50.731" endtime="20190429 14:04:50.859"></status>
</kw>
<kw name="Sleep" library="BuiltIn">
<doc>Pauses the test executed for the given time.</doc>
<arguments>
<arg>5s</arg>
</arguments>
<msg timestamp="20190429 14:04:55.861" level="INFO">Slept 5 seconds</msg>
<status status="PASS" starttime="20190429 14:04:50.860" endtime="20190429 14:04:55.861"></status>
</kw>
<kw name="Wait Until Page Contains Element" library="Selenium2Library">
<doc>Waits until element ``locator`` appears on current page.</doc>
<arguments>
<arg>//div[@id="data-table"]//table/tbody/tr[1]/td[3]</arg>
</arguments>
<status status="PASS" starttime="20190429 14:04:55.861" endtime="20190429 14:04:55.869"></status>
</kw>
<kw name="Get Text" library="Selenium2Library">
<doc>Returns the text value of element identified by ``locator``.</doc>
<arguments>
<arg>//div[@id="data-table"]//table/tbody/tr[1]/td[3]</arg>
</arguments>
<assign>
<var>${newValue}</var>
</assign>
<msg timestamp="20190429 14:04:55.891" level="INFO">${newValue} = 44%</msg>
<status status="PASS" starttime="20190429 14:04:55.870" endtime="20190429 14:04:55.891"></status>
</kw>
<kw name="Should Not Be Empty" library="BuiltIn">
<doc>Verifies that the given item is not empty.</doc>
<arguments>
<arg>//div[@id="data-table"]//table/tbody/tr[1]/td[3]</arg>
</arguments>
<msg timestamp="20190429 14:04:55.892" level="INFO">Length is 48</msg>
<status status="PASS" starttime="20190429 14:04:55.892" endtime="20190429 14:04:55.892"></status>
</kw>
<kw name="Should Not Match" library="BuiltIn">
<doc>Fails if the given ``string`` matches the given ``pattern``.</doc>
<arguments>
<arg>${orignalValue}</arg>
<arg>${newValue}</arg>
</arguments>
<status status="PASS" starttime="20190429 14:04:55.892" endtime="20190429 14:04:55.893"></status>
</kw>
<tags>
<tag>Login</tag>
</tags>
<status status="PASS" starttime="20190429 14:04:49.400" endtime="20190429 14:04:55.893" critical="yes"></status>
</test>
<kw name="SuiteTeardown" type="teardown">
<kw name="Run Keyword If Any Tests Failed" library="BuiltIn">
<doc>Runs the given keyword with the given arguments, if one or more tests failed.</doc>
<arguments>
<arg>Capture Page Screenshot</arg>
</arguments>
<kw name="Capture Page Screenshot" library="Selenium2Library">
<doc>Takes screenshot of the current page and embeds it into log file.</doc>
<msg timestamp="20190429 14:04:56.253" level="INFO" html="yes">&lt;/td&gt;&lt;/tr&gt;&lt;tr&gt;&lt;td colspan="3"&gt;&lt;a href="selenium-screenshot-107.png"&gt;&lt;img src="selenium-screenshot-107.png" width="800px"&gt;&lt;/a&gt;</msg>
<status status="PASS" starttime="20190429 14:04:55.897" endtime="20190429 14:04:56.253"></status>
</kw>
<status status="PASS" starttime="20190429 14:04:55.896" endtime="20190429 14:04:56.253"></status>
</kw>
<kw name="Close Browser" library="Selenium2Library">
<doc>Closes the current browser.</doc>
<status status="PASS" starttime="20190429 14:04:56.253" endtime="20190429 14:04:59.299"></status>
</kw>
<status status="PASS" starttime="20190429 14:04:55.896" endtime="20190429 14:04:59.299"></status>
</kw>
<status status="FAIL" starttime="20190429 13:42:27.848" endtime="20190429 14:04:59.299"></status>
</suite>
<statistics>
<total>
<stat pass="9" fail="3">Critical Tests</stat>
<stat pass="9" fail="3">All Tests</stat>
</total>
<tag>
<stat pass="9" fail="3">Login</stat>
</tag>
<suite>
<stat pass="9" fail="3" id="s1" name="Test Sitelist Page">Test Sitelist Page</stat>
</suite>
</statistics>
<errors>
</errors>
</robot>
