<?xml version="1.0" encoding="UTF-8"?>
<robot generator="Robot 3.1 (Python 3.6.5 on win32)" generated="20191016 13:43:39.093" rpa="false">
<suite id="s1" name="Test Dashboard Page" source="C:\unit_dashboard_test\web\web_dashboard\test_dashboard_page.robot">
<kw name="SuiteSetup" type="setup">
<kw name="Open Browser" library="Selenium2Library">
<doc>Opens a new browser instance to the given ``url``.</doc>
<arguments>
<arg>${LOGIN URL}</arg>
<arg>${BROWSER}</arg>
</arguments>
<msg timestamp="20191016 13:43:39.275" level="INFO">Opening browser 'Chrome' to base url 'https://aaqgg.com/'.</msg>
<status status="PASS" starttime="20191016 13:43:39.275" endtime="20191016 13:43:44.997"></status>
</kw>
<kw name="Maximize Browser Window" library="Selenium2Library">
<doc>Maximizes current browser window.</doc>
<status status="PASS" starttime="20191016 13:43:44.997" endtime="20191016 13:43:46.113"></status>
</kw>
<status status="PASS" starttime="20191016 13:43:39.274" endtime="20191016 13:43:46.113"></status>
</kw>
<test id="s1-t1" name="Check login">
<kw name="Login Page" library="keyword_common">
<arguments>
<arg>${VALID_USER}</arg>
<arg>${VALID_PASSWORD}</arg>
</arguments>
<kw name="Log" library="BuiltIn">
<doc>Logs the given message with the given level.</doc>
<arguments>
<arg>${account}</arg>
</arguments>
<msg timestamp="20191016 13:43:46.115" level="INFO">brdemos</msg>
<status status="PASS" starttime="20191016 13:43:46.115" endtime="20191016 13:43:46.115"></status>
</kw>
<kw name="Input Account" library="keyword_common">
<arguments>
<arg>${account}</arg>
</arguments>
<kw name="Wait Until Page Contains Element" library="Selenium2Library">
<doc>Waits until element ``locator`` appears on current page.</doc>
<arguments>
<arg>//input[@id="inputEmail3"]</arg>
</arguments>
<status status="PASS" starttime="20191016 13:43:46.115" endtime="20191016 13:43:46.130"></status>
</kw>
<kw name="Input Text" library="Selenium2Library">
<doc>Types the given ``text`` into text field identified by ``locator``.</doc>
<arguments>
<arg>//input[@id="inputEmail3"]</arg>
<arg>${account}</arg>
</arguments>
<msg timestamp="20191016 13:43:46.131" level="INFO">Typing text 'brdemos' into text field '//input[@id="inputEmail3"]'.</msg>
<status status="PASS" starttime="20191016 13:43:46.130" endtime="20191016 13:43:46.218"></status>
</kw>
<status status="PASS" starttime="20191016 13:43:46.115" endtime="20191016 13:43:46.218"></status>
</kw>
<kw name="Input Password" library="keyword_common">
<arguments>
<arg>${password}</arg>
</arguments>
<kw name="Wait Until Page Contains Element" library="Selenium2Library">
<doc>Waits until element ``locator`` appears on current page.</doc>
<arguments>
<arg>//input[@id="inputPassword3"]</arg>
</arguments>
<status status="PASS" starttime="20191016 13:43:46.219" endtime="20191016 13:43:46.230"></status>
</kw>
<kw name="Input Text" library="Selenium2Library">
<doc>Types the given ``text`` into text field identified by ``locator``.</doc>
<arguments>
<arg>//input[@id="inputPassword3"]</arg>
<arg>${password}</arg>
</arguments>
<msg timestamp="20191016 13:43:46.230" level="INFO">Typing text 'a111116' into text field '//input[@id="inputPassword3"]'.</msg>
<status status="PASS" starttime="20191016 13:43:46.230" endtime="20191016 13:43:46.293"></status>
</kw>
<status status="PASS" starttime="20191016 13:43:46.219" endtime="20191016 13:43:46.293"></status>
</kw>
<kw name="Click Signin Button" library="keyword_common">
<kw name="Wait Until Page Contains Element" library="Selenium2Library">
<doc>Waits until element ``locator`` appears on current page.</doc>
<arguments>
<arg>//button[@class="btn btn-default btn-auth"]</arg>
</arguments>
<status status="PASS" starttime="20191016 13:43:46.294" endtime="20191016 13:43:46.304"></status>
</kw>
<kw name="Click Element" library="Selenium2Library">
<doc>Click element identified by ``locator``.</doc>
<arguments>
<arg>//button[@class="btn btn-default btn-auth"]</arg>
</arguments>
<msg timestamp="20191016 13:43:46.304" level="INFO">Clicking element '//button[@class="btn btn-default btn-auth"]'.</msg>
<status status="PASS" starttime="20191016 13:43:46.304" endtime="20191016 13:43:46.365"></status>
</kw>
<status status="PASS" starttime="20191016 13:43:46.293" endtime="20191016 13:43:46.365"></status>
</kw>
<status status="PASS" starttime="20191016 13:43:46.114" endtime="20191016 13:43:46.365"></status>
</kw>
<tags>
<tag>Login</tag>
</tags>
<status status="PASS" starttime="20191016 13:43:46.113" endtime="20191016 13:43:46.365" critical="yes"></status>
</test>
<test id="s1-t2" name="Check sidebar link Dashboard navigation is correct">
<kw name="Close Announcement" library="keyword_common">
<kw name="Sleep" library="BuiltIn">
<doc>Pauses the test executed for the given time.</doc>
<arguments>
<arg>8s</arg>
</arguments>
<msg timestamp="20191016 13:43:54.368" level="INFO">Slept 8 seconds</msg>
<status status="PASS" starttime="20191016 13:43:46.367" endtime="20191016 13:43:54.368"></status>
</kw>
<kw name="Run Keyword And Return Status" library="BuiltIn">
<doc>Runs the given keyword with given arguments and returns the status as a Boolean value.</doc>
<arguments>
<arg>Page Should Contain Element</arg>
<arg>//div[@class='container bg-white boss-know-panel']//button[1]</arg>
</arguments>
<assign>
<var>${Result}</var>
</assign>
<kw name="Page Should Contain Element" library="Selenium2Library">
<doc>Verifies that element ``locator`` is found on the current page.</doc>
<arguments>
<arg>//div[@class='container bg-white boss-know-panel']//button[1]</arg>
</arguments>
<msg timestamp="20191016 13:43:54.404" level="INFO">&lt;!DOCTYPE html&gt;&lt;html xmlns="http://www.w3.org/1999/xhtml" lang="en"&gt;&lt;head&gt;
  &lt;meta charset="utf-8" /&gt;
  &lt;title&gt;BI-Supervisor&lt;/title&gt;
  &lt;base href="/" /&gt;
  &lt;meta http-equiv="x-ua-compatible" content="ie=edge" /&gt;
  &lt;meta name="viewport" content="width=device-width, initial-scale=1" /&gt;

  &lt;link rel="icon" type="image/x-icon" href="favicon.ico" /&gt;
  &lt;!-- Enable bootstrap 4 theme --&gt;
  &lt;script&gt;
    window.__theme = 'bs4';
    // window.req = window.dep = null;
  &lt;/script&gt;
&lt;link rel="stylesheet" href="styles.336de57ac25f2bea2cfe.css" /&gt;&lt;style type="text/css"&gt;&lt;/style&gt;&lt;style&gt;@charset "UTF-8";[_nghost-evm-c0]     .al-sidebar{width:250px;top:66px;left:0;z-index:998;display:block;min-height:100%;background-color:#222;height:100%;position:fixed;overflow:hidden}[_nghost-evm-c0]     .al-sidebar .caculation.un{position:absolute;left:0;top:730px;background:#2d4654;width:250px;height:180px;z-index:1}[_nghost-evm-c0]     .al-sidebar.fixed{top:51px}[_nghost-evm-c0]     .al-sidebar-list{margin:0;overflow:hidden;padding:18px 0 0;list-style:none}[_nghost-evm-c0]     .al-sidebar-sublist .subitem-submenu-list{padding-left:15px}[_nghost-evm-c0]     .subitem-submenu-link .fa{top:7px}[_nghost-evm-c0]     .al-sidebar-list-item{display:block;position:relative;float:none;padding:0}[_nghost-evm-c0]     .al-sidebar-list-item.selected:not(.with-sub-menu){background-color:#209e91}[_nghost-evm-c0]     .al-sidebar-list-item.selected:not(.with-sub-menu) a.al-sidebar-list-disable, [_nghost-evm-c0]     .al-sidebar-list-item.selected:not(.with-sub-menu) a.al-sidebar-list-link{color:#fff}[_nghost-evm-c0]     .al-sidebar-list-item.selected:not(.with-sub-menu) a.al-sidebar-list-disable b, [_nghost-evm-c0]     .al-sidebar-list-item.selected:not(.with-sub-menu) a.al-sidebar-list-link b{color:#fff}[_nghost-evm-c0]     .ba-sidebar-item-expanded&amp;gt;ul.al-sidebar-sublist{display:block!important}[_nghost-evm-c0]     .al-sidebar-list-item.ba-sidebar-item-expanded&amp;gt;.al-sidebar-list-disable b, [_nghost-evm-c0]     .al-sidebar-list-item.ba-sidebar-item-expanded&amp;gt;.al-sidebar-list-link b, [_nghost-evm-c0]     .ba-sidebar-sublist-item.ba-sidebar-item-expanded&amp;gt;.al-sidebar-list-disable b, [_nghost-evm-c0]     .ba-sidebar-sublist-item.ba-sidebar-item-expanded&amp;gt;.al-sidebar-list-link b{transform:rotate(180deg)}[_nghost-evm-c0]     .al-sidebar-list-item.ba-sidebar-item-expanded&amp;gt;.al-sidebar-sublist, [_nghost-evm-c0]     .ba-sidebar-sublist-item.ba-sidebar-item-expanded&amp;gt;.al-sidebar-sublist{display:block}[_nghost-evm-c0]     a.al-sidebar-list-disable, [_nghost-evm-c0]     a.al-sidebar-list-link{display:block;height:42px;padding-left:18px;text-shadow:none;font-size:13px;text-decoration:none;color:#fff;line-height:42px;white-space:nowrap;overflow:hidden;cursor:pointer}[_nghost-evm-c0]     a.al-sidebar-list-disable:hover, [_nghost-evm-c0]     a.al-sidebar-list-link:hover{color:#209e91}[_nghost-evm-c0]     a.al-sidebar-list-disable:hover b, [_nghost-evm-c0]     a.al-sidebar-list-link:hover b{color:#209e91}[_nghost-evm-c0]     a.al-sidebar-list-disable i, [_nghost-evm-c0]     a.al-sidebar-list-link i{margin-right:18px;width:16px;display:inline-block}[_nghost-evm-c0]     a.al-sidebar-list-disable b, [_nghost-evm-c0]     a.al-sidebar-list-link b{display:block;opacity:1;width:14px;height:14px;line-height:14px;text-shadow:none;font-size:18px;position:absolute;right:10px;top:12px;padding:0;text-align:center;color:#fff;transition:transform .2s linear}[_nghost-evm-c0]     .slimScrollBar, [_nghost-evm-c0]     .slimScrollRail{border-radius:0!important;width:4px!important;left:246px}[_nghost-evm-c0]     .al-sidebar-sublist{padding:0;list-style:none;position:relative;display:none}[_nghost-evm-c0]     .al-sidebar-sublist.expanded{display:block}[_nghost-evm-c0]     .al-sidebar-sublist&amp;gt;ba-menu-item&amp;gt;li{display:block;float:none;padding:0;border-bottom:none;position:relative}[_nghost-evm-c0]     .al-sidebar-sublist&amp;gt;ba-menu-item&amp;gt;li a{display:block;text-shadow:none;font-size:13px;text-decoration:none;color:#fff;padding-left:52px;height:auto;line-height:34px}[_nghost-evm-c0]     .al-sidebar-sublist&amp;gt;ba-menu-item&amp;gt;li a:hover{color:#209e91}[_nghost-evm-c0]     .al-sidebar-sublist&amp;gt;ba-menu-item&amp;gt;li.selected:not(.with-sub-menu)&amp;gt;a{border:none}[_nghost-evm-c0]     .al-sidebar-sublist&amp;gt;ba-menu-item&amp;gt;li.selected:not(.with-sub-menu)&amp;gt;a:hover{color:#fff}[_nghost-evm-c0]     .sidebar-hover-elem{width:4px;background:#209e91;position:absolute;top:-150px;left:246px;transition:all .5s ease;transition-property:top,height;height:42px;display:block}[_nghost-evm-c0]     .sidebar-select-elem{display:block;top:94px}[_nghost-evm-c0]     .menu-collapsed .slimScrollBar, [_nghost-evm-c0]     .menu-collapsed .slimScrollRail{display:none!important}@media (min-width:1200px){[_nghost-evm-c0]     .menu-collapsed .al-main{margin-left:50px}[_nghost-evm-c0]     .menu-collapsed .al-footer{padding-left:83px}}@media (max-width:1200px) and (min-width:500px){[_nghost-evm-c0]     .al-main{margin-left:50px}[_nghost-evm-c0]     .al-footer{padding-left:83px}}@media (min-width:992px){[_nghost-evm-c0]     .menu-collapsed .al-sidebar{width:52px}[_nghost-evm-c0]     .menu-collapsed .al-sidebar .fa-angle-down, [_nghost-evm-c0]     .menu-collapsed .al-sidebar .fa-angle-up{opacity:0}[_nghost-evm-c0]     .menu-collapsed .al-sidebar .al-sidebar-sublist{position:absolute;top:-1px;left:52px;background:rgba(0,0,0,.8);width:0;display:block;overflow:hidden;transition:width .5s ease}[_nghost-evm-c0]     .menu-collapsed .al-sidebar .al-sidebar-sublist.slide-right{width:135px}[_nghost-evm-c0]     .menu-collapsed .al-sidebar .al-sidebar-sublist::before{display:none}[_nghost-evm-c0]     .menu-collapsed .al-sidebar .al-sidebar-sublist li::before{display:none}[_nghost-evm-c0]     .menu-collapsed .al-sidebar .al-sidebar-sublist li a{padding-left:18px;padding-right:18px;min-width:130px;white-space:nowrap}[_nghost-evm-c0]     .menu-collapsed .al-sidebar .sidebar-hover-elem, [_nghost-evm-c0]     .menu-collapsed .al-sidebar .sidebar-select-elem{left:48px}}@media (max-width:1200px){[_nghost-evm-c0]     .al-sidebar{width:250px;background:rgba(0,0,0,.75);transition:width .5s ease}[_nghost-evm-c0]     .al-sidebar .fa-angle-down, [_nghost-evm-c0]     .al-sidebar .fa-angle-up{opacity:1}[_nghost-evm-c0]     .al-sidebar .al-sidebar-sublist{padding:0;list-style:none;position:relative;display:none;top:auto;left:auto;width:auto;overflow:visible;transition:none}[_nghost-evm-c0]     .al-sidebar .al-sidebar-sublist.expanded{display:block}[_nghost-evm-c0]     .al-sidebar .al-sidebar-sublist&amp;gt;ba-menu-item&amp;gt;li{display:block;float:none;padding:0;border-bottom:none;position:relative}[_nghost-evm-c0]     .al-sidebar .al-sidebar-sublist&amp;gt;ba-menu-item&amp;gt;li a{display:block;text-shadow:none;font-size:13px;text-decoration:none;color:#fff;padding-left:52px;height:auto;line-height:34px}[_nghost-evm-c0]     .al-sidebar .al-sidebar-sublist&amp;gt;ba-menu-item&amp;gt;li a:hover{color:#209e91}[_nghost-evm-c0]     .al-sidebar .al-sidebar-sublist&amp;gt;ba-menu-item&amp;gt;li.selected:not(.with-sub-menu)&amp;gt;a{border:none}[_nghost-evm-c0]     .al-sidebar .al-sidebar-sublist&amp;gt;ba-menu-item&amp;gt;li.selected:not(.with-sub-menu)&amp;gt;a:hover{color:#fff}[_nghost-evm-c0]     .al-sidebar .sidebar-hover-elem, [_nghost-evm-c0]     .al-sidebar .sidebar-select-elem{left:246px;transition:left .5s ease}}@media (max-width:991px){[_nghost-evm-c0]     .menu-collapsed .al-sidebar{width:0}[_nghost-evm-c0]     .menu-collapsed .sidebar-hover-elem, [_nghost-evm-c0]     .menu-collapsed .sidebar-select-elem{display:none}[_nghost-evm-c0]     .al-main{margin-left:0}[_nghost-evm-c0]     .al-footer{padding-left:0}}&lt;/style&gt;&lt;style&gt;@charset "UTF-8";.auth-main[_ngcontent-evm-c1]{display:flex;align-items:center;height:100%;width:100%;position:absolute}.auth-block[_ngcontent-evm-c1]{width:540px;margin:0 auto;border-radius:5px;background:rgba(0,0,0,.55);color:#fff;padding:32px}.auth-block[_ngcontent-evm-c1]   h1[_ngcontent-evm-c1]{font-weight:300;margin-bottom:28px;text-align:center}.auth-block[_ngcontent-evm-c1]   p[_ngcontent-evm-c1]{font-size:16px}.auth-block[_ngcontent-evm-c1]   a[_ngcontent-evm-c1]{text-decoration:none;outline:0;transition:all .2s ease}.auth-block[_ngcontent-evm-c1]   .control-label[_ngcontent-evm-c1]{padding-top:11px;color:#fff}.auth-block[_ngcontent-evm-c1]   .form-group[_ngcontent-evm-c1]{margin-bottom:12px}.auth-input[_ngcontent-evm-c1]{width:300px;margin-bottom:24px}.auth-input[_ngcontent-evm-c1]   input[_ngcontent-evm-c1]{display:block;width:100%;border:none;font-size:16px;padding:4px 10px;outline:0}a.forgot-pass[_ngcontent-evm-c1]{display:block;text-align:right;margin-bottom:-20px;float:right;z-index:2;position:relative}.auth-link[_ngcontent-evm-c1]{display:block;font-size:16px;text-align:center;margin-bottom:33px}.auth-sep[_ngcontent-evm-c1]{margin-top:36px;margin-bottom:24px;line-height:20px;font-size:16px;text-align:center;display:block;position:relative}.auth-sep[_ngcontent-evm-c1] &amp;gt; span[_ngcontent-evm-c1]{display:table-cell;width:30%;white-space:nowrap;padding:0 24px;color:#fff}.auth-sep[_ngcontent-evm-c1] &amp;gt; spa[_ngcontent-evm-c1] &amp;gt; span[_ngcontent-evm-c1]{margin-top:-12px;display:block}.auth-sep[_ngcontent-evm-c1]:after, .auth-sep[_ngcontent-evm-c1]:before{border-top:1px solid #fff;content:"";height:1px;width:35%;display:table-cell}.al-share-auth[_ngcontent-evm-c1]{text-align:center}.al-share-auth[_ngcontent-evm-c1]   .al-share[_ngcontent-evm-c1]{float:none;margin:0;padding:0;display:inline-block}.al-share-auth[_ngcontent-evm-c1]   .al-share[_ngcontent-evm-c1]   li[_ngcontent-evm-c1]{margin-left:24px}.al-share-auth[_ngcontent-evm-c1]   .al-share[_ngcontent-evm-c1]   li[_ngcontent-evm-c1]:first-child{margin-left:0}.al-share-auth[_ngcontent-evm-c1]   .al-share[_ngcontent-evm-c1]   li[_ngcontent-evm-c1]   i[_ngcontent-evm-c1]{font-size:24px}.btn-auth[_ngcontent-evm-c1]{color:#fff!important}main.gold[_ngcontent-evm-c1]   .auth-block[_ngcontent-evm-c1]   a[_ngcontent-evm-c1]{color:#f3e195}main.gold[_ngcontent-evm-c1]   .auth-block[_ngcontent-evm-c1]   a[_ngcontent-evm-c1]:hover{color:#cfbf7f}main.blur[_ngcontent-evm-c1]   .auth-block[_ngcontent-evm-c1]   a[_ngcontent-evm-c1]{color:#209e91}main.blur[_ngcontent-evm-c1]   .auth-block[_ngcontent-evm-c1]   a[_ngcontent-evm-c1]:hover{color:#1b867b}main.dark[_ngcontent-evm-c1]   .auth-block[_ngcontent-evm-c1]   a[_ngcontent-evm-c1]{color:#209e91}main.dark[_ngcontent-evm-c1]   .auth-block[_ngcontent-evm-c1]   a[_ngcontent-evm-c1]:hover{color:#1b867b}main.blue[_ngcontent-evm-c1]   .auth-block[_ngcontent-evm-c1]   a[_ngcontent-evm-c1]{color:#00abff}main.blue[_ngcontent-evm-c1]   .auth-block[_ngcontent-evm-c1]   a[_ngcontent-evm-c1]:hover{color:#0091d9}main.white[_ngcontent-evm-c1]   .auth-block[_ngcontent-evm-c1]   a[_ngcontent-evm-c1]{color:#00abff}main.white[_ngcontent-evm-c1]   .auth-block[_ngcontent-evm-c1]   a[_ngcontent-evm-c1]:hover{color:#0091d9}input[_ngcontent-evm-c1], input[_ngcontent-evm-c1]:focus{background:rgba(0,0,0,.15);color:#aaa}[_nghost-evm-c1]     ba-language select.form-control{margin:10px;width:auto;min-width:120px;display:inline-block}[_nghost-evm-c1]     main.white ba-language select.form-control{color:#fff}.otp-panel[_ngcontent-evm-c1]   .text-lh-40[_ngcontent-evm-c1]{line-height:40px}.read-me-panel[_ngcontent-evm-c1]{margin-bottom:10px}.read-me-panel[_ngcontent-evm-c1] &amp;gt; div[_ngcontent-evm-c1]{color:#ddd;padding:15px 22px;border-radius:4px}.read-me-panel[_ngcontent-evm-c1] &amp;gt; div.active[_ngcontent-evm-c1]{background:rgba(106,106,106,.2);color:#fff}&lt;/style&gt;&lt;script charset="utf-8" src="0.f73abef2fe6f478584bf.js"&gt;&lt;/script&gt;&lt;script charset="utf-8" src="1.6ab3684ba02fbbf8b985.js"&gt;&lt;/script&gt;&lt;script charset="utf-8" src="2.51df319cfac605a0e648.js"&gt;&lt;/script&gt;&lt;script charset="utf-8" src="4.e4efdbf35494d2fd510d.js"&gt;&lt;/script&gt;&lt;script charset="utf-8" src="5.fa7a19e68a69013802aa.js"&gt;&lt;/script&gt;&lt;script charset="utf-8" src="6.583c1807221b66c8b444.js"&gt;&lt;/script&gt;&lt;script charset="utf-8" src="7.501c5ad2c490ff7af33e.js"&gt;&lt;/script&gt;&lt;script charset="utf-8" src="8.3971cda8ce07d0d66335.js"&gt;&lt;/script&gt;&lt;script charset="utf-8" src="10.c07a087c751fc050da51.js"&gt;&lt;/script&gt;&lt;script charset="utf-8" src="13.d338cc190d29a79da802.js"&gt;&lt;/script&gt;&lt;script charset="utf-8" src="14.430170a6fc187393a11c.js"&gt;&lt;/script&gt;&lt;script charset="utf-8" src="16.2915ab1450f97c5a5fa0.js"&gt;&lt;/script&gt;&lt;script charset="utf-8" src="18.7006b6de109450ff73f7.js"&gt;&lt;/script&gt;&lt;script charset="utf-8" src="24.0bacbc4471648a9197fe.js"&gt;&lt;/script&gt;&lt;script charset="utf-8" src="common.138e82530deb39d1ee21.js"&gt;&lt;/script&gt;&lt;script charset="utf-8" src="41.82864b7d4e32288a2df6.js"&gt;&lt;/script&gt;&lt;script charset="utf-8" src="9.58b651b3ed1519cd7812.js"&gt;&lt;/script&gt;&lt;script charset="utf-8" src="19.04a9df37c707cb5f149e.js"&gt;&lt;/script&gt;&lt;script charset="utf-8" src="45.7d8ec8f315a48c4c05d4.js"&gt;&lt;/script&gt;&lt;style&gt;.loading[_ngcontent-evm-c2] {
    font-family: "Arial Black", "Arial Bold", Gadget, sans-serif;
    text-transform:uppercase;
    
    width:150px;
    text-align:center;
    line-height:50px;
    
    position:absolute;
    left:0;right:0;top:50%;
    margin:auto;
    transform:translateY(-50%);
  }

  .loading[_ngcontent-evm-c2]   span[_ngcontent-evm-c2] {
    display: inline-block;
    vertical-align: middle;
    width: .6em;
    height: .6em;
    margin: .19em;
    background: #007DB6;
    border-radius: .6em;
    animation: loading 1s infinite alternate;
  }

  
  .loading[_ngcontent-evm-c2]   span[_ngcontent-evm-c2]:nth-of-type(2) {background: #008FB2; animation-delay: 0.2s;}
  .loading[_ngcontent-evm-c2]   span[_ngcontent-evm-c2]:nth-of-type(3) {background: #009B9E; animation-delay: 0.4s;}
  .loading[_ngcontent-evm-c2]   span[_ngcontent-evm-c2]:nth-of-type(4) {background: #00A77D; animation-delay: 0.6s;}
  .loading[_ngcontent-evm-c2]   span[_ngcontent-evm-c2]:nth-of-type(5) {background: #00B247; animation-delay: 0.8s;}
  .loading[_ngcontent-evm-c2]   span[_ngcontent-evm-c2]:nth-of-type(6) {background: #5AB027; animation-delay: 1.0s;}
  .loading[_ngcontent-evm-c2]   span[_ngcontent-evm-c2]:nth-of-type(7) {background: #A0B61E; animation-delay: 1.2s;}

  
  @keyframes loading {0% {opacity: 0;} 100% {opacity: 1;}}
  
  ba-content-top[_ngcontent-evm-c2]{display:none}
  @media (max-width: 767px) {
    //.al-content[_ngcontent-evm-c2]{padding:8px 3px}
    ba-content-top[_ngcontent-evm-c2]{display:block}
  }&lt;/style&gt;&lt;style&gt;.boss-know-panel[_ngcontent-evm-c6]{border-radius:8px}.boss-know-panel[_ngcontent-evm-c6]   .pic[_ngcontent-evm-c6]{width:95%;max-width:413px}.boss-know-panel[_ngcontent-evm-c6]   .btn-panel[_ngcontent-evm-c6]   .btn[_ngcontent-evm-c6]{width:calc(50% - 25px);max-width:199px;min-width:130px}.close_btn[_ngcontent-evm-c6]{display:block;z-index:2;position:absolute;right:15px;top:10px;cursor:pointer}.close_btn[_ngcontent-evm-c6]   i[_ngcontent-evm-c6]{color:#111;font-size:1.2rem}.close_btn[_ngcontent-evm-c6]   i[_ngcontent-evm-c6]:hover{color:#ccc}@media screen and (max-width:500px){.close_btn[_ngcontent-evm-c6]{right:15px;top:0}}&lt;/style&gt;&lt;style&gt;@charset "UTF-8";[_nghost-evm-c3]     .al-sidebar{width:250px;top:66px;left:0;z-index:998;display:block;min-height:100%;background-color:#222;height:100%;position:fixed;overflow:hidden}[_nghost-evm-c3]     .al-sidebar .caculation.un{position:absolute;left:0;top:730px;background:#2d4654;width:250px;height:180px;z-index:1}[_nghost-evm-c3]     .al-sidebar.fixed{top:51px}[_nghost-evm-c3]     .al-sidebar-list{margin:0;overflow:hidden;padding:18px 0 0;list-style:none}[_nghost-evm-c3]     .al-sidebar-sublist .subitem-submenu-list{padding-left:15px}[_nghost-evm-c3]     .subitem-submenu-link .fa{top:7px}[_nghost-evm-c3]     .al-sidebar-list-item{display:block;position:relative;float:none;padding:0}[_nghost-evm-c3]     .al-sidebar-list-item.selected:not(.with-sub-menu){background-color:#209e91}[_nghost-evm-c3]     .al-sidebar-list-item.selected:not(.with-sub-menu) a.al-sidebar-list-disable, [_nghost-evm-c3]     .al-sidebar-list-item.selected:not(.with-sub-menu) a.al-sidebar-list-link{color:#fff}[_nghost-evm-c3]     .al-sidebar-list-item.selected:not(.with-sub-menu) a.al-sidebar-list-disable b, [_nghost-evm-c3]     .al-sidebar-list-item.selected:not(.with-sub-menu) a.al-sidebar-list-link b{color:#fff}[_nghost-evm-c3]     .ba-sidebar-item-expanded&amp;gt;ul.al-sidebar-sublist{display:block!important}[_nghost-evm-c3]     .al-sidebar-list-item.ba-sidebar-item-expanded&amp;gt;.al-sidebar-list-disable b, [_nghost-evm-c3]     .al-sidebar-list-item.ba-sidebar-item-expanded&amp;gt;.al-sidebar-list-link b, [_nghost-evm-c3]     .ba-sidebar-sublist-item.ba-sidebar-item-expanded&amp;gt;.al-sidebar-list-disable b, [_nghost-evm-c3]     .ba-sidebar-sublist-item.ba-sidebar-item-expanded&amp;gt;.al-sidebar-list-link b{transform:rotate(180deg)}[_nghost-evm-c3]     .al-sidebar-list-item.ba-sidebar-item-expanded&amp;gt;.al-sidebar-sublist, [_nghost-evm-c3]     .ba-sidebar-sublist-item.ba-sidebar-item-expanded&amp;gt;.al-sidebar-sublist{display:block}[_nghost-evm-c3]     a.al-sidebar-list-disable, [_nghost-evm-c3]     a.al-sidebar-list-link{display:block;height:42px;padding-left:18px;text-shadow:none;font-size:13px;text-decoration:none;color:#fff;line-height:42px;white-space:nowrap;overflow:hidden;cursor:pointer}[_nghost-evm-c3]     a.al-sidebar-list-disable:hover, [_nghost-evm-c3]     a.al-sidebar-list-link:hover{color:#209e91}[_nghost-evm-c3]     a.al-sidebar-list-disable:hover b, [_nghost-evm-c3]     a.al-sidebar-list-link:hover b{color:#209e91}[_nghost-evm-c3]     a.al-sidebar-list-disable i, [_nghost-evm-c3]     a.al-sidebar-list-link i{margin-right:18px;width:16px;display:inline-block}[_nghost-evm-c3]     a.al-sidebar-list-disable b, [_nghost-evm-c3]     a.al-sidebar-list-link b{display:block;opacity:1;width:14px;height:14px;line-height:14px;text-shadow:none;font-size:18px;position:absolute;right:10px;top:12px;padding:0;text-align:center;color:#fff;transition:transform .2s linear}[_nghost-evm-c3]     .slimScrollBar, [_nghost-evm-c3]     .slimScrollRail{border-radius:0!important;width:4px!important;left:246px}[_nghost-evm-c3]     .al-sidebar-sublist{padding:0;list-style:none;position:relative;display:none}[_nghost-evm-c3]     .al-sidebar-sublist.expanded{display:block}[_nghost-evm-c3]     .al-sidebar-sublist&amp;gt;ba-menu-item&amp;gt;li{display:block;float:none;padding:0;border-bottom:none;position:relative}[_nghost-evm-c3]     .al-sidebar-sublist&amp;gt;ba-menu-item&amp;gt;li a{display:block;text-shadow:none;font-size:13px;text-decoration:none;color:#fff;padding-left:52px;height:auto;line-height:34px}[_nghost-evm-c3]     .al-sidebar-sublist&amp;gt;ba-menu-item&amp;gt;li a:hover{color:#209e91}[_nghost-evm-c3]     .al-sidebar-sublist&amp;gt;ba-menu-item&amp;gt;li.selected:not(.with-sub-menu)&amp;gt;a{border:none}[_nghost-evm-c3]     .al-sidebar-sublist&amp;gt;ba-menu-item&amp;gt;li.selected:not(.with-sub-menu)&amp;gt;a:hover{color:#fff}[_nghost-evm-c3]     .sidebar-hover-elem{width:4px;background:#209e91;position:absolute;top:-150px;left:246px;transition:all .5s ease;transition-property:top,height;height:42px;display:block}[_nghost-evm-c3]     .sidebar-select-elem{display:block;top:94px}[_nghost-evm-c3]     .menu-collapsed .slimScrollBar, [_nghost-evm-c3]     .menu-collapsed .slimScrollRail{display:none!important}&lt;/style&gt;&lt;style&gt;@charset "UTF-8";@-webkit-keyframes pulsate{30%{-webkit-transform:scale(.1,.1);opacity:0}35%{opacity:1}40%{-webkit-transform:scale(1.2,1.2);opacity:0}}.al-msg-center[_ngcontent-evm-c4]{float:right;padding:0;list-style:none;margin:23px 20px 0 0}.al-msg-center[_ngcontent-evm-c4]   li[_ngcontent-evm-c4]{list-style:none;float:left;margin-left:30px}.al-msg-center[_ngcontent-evm-c4]   li[_ngcontent-evm-c4]:first-child{margin-left:0}.al-msg-center[_ngcontent-evm-c4]   li[_ngcontent-evm-c4] &amp;gt; a[_ngcontent-evm-c4]{text-decoration:none;font-size:13px;position:relative}.al-msg-center[_ngcontent-evm-c4]   li[_ngcontent-evm-c4] &amp;gt; a[_ngcontent-evm-c4]   .notificationRight[_ngcontent-evm-c4]{display:inline-block;min-width:10px;padding:2px 4px;vertical-align:baseline;white-space:nowrap;text-align:center;border-radius:13px;text-shadow:none;line-height:11px;position:absolute;top:-5px;right:-14px;font-size:11px}.al-msg-center[_ngcontent-evm-c4]   li[_ngcontent-evm-c4] &amp;gt; a[_ngcontent-evm-c4]   .notificationLeft[_ngcontent-evm-c4]{display:inline-block;min-width:10px;padding:2px 4px;vertical-align:baseline;white-space:nowrap;text-align:center;border-radius:13px;text-shadow:none;line-height:11px;background-color:#0997fd;position:absolute;top:-5px;right:20px;font-size:11px}.al-msg-center[_ngcontent-evm-c4]   li[_ngcontent-evm-c4] &amp;gt; a[_ngcontent-evm-c4]   i[_ngcontent-evm-c4]{font-size:20px}.al-msg-center[_ngcontent-evm-c4]   li[_ngcontent-evm-c4] &amp;gt; a[_ngcontent-evm-c4]   .notification-ring-right[_ngcontent-evm-c4]{border-radius:100px;height:40px;width:40px;position:absolute;top:-18px;right:-27px;-webkit-animation:8s ease-out infinite pulsate;animation:8s ease-out infinite pulsate;opacity:0}.al-msg-center[_ngcontent-evm-c4]   li[_ngcontent-evm-c4] &amp;gt; a[_ngcontent-evm-c4]   .notification-ring-left[_ngcontent-evm-c4]{border:1px solid #0997fd;border-radius:100px;height:40px;width:40px;position:absolute;top:-17px;right:7px;-webkit-animation:8s ease-out infinite pulsate;animation:8s ease-out infinite pulsate;opacity:0}@media (max-width:435px){.al-msg-center[_ngcontent-evm-c4]{margin-right:20px}.al-msg-center[_ngcontent-evm-c4]   li[_ngcontent-evm-c4]{margin-left:20px}.al-msg-center[_ngcontent-evm-c4]   li[_ngcontent-evm-c4]:first-child{margin-left:0}}.msg-block-header[_ngcontent-evm-c4]{display:inline-block;padding:0;font-size:13px;margin:0 0 0 6px}.top-dropdown-menu[_ngcontent-evm-c4]   .focus[_ngcontent-evm-c4]   .header[_ngcontent-evm-c4]{background:rgba(239,92,92,.4);border-top-left-radius:5px;border-top-right-radius:5px}.top-dropdown-menu[_ngcontent-evm-c4]{width:316px;left:auto;right:-47px;top:26px;padding:0}.top-dropdown-menu[_ngcontent-evm-c4]   [_ngcontent-evm-c4]::-webkit-scrollbar{width:.4em;height:.4em}.top-dropdown-menu[_ngcontent-evm-c4]   body[_ngcontent-evm-c4]{scrollbar-face-color:rgba(0,0,0,.5);scrollbar-track-color:#fff}.top-dropdown-menu[_ngcontent-evm-c4]   .header[_ngcontent-evm-c4]{padding:8px 10px;background:rgba(0,205,255,.41)}.top-dropdown-menu[_ngcontent-evm-c4]   .header[_ngcontent-evm-c4]   strong[_ngcontent-evm-c4]{text-align:left;font-size:15px;cursor:pointer}.top-dropdown-menu[_ngcontent-evm-c4]   .header[_ngcontent-evm-c4]   strong[_ngcontent-evm-c4]:hover{text-decoration:underline}.top-dropdown-menu[_ngcontent-evm-c4]   .header[_ngcontent-evm-c4] &amp;gt; a[_ngcontent-evm-c4]{margin-left:12px;text-decoration:none;font-size:.75rem;color:#d9534f!important;float:right;cursor:pointer}.top-dropdown-menu[_ngcontent-evm-c4]   .header[_ngcontent-evm-c4] &amp;gt; a[_ngcontent-evm-c4]:hover{text-decoration:underline}.top-dropdown-menu[_ngcontent-evm-c4]   .msg-list[_ngcontent-evm-c4]{max-height:296px;overflow:scroll;overflow-x:hidden;border-bottom:1px solid rgba(0,0,0,.15)}.top-dropdown-menu[_ngcontent-evm-c4]   .msg-list[_ngcontent-evm-c4] &amp;gt; a[_ngcontent-evm-c4]{padding:10px 12px;display:block;text-decoration:none;font-size:12px}.top-dropdown-menu[_ngcontent-evm-c4]   .msg-list[_ngcontent-evm-c4] &amp;gt; a[_ngcontent-evm-c4]:first-child{border-top:none}.top-dropdown-menu[_ngcontent-evm-c4]   .msg-list[_ngcontent-evm-c4] &amp;gt; a[_ngcontent-evm-c4]   .img-area[_ngcontent-evm-c4]{float:left;width:36px}.top-dropdown-menu[_ngcontent-evm-c4]   .msg-list[_ngcontent-evm-c4] &amp;gt; a[_ngcontent-evm-c4]   .img-area[_ngcontent-evm-c4]   img[_ngcontent-evm-c4]{width:36px;height:36px}.top-dropdown-menu[_ngcontent-evm-c4]   .msg-list[_ngcontent-evm-c4] &amp;gt; a[_ngcontent-evm-c4]   .img-area[_ngcontent-evm-c4]   img.photo-msg-item[_ngcontent-evm-c4]{border-radius:18px}.top-dropdown-menu[_ngcontent-evm-c4]   .msg-list[_ngcontent-evm-c4] &amp;gt; a[_ngcontent-evm-c4]   .img-area[_ngcontent-evm-c4] &amp;gt; div[_ngcontent-evm-c4]{width:36px;height:36px;border-radius:4px;font-size:24px;text-align:center}.top-dropdown-menu[_ngcontent-evm-c4]   .msg-list[_ngcontent-evm-c4] &amp;gt; a[_ngcontent-evm-c4]   .img-area[_ngcontent-evm-c4] &amp;gt; div[_ngcontent-evm-c4]   i[_ngcontent-evm-c4]{width:36px;line-height:36px}.top-dropdown-menu[_ngcontent-evm-c4]   .msg-list[_ngcontent-evm-c4] &amp;gt; a[_ngcontent-evm-c4]   .msg-area[_ngcontent-evm-c4]   div[_ngcontent-evm-c4]{color:#666;max-height:34px;overflow:hidden;text-overflow:ellipsis;font-size:16px;font-weight:600;padding:1px 5px}.top-dropdown-menu[_ngcontent-evm-c4]   .msg-list[_ngcontent-evm-c4] &amp;gt; a[_ngcontent-evm-c4]   .msg-area[_ngcontent-evm-c4]   div[_ngcontent-evm-c4]   .time[_ngcontent-evm-c4]{font-size:12px;float:right;font-weight:1}.top-dropdown-menu[_ngcontent-evm-c4]   .msg-list[_ngcontent-evm-c4] &amp;gt; a[_ngcontent-evm-c4]   .msg-area[_ngcontent-evm-c4]   .subTitle[_ngcontent-evm-c4], .top-dropdown-menu[_ngcontent-evm-c4]   .msg-list[_ngcontent-evm-c4] &amp;gt; a[_ngcontent-evm-c4]   .msg-area[_ngcontent-evm-c4]   .title[_ngcontent-evm-c4]{display:flex;justify-content:space-between}.top-dropdown-menu[_ngcontent-evm-c4]   .msg-list[_ngcontent-evm-c4] &amp;gt; a[_ngcontent-evm-c4]   .msg-area[_ngcontent-evm-c4]   .subTitle[_ngcontent-evm-c4]   .listTop[_ngcontent-evm-c4]{color:#666;text-align:left;display:block;font-size:15px;padding:1px 5px}.top-dropdown-menu[_ngcontent-evm-c4]   .msg-list[_ngcontent-evm-c4] &amp;gt; a[_ngcontent-evm-c4]   .msg-area[_ngcontent-evm-c4]   .subTitle[_ngcontent-evm-c4]   .listUnder[_ngcontent-evm-c4]{color:#0997fd;font-size:15px;padding:1px 5px;font-weight:1}.top-dropdown-menu[_ngcontent-evm-c4]   .msg-list[_ngcontent-evm-c4] &amp;gt; a[_ngcontent-evm-c4]   .msg-area[_ngcontent-evm-c4]   .subTitle[_ngcontent-evm-c4]   .listUnder[_ngcontent-evm-c4]   .listUnit[_ngcontent-evm-c4]{color:#666}.top-dropdown-menu[_ngcontent-evm-c4]   .msg-list[_ngcontent-evm-c4] &amp;gt; a[_ngcontent-evm-c4]   .msg-area[_ngcontent-evm-c4]   .unUnder[_ngcontent-evm-c4]{position:relative;cursor:pointer}.top-dropdown-menu[_ngcontent-evm-c4]   .msg-list[_ngcontent-evm-c4] &amp;gt; a[_ngcontent-evm-c4]   .msg-area[_ngcontent-evm-c4]   .unUnder[_ngcontent-evm-c4]::before{content:' ● ';color:#e85656;font-size:8px;left:-2%;position:absolute;cursor:pointer}.top-dropdown-menu[_ngcontent-evm-c4]   .msg-list[_ngcontent-evm-c4] &amp;gt; a[_ngcontent-evm-c4]   .msg-area[_ngcontent-evm-c4]   .un[_ngcontent-evm-c4]{position:relative;cursor:pointer}.top-dropdown-menu[_ngcontent-evm-c4]   .msg-list[_ngcontent-evm-c4] &amp;gt; a[_ngcontent-evm-c4]   .msg-area[_ngcontent-evm-c4]   .un[_ngcontent-evm-c4]::before{content:' ● ';color:#0997fd;font-size:8px;left:-2%;position:absolute;cursor:pointer}.top-dropdown-menu[_ngcontent-evm-c4]   .msg-list[_ngcontent-evm-c4] &amp;gt; a[_ngcontent-evm-c4]:hover{background:#e2f0ff}.top-dropdown-menu[_ngcontent-evm-c4] &amp;gt; a[_ngcontent-evm-c4]{display:block;text-align:center;padding:10px;font-size:12px;text-decoration:none}.top-dropdown-menu.profile-dropdown[_ngcontent-evm-c4]{max-width:220px;width:60%;min-width:195px;top:55px;right:-25px;padding-bottom:15px}.top-dropdown-menu.profile-dropdown[_ngcontent-evm-c4]   a[_ngcontent-evm-c4]{text-align:left;border:none;text-decoration:none;padding:8px 16px 8px 20px}.top-dropdown-menu.profile-dropdown[_ngcontent-evm-c4]   a[_ngcontent-evm-c4]   i[_ngcontent-evm-c4]{margin-right:10px}.top-dropdown-menu.profile-dropdown[_ngcontent-evm-c4]   i.dropdown-arr[_ngcontent-evm-c4]{right:25px}.top-dropdown-menu[_ngcontent-evm-c4]   i.dropdown-arr[_ngcontent-evm-c4]{position:absolute;top:-22px;right:42px;display:block;width:0;height:0;border:11px solid transparent;border-bottom-color:#fff}.top-dropdown-menu[_ngcontent-evm-c4]   i.dropdown-arr[_ngcontent-evm-c4]:after{top:-9px;left:0;margin-left:-10px;content:" ";position:absolute;display:block;width:0;height:0;border:10px solid transparent}.btn.btn-primary.w-33[_ngcontent-evm-c4]{float:right;margin:.5rem}@media (max-width:415px){.top-dropdown-menu[_ngcontent-evm-c4]{right:-135px}.top-dropdown-menu[_ngcontent-evm-c4]   i.dropdown-arr[_ngcontent-evm-c4]{right:75px}}.bg--white[_ngcontent-evm-c4]{background-color:#fff!important}[_nghost-evm-c4]     #UserName.UserName{float:right;margin:30px 10px 0 0}[_nghost-evm-c4]     #UserName.UserNameMenu{margin:10px 0 0 30px}[_nghost-evm-c4]     .page-top{background-color:#000;position:fixed;z-index:900;height:66px;width:100%;min-width:320px;padding:0 32px 0 40px}[_nghost-evm-c4]     .page-top .dropdown-toggle::after{display:none}[_nghost-evm-c4]     .page-top .page-top.fixed_down{position:fixed;z-index:904}[_nghost-evm-c4]     .page-top .page-top.fixed{position:absolute;top:-66px}[_nghost-evm-c4]     .page-top .blur .page-top.scrolled{background-color:rgba(0,0,0,.85)}[_nghost-evm-c4]     .page-top a.al-logo{color:#fff;display:block;font-size:24px;font-family:Arial,-apple-system,system-ui,BlinkMacSystemFont,"Segoe UI",Helvetica,sans-serif,Tahoma,SimSun,"Century Gothic","Microsoft YaHei";white-space:nowrap;float:left;outline:0!important;line-height:60px}[_nghost-evm-c4]     .page-top a.al-logo span{color:#209e91}[_nghost-evm-c4]     .page-top a.al-logo:hover{color:#209e91}[_nghost-evm-c4]     .page-top .user-profile{float:right;min-width:50px;margin-top:10px}[_nghost-evm-c4]     .page-top .al-user-profile{float:right;margin-right:12px;transition:all .15s ease-in-out;padding:0;width:36px;height:36px;border:0;opacity:1;position:relative}[_nghost-evm-c4]     .page-top .al-user-profile ul.profile-dropdown:after{bottom:100%;right:0;border:10px solid rgba(255,255,255,0);content:" ";height:0;width:0;position:absolute;pointer-events:none;border-bottom-color:#fff;margin-right:28px}[_nghost-evm-c4]     .page-top .al-user-profile a{display:block}[_nghost-evm-c4]     .page-top .al-user-profile img{width:40px;height:40px;border-radius:50%}[_nghost-evm-c4]     .page-top a.refresh-data{color:#fff;font-size:13px;text-decoration:none;font-weight:400;float:right;margin-top:13px;margin-right:26px}[_nghost-evm-c4]     .page-top a.refresh-data:hover{color:#dfb81c!important}[_nghost-evm-c4]     .page-top a.collapse-menu-link{font-size:31px;cursor:pointer;display:block;text-decoration:none;line-height:42px;color:#fff;padding:0;float:left;margin:11px 0 0 25px}[_nghost-evm-c4]     .page-top a.collapse-menu-link:hover{text-decoration:none;color:#dfb81c}[_nghost-evm-c4]     .page-top .al-skin-dropdown{float:right;margin-top:14px;margin-right:26px}[_nghost-evm-c4]     .page-top .al-skin-dropdown .tpl-skin-panel{max-height:300px;overflow-y:scroll;overflow-x:hidden}[_nghost-evm-c4]     .page-top .icon-palette{display:inline-block;width:14px;height:13px;background:url(/img/theme/palette.png) 0 0/cover}[_nghost-evm-c4]     .page-top .search{text-shadow:none;font-size:13px;line-height:25px;transition:all .5s ease;white-space:nowrap;overflow:hidden;width:162px;float:left;margin:20px 0 0 30px}[_nghost-evm-c4]     .page-top .search label{cursor:pointer}[_nghost-evm-c4]     .page-top .search i{width:16px;display:inline-block;cursor:pointer;padding-left:1px;font-size:16px;margin-right:13px}[_nghost-evm-c4]     .page-top .search input{color:#fff;background:0 0;border:none;outline:0;width:120px;padding:0;margin:0 0 0 -3px;height:27px}[_nghost-evm-c4]     .page-top .toptop40 .al-breadcrumb{padding-left:40px}@media screen and (max-width:660px){[_nghost-evm-c4]     .page-top .search{display:none}}@media screen and (max-width:500px){[_nghost-evm-c4]     .page-top .page-top{padding:0 20px}}@media (max-width:435px){[_nghost-evm-c4]     .page-top .user-profile{min-width:50px}[_nghost-evm-c4]     .page-top a.refresh-data{margin-right:10px}[_nghost-evm-c4]     .page-top a.collapse-menu-link{margin-left:18px}[_nghost-evm-c4]     .page-top .al-skin-dropdown{display:none}}[_nghost-evm-c4]     .page-top .profile-toggle-link{cursor:pointer}@media (max-width:767px){[_nghost-evm-c4]     .page-top .UserName.mt-4{max-width:60px;overflow:hidden;text-overflow:ellipsis;white-space:nowrap}[_nghost-evm-c4]     .toptop40{display:none}}@media screen and (max-width:991px){[_nghost-evm-c4]     .page-top{position:absolute;top:0;left:0}[_nghost-evm-c4]     a.al-logo{margin-left:-10px;margin-right:15px}}[_nghost-evm-c4]     .user-profile--position{margin-left:23px;margin-top:15px}&lt;/style&gt;&lt;style&gt;@charset "UTF-8";.ba-back-top[_ngcontent-evm-c5]{position:fixed;width:52px;height:52px;cursor:pointer;z-index:9999;display:none;text-decoration:none;left:40px;bottom:40px!important;font-size:45px;text-align:center;opacity:.5;background-color:rgba(0,0,0,.75);border-radius:50%;line-height:46px}.ba-back-top[_ngcontent-evm-c5]:hover{opacity:.8}&lt;/style&gt;&lt;style&gt;@charset "UTF-8";&lt;/style&gt;&lt;style&gt;@charset "UTF-8";@-webkit-keyframes pulsate{30%{-webkit-transform:scale(.1,.1);opacity:0}35%{opacity:1}40%{-webkit-transform:scale(1.2,1.2);opacity:0}}.al-msg-center[_ngcontent-evm-c8]{float:right;padding:0;list-style:none;margin:23px 20px 0 0}.al-msg-center[_ngcontent-evm-c8]   li[_ngcontent-evm-c8]{list-style:none;float:left;margin-left:30px}.al-msg-center[_ngcontent-evm-c8]   li[_ngcontent-evm-c8]:first-child{margin-left:0}.al-msg-center[_ngcontent-evm-c8]   li[_ngcontent-evm-c8] &amp;gt; a[_ngcontent-evm-c8]{text-decoration:none;font-size:13px;position:relative}.al-msg-center[_ngcontent-evm-c8]   li[_ngcontent-evm-c8] &amp;gt; a[_ngcontent-evm-c8]   .notificationRight[_ngcontent-evm-c8]{display:inline-block;min-width:10px;padding:2px 4px;vertical-align:baseline;white-space:nowrap;text-align:center;border-radius:13px;text-shadow:none;line-height:11px;position:absolute;top:-5px;right:-14px;font-size:11px}.al-msg-center[_ngcontent-evm-c8]   li[_ngcontent-evm-c8] &amp;gt; a[_ngcontent-evm-c8]   .notificationLeft[_ngcontent-evm-c8]{display:inline-block;min-width:10px;padding:2px 4px;vertical-align:baseline;white-space:nowrap;text-align:center;border-radius:13px;text-shadow:none;line-height:11px;background-color:#0997fd;position:absolute;top:-5px;right:20px;font-size:11px}.al-msg-center[_ngcontent-evm-c8]   li[_ngcontent-evm-c8] &amp;gt; a[_ngcontent-evm-c8]   i[_ngcontent-evm-c8]{font-size:20px}.al-msg-center[_ngcontent-evm-c8]   li[_ngcontent-evm-c8] &amp;gt; a[_ngcontent-evm-c8]   .notification-ring-right[_ngcontent-evm-c8]{border-radius:100px;height:40px;width:40px;position:absolute;top:-18px;right:-27px;-webkit-animation:8s ease-out infinite pulsate;animation:8s ease-out infinite pulsate;opacity:0}.al-msg-center[_ngcontent-evm-c8]   li[_ngcontent-evm-c8] &amp;gt; a[_ngcontent-evm-c8]   .notification-ring-left[_ngcontent-evm-c8]{border:1px solid #0997fd;border-radius:100px;height:40px;width:40px;position:absolute;top:-17px;right:7px;-webkit-animation:8s ease-out infinite pulsate;animation:8s ease-out infinite pulsate;opacity:0}@media (max-width:435px){.al-msg-center[_ngcontent-evm-c8]{margin-right:20px}.al-msg-center[_ngcontent-evm-c8]   li[_ngcontent-evm-c8]{margin-left:20px}.al-msg-center[_ngcontent-evm-c8]   li[_ngcontent-evm-c8]:first-child{margin-left:0}}.msg-block-header[_ngcontent-evm-c8]{display:inline-block;padding:0;font-size:13px;margin:0 0 0 6px}.top-dropdown-menu[_ngcontent-evm-c8]   .focus[_ngcontent-evm-c8]   .header[_ngcontent-evm-c8]{background:rgba(239,92,92,.4);border-top-left-radius:5px;border-top-right-radius:5px}.top-dropdown-menu[_ngcontent-evm-c8]{width:316px;left:auto;right:-47px;top:26px;padding:0}.top-dropdown-menu[_ngcontent-evm-c8]   [_ngcontent-evm-c8]::-webkit-scrollbar{width:.4em;height:.4em}.top-dropdown-menu[_ngcontent-evm-c8]   body[_ngcontent-evm-c8]{scrollbar-face-color:rgba(0,0,0,.5);scrollbar-track-color:#fff}.top-dropdown-menu[_ngcontent-evm-c8]   .header[_ngcontent-evm-c8]{padding:8px 10px;background:rgba(0,205,255,.41)}.top-dropdown-menu[_ngcontent-evm-c8]   .header[_ngcontent-evm-c8]   strong[_ngcontent-evm-c8]{text-align:left;font-size:15px;cursor:pointer}.top-dropdown-menu[_ngcontent-evm-c8]   .header[_ngcontent-evm-c8]   strong[_ngcontent-evm-c8]:hover{text-decoration:underline}.top-dropdown-menu[_ngcontent-evm-c8]   .header[_ngcontent-evm-c8] &amp;gt; a[_ngcontent-evm-c8]{margin-left:12px;text-decoration:none;font-size:.75rem;color:#d9534f!important;float:right;cursor:pointer}.top-dropdown-menu[_ngcontent-evm-c8]   .header[_ngcontent-evm-c8] &amp;gt; a[_ngcontent-evm-c8]:hover{text-decoration:underline}.top-dropdown-menu[_ngcontent-evm-c8]   .msg-list[_ngcontent-evm-c8]{max-height:296px;overflow:scroll;overflow-x:hidden;border-bottom:1px solid rgba(0,0,0,.15)}.top-dropdown-menu[_ngcontent-evm-c8]   .msg-list[_ngcontent-evm-c8] &amp;gt; a[_ngcontent-evm-c8]{padding:10px 12px;display:block;text-decoration:none;font-size:12px}.top-dropdown-menu[_ngcontent-evm-c8]   .msg-list[_ngcontent-evm-c8] &amp;gt; a[_ngcontent-evm-c8]:first-child{border-top:none}.top-dropdown-menu[_ngcontent-evm-c8]   .msg-list[_ngcontent-evm-c8] &amp;gt; a[_ngcontent-evm-c8]   .img-area[_ngcontent-evm-c8]{float:left;width:36px}.top-dropdown-menu[_ngcontent-evm-c8]   .msg-list[_ngcontent-evm-c8] &amp;gt; a[_ngcontent-evm-c8]   .img-area[_ngcontent-evm-c8]   img[_ngcontent-evm-c8]{width:36px;height:36px}.top-dropdown-menu[_ngcontent-evm-c8]   .msg-list[_ngcontent-evm-c8] &amp;gt; a[_ngcontent-evm-c8]   .img-area[_ngcontent-evm-c8]   img.photo-msg-item[_ngcontent-evm-c8]{border-radius:18px}.top-dropdown-menu[_ngcontent-evm-c8]   .msg-list[_ngcontent-evm-c8] &amp;gt; a[_ngcontent-evm-c8]   .img-area[_ngcontent-evm-c8] &amp;gt; div[_ngcontent-evm-c8]{width:36px;height:36px;border-radius:4px;font-size:24px;text-align:center}.top-dropdown-menu[_ngcontent-evm-c8]   .msg-list[_ngcontent-evm-c8] &amp;gt; a[_ngcontent-evm-c8]   .img-area[_ngcontent-evm-c8] &amp;gt; div[_ngcontent-evm-c8]   i[_ngcontent-evm-c8]{width:36px;line-height:36px}.top-dropdown-menu[_ngcontent-evm-c8]   .msg-list[_ngcontent-evm-c8] &amp;gt; a[_ngcontent-evm-c8]   .msg-area[_ngcontent-evm-c8]   div[_ngcontent-evm-c8]{color:#666;max-height:34px;overflow:hidden;text-overflow:ellipsis;font-size:16px;font-weight:600;padding:1px 5px}.top-dropdown-menu[_ngcontent-evm-c8]   .msg-list[_ngcontent-evm-c8] &amp;gt; a[_ngcontent-evm-c8]   .msg-area[_ngcontent-evm-c8]   div[_ngcontent-evm-c8]   .time[_ngcontent-evm-c8]{font-size:12px;float:right;font-weight:1}.top-dropdown-menu[_ngcontent-evm-c8]   .msg-list[_ngcontent-evm-c8] &amp;gt; a[_ngcontent-evm-c8]   .msg-area[_ngcontent-evm-c8]   .subTitle[_ngcontent-evm-c8], .top-dropdown-menu[_ngcontent-evm-c8]   .msg-list[_ngcontent-evm-c8] &amp;gt; a[_ngcontent-evm-c8]   .msg-area[_ngcontent-evm-c8]   .title[_ngcontent-evm-c8]{display:flex;justify-content:space-between}.top-dropdown-menu[_ngcontent-evm-c8]   .msg-list[_ngcontent-evm-c8] &amp;gt; a[_ngcontent-evm-c8]   .msg-area[_ngcontent-evm-c8]   .subTitle[_ngcontent-evm-c8]   .listTop[_ngcontent-evm-c8]{color:#666;text-align:left;display:block;font-size:15px;padding:1px 5px}.top-dropdown-menu[_ngcontent-evm-c8]   .msg-list[_ngcontent-evm-c8] &amp;gt; a[_ngcontent-evm-c8]   .msg-area[_ngcontent-evm-c8]   .subTitle[_ngcontent-evm-c8]   .listUnder[_ngcontent-evm-c8]{color:#0997fd;font-size:15px;padding:1px 5px;font-weight:1}.top-dropdown-menu[_ngcontent-evm-c8]   .msg-list[_ngcontent-evm-c8] &amp;gt; a[_ngcontent-evm-c8]   .msg-area[_ngcontent-evm-c8]   .subTitle[_ngcontent-evm-c8]   .listUnder[_ngcontent-evm-c8]   .listUnit[_ngcontent-evm-c8]{color:#666}.top-dropdown-menu[_ngcontent-evm-c8]   .msg-list[_ngcontent-evm-c8] &amp;gt; a[_ngcontent-evm-c8]   .msg-area[_ngcontent-evm-c8]   .unUnder[_ngcontent-evm-c8]{position:relative;cursor:pointer}.top-dropdown-menu[_ngcontent-evm-c8]   .msg-list[_ngcontent-evm-c8] &amp;gt; a[_ngcontent-evm-c8]   .msg-area[_ngcontent-evm-c8]   .unUnder[_ngcontent-evm-c8]::before{content:' ● ';color:#e85656;font-size:8px;left:-2%;position:absolute;cursor:pointer}.top-dropdown-menu[_ngcontent-evm-c8]   .msg-list[_ngcontent-evm-c8] &amp;gt; a[_ngcontent-evm-c8]   .msg-area[_ngcontent-evm-c8]   .un[_ngcontent-evm-c8]{position:relative;cursor:pointer}.top-dropdown-menu[_ngcontent-evm-c8]   .msg-list[_ngcontent-evm-c8] &amp;gt; a[_ngcontent-evm-c8]   .msg-area[_ngcontent-evm-c8]   .un[_ngcontent-evm-c8]::before{content:' ● ';color:#0997fd;font-size:8px;left:-2%;position:absolute;cursor:pointer}.top-dropdown-menu[_ngcontent-evm-c8]   .msg-list[_ngcontent-evm-c8] &amp;gt; a[_ngcontent-evm-c8]:hover{background:#e2f0ff}.top-dropdown-menu[_ngcontent-evm-c8] &amp;gt; a[_ngcontent-evm-c8]{display:block;text-align:center;padding:10px;font-size:12px;text-decoration:none}.top-dropdown-menu.profile-dropdown[_ngcontent-evm-c8]{max-width:220px;width:60%;min-width:195px;top:55px;right:-25px;padding-bottom:15px}.top-dropdown-menu.profile-dropdown[_ngcontent-evm-c8]   a[_ngcontent-evm-c8]{text-align:left;border:none;text-decoration:none;padding:8px 16px 8px 20px}.top-dropdown-menu.profile-dropdown[_ngcontent-evm-c8]   a[_ngcontent-evm-c8]   i[_ngcontent-evm-c8]{margin-right:10px}.top-dropdown-menu.profile-dropdown[_ngcontent-evm-c8]   i.dropdown-arr[_ngcontent-evm-c8]{right:25px}.top-dropdown-menu[_ngcontent-evm-c8]   i.dropdown-arr[_ngcontent-evm-c8]{position:absolute;top:-22px;right:42px;display:block;width:0;height:0;border:11px solid transparent;border-bottom-color:#fff}.top-dropdown-menu[_ngcontent-evm-c8]   i.dropdown-arr[_ngcontent-evm-c8]:after{top:-9px;left:0;margin-left:-10px;content:" ";position:absolute;display:block;width:0;height:0;border:10px solid transparent}.btn.btn-primary.w-33[_ngcontent-evm-c8]{float:right;margin:.5rem}@media (max-width:415px){.top-dropdown-menu[_ngcontent-evm-c8]{right:-135px}.top-dropdown-menu[_ngcontent-evm-c8]   i.dropdown-arr[_ngcontent-evm-c8]{right:75px}}.bg--white[_ngcontent-evm-c8]{background-color:#fff!important}&lt;/style&gt;&lt;style&gt;@charset "UTF-8";.middle_header[_ngcontent-evm-c9]   .content-top[_ngcontent-evm-c9]{padding-top:5px}.content-top[_ngcontent-evm-c9]{padding-top:13px}h1.al-title[_ngcontent-evm-c9]{font-weight:700;color:#fff;width:auto;margin:0;padding:0;font-size:24px;text-transform:capitalize;opacity:.9}.al-breadcrumb[_ngcontent-evm-c9]{background:0 0;padding:11px 0 0;margin:0}.al-breadcrumb[_ngcontent-evm-c9]   li[_ngcontent-evm-c9]{font-size:18px;font-weight:400}.al-breadcrumb[_ngcontent-evm-c9]   li.breadcrumb-item.active[_ngcontent-evm-c9]{color:#fff}.al-look[_ngcontent-evm-c9]{margin-right:10px;padding-top:10px}.al-look[_ngcontent-evm-c9] &amp;gt; a[_ngcontent-evm-c9]{font-size:19px}@media (max-width:767px){.content-top.clearfix[_ngcontent-evm-c9]{padding:14px 0 5px!important}.al-breadcrumb[_ngcontent-evm-c9]{padding-top:0;padding-left:.5rem}.al-breadcrumb[_ngcontent-evm-c9]   li[_ngcontent-evm-c9]{font-size:14px}}&lt;/style&gt;&lt;style&gt;@charset "UTF-8";[_nghost-evm-c11]     .dashboss .sitename.overflow_y_hidden{width:115px}[_nghost-evm-c11]     .dashboss .sitename.overflow_y_hidden a.gobreport span{width:78px}[_nghost-evm-c11]     .dashboss .Rank_table a.gobreport span{width:auto}[_nghost-evm-c11]     .dashboss .date_title_991 .card{margin-bottom:6px}[_nghost-evm-c11]     .dashboss .DWM__pick_dropselect{top:15px}[_nghost-evm-c11]     .dashboss .chartDetailSelector .DWM__pick_dropselect{position:unset;right:0;width:0}[_nghost-evm-c11]     .dashboss .Rank_table tbody td:last-child{padding-right:8px!important}[_nghost-evm-c11]     .dashboss .Rank_table .noWrap th:nth-child(3){display:inline-block;overflow:hidden;text-overflow:ellipsis;white-space:nowrap;width:82px}[_nghost-evm-c11]     .dashboss .Rank_table .noWrap th{border-top:none}@media screen and (min-width:1620px){[_nghost-evm-c11]     .dashboss graphic-chart .card-body{padding-left:12px;padding-right:12px}}@media screen and (max-width:1740px){[_nghost-evm-c11]     .dashboss .dashboss a.gobreport i.gotowebsite{display:none}[_nghost-evm-c11]     .dashboss .dashboss .sitename.overflow_y_hidden{width:90px}}@media screen and (max-width:1620px){[_nghost-evm-c11]     .dashboss .dashboss a.gobreport span{width:100px}[_nghost-evm-c11]     .dashboss .dashboss a.gobreport i.gotowebsite{display:inline-block}[_nghost-evm-c11]     .dashboss .dashboss .sitename.overflow_y_hidden{width:150px}[_nghost-evm-c11]     .dashboss .sitename.overflow_y_hidden{width:180px}[_nghost-evm-c11]     .dashboss #data-table .sitelist_TB a.gobreport span{width:76px}}@media screen and (max-width:991px){[_nghost-evm-c11]     .dashboss .graphic-chart{margin-top:18px}[_nghost-evm-c11]     .dashboss   deposit-chart{margin-top:20px}[_nghost-evm-c11]     .dashboss .dashboss_chart .card .card-body{padding-bottom:0}[_nghost-evm-c11]     .dashboss .show_game_analysis{margin-top:-20px}[_nghost-evm-c11]     .dashboss a.gobreport span{width:auto}[_nghost-evm-c11]     .dashboss .dashboss .sitename.overflow_y_hidden{width:310px}[_nghost-evm-c11]     .dashboss .sitename.overflow_y_hidden{width:310px}}@media screen and (max-width:520px){[_nghost-evm-c11]     .dashboss a.gobreport span{width:120px}[_nghost-evm-c11]     .dashboss .dashboss .sitename.overflow_y_hidden{width:170px}[_nghost-evm-c11]     .dashboss .sitename.overflow_y_hidden{width:170px}}@media screen and (max-width:405px){[_nghost-evm-c11]     .dashboss a.gobreport span{width:80px}[_nghost-evm-c11]     .dashboss .dashboss .sitename.overflow_y_hidden{width:110px}[_nghost-evm-c11]     .dashboss .sitename.overflow_y_hidden{width:135px}}@media screen and (max-width:325px){[_nghost-evm-c11]     .dashboss .sitename.overflow_y_hidden{width:100px}[_nghost-evm-c11]     .dashboss .dashboss a.gobreport span{width:105px}[_nghost-evm-c11]     .dashboss .dashboss a.gobreport i.gotowebsite{display:none}[_nghost-evm-c11]     .dashboss #data-table a.gobreport i.gotowebsite, [_nghost-evm-c11]     .dashboss .Rank_table a.gobreport i.gotowebsite{display:none}}.topback21[_ngcontent-evm-c11]{top:-21px}.icon__gametoy-postition[_ngcontent-evm-c11]{margin-top:-4px;margin-right:10px}.icon__site-cell-postition[_ngcontent-evm-c11]{margin-top:-2px;margin-right:10px}.mobile_btn_area__height[_ngcontent-evm-c11]{min-height:44px}.mobile_btn_area__height[_ngcontent-evm-c11]   button[_ngcontent-evm-c11]{line-height:44px}.mobile_btn__height[_ngcontent-evm-c11]{line-height:39px;height:39px}&lt;/style&gt;&lt;style&gt;.theme_group_select[_ngcontent-evm-c12]   .dropdown-menu[_ngcontent-evm-c12]{top:36px}a.disabled[_ngcontent-evm-c12]{pointer-events:none}.kanban_nav[_ngcontent-evm-c12]   .mobile_btn_area[_ngcontent-evm-c12]{border-bottom:none}.kanban_nav[_ngcontent-evm-c12]   .mobile_btn_area[_ngcontent-evm-c12]   a[_ngcontent-evm-c12]{padding:0}.kanban_nav[_ngcontent-evm-c12]   .mobile_btn_area[_ngcontent-evm-c12]   a[_ngcontent-evm-c12]:last-child{padding:0 5px}.kanban_nav[_ngcontent-evm-c12]   .mobile_btn_area[_ngcontent-evm-c12]   a[_ngcontent-evm-c12]   span.fa-angle-down[_ngcontent-evm-c12]{padding:12px 10px;margin-right:-10px}.kanban_nav[_ngcontent-evm-c12]   .mobile_btn_area[_ngcontent-evm-c12]   .icon-arrow-down[_ngcontent-evm-c12]{position:absolute;right:4%;font-size:.4rem}.kanban_nav[_ngcontent-evm-c12]   .mobile_btn_area[_ngcontent-evm-c12]   a[_ngcontent-evm-c12]   .Deposi-withdrawals[_ngcontent-evm-c12]{width:100%;height:auto}.kanban_nav[_ngcontent-evm-c12]   .mobile_btn_area[_ngcontent-evm-c12]   a[_ngcontent-evm-c12]   .Deposi-withdrawals[_ngcontent-evm-c12] &amp;gt; span[_ngcontent-evm-c12]{width:100%;display:block;height:42px;border-radius:4px}.kanban_nav__dropdown-menu--position[_ngcontent-evm-c12]{margin-top:0}@media screen and (max-width:991px){.kanban_nav[_ngcontent-evm-c12]   .mobile_btn_area[_ngcontent-evm-c12]   a[_ngcontent-evm-c12]   .Deposi-withdrawals[_ngcontent-evm-c12]{position:absolute;width:100vw;top:42px;left:0;padding:10px 15px;height:auto}}&lt;/style&gt;&lt;style&gt;@charset "UTF-8";[_nghost-evm-c13]     .date-panel .card&amp;gt;.card-body{padding:10px 20px;min-height:60px}.baDate[_ngcontent-evm-c13]{width:100%;display:flex;min-height:40px;flex-wrap:wrap}.newdate__left--wrp[_ngcontent-evm-c13], .newdate__middle--wrp[_ngcontent-evm-c13], .newdate__right--wrp[_ngcontent-evm-c13]{height:40px}.newdate__left--wrp[_ngcontent-evm-c13]{display:flex;flex:0 0 20%;padding:3px 5px 0 0;float:left}.newdate__middle--wrp[_ngcontent-evm-c13]{position:relative;display:block;flex:0 0 43%;padding:3px 5px 0 0;float:left;right:37%}.newdate__right--wrp[_ngcontent-evm-c13]{position:relative;display:flex;flex:0 0 37%;float:left;left:43%}@media screen and (max-width:1814px){.newdate__middle--wrp[_ngcontent-evm-c13]{flex:0 0 100%;right:0;margin-top:7px}.newdate__right--wrp[_ngcontent-evm-c13]{flex:1 0 70%;left:auto}}[_nghost-evm-c13]     .newdate__right--wrp .tooltip{min-width:60px}.newdate__right__icon.active[_ngcontent-evm-c13]{visibility:visible}.newdate__right__icon[_ngcontent-evm-c13]{visibility:hidden}.line-bottom[_ngcontent-evm-c13]{border-bottom:1px solid #797979}.link-line[_ngcontent-evm-c13]{text-decoration:underline;cursor:pointer}label.custom-checkbox[_ngcontent-evm-c13]{position:relative}label.custom-checkbox[_ngcontent-evm-c13] &amp;gt; span[_ngcontent-evm-c13]{padding-left:5px;vertical-align:middle}table[_ngcontent-evm-c13]   td[_ngcontent-evm-c13]{border-top:none}[_nghost-evm-c13]     ngb-typeahead-window{height:65vh;min-height:350px;overflow-y:auto}div[_ngcontent-evm-c13]::-webkit-scrollbar{height:5px}.type_pick[_ngcontent-evm-c13]{position:absolute;z-index:3;display:none;min-width:150px;background:#fff;border-radius:5px;width:40%;border:1px solid rgba(0,0,0,.15)}.type_pick[_ngcontent-evm-c13]   .type_pick_title[_ngcontent-evm-c13]{margin:0;padding:10px 5px 5px}.type_pick[_ngcontent-evm-c13] &amp;gt; div[_ngcontent-evm-c13]{height:30px;line-height:30px;padding:15px auto;text-align:center;cursor:pointer;margin-bottom:10px}.type_pick[_ngcontent-evm-c13]   .btn-group[_ngcontent-evm-c13]   button.btn.btn-default[_ngcontent-evm-c13]{color:#fff;height:auto}.type_pick[_ngcontent-evm-c13]   ul[_ngcontent-evm-c13]{margin:.3rem 0;list-style-type:none}.type_pick[_ngcontent-evm-c13]   ul[_ngcontent-evm-c13]   li[_ngcontent-evm-c13]{cursor:pointer;text-align:center;min-width:140px;width:100%}.type_pick[_ngcontent-evm-c13]   ul[_ngcontent-evm-c13]   li.active[_ngcontent-evm-c13], .type_pick[_ngcontent-evm-c13]   ul[_ngcontent-evm-c13]   li[_ngcontent-evm-c13]:hover{border-radius:4px}.Interval_type[_ngcontent-evm-c13]{position:relative;z-index:15;height:40px;max-width:12px;line-height:35px;width:3%;display:inline-block}.Interval_type[_ngcontent-evm-c13]   i[_ngcontent-evm-c13]{font-size:.9rem;margin-left:.2rem}.Interval_type[_ngcontent-evm-c13]:hover   .type_pick[_ngcontent-evm-c13], .type_pick_mobile[_ngcontent-evm-c13]:hover   .type_pick[_ngcontent-evm-c13]{display:inline-block;position:absolute;left:-75px;top:25px;z-index:15}.type_pick_mobile[_ngcontent-evm-c13]{display:none;width:8%;padding:10px 0}.type_pick_mobile[_ngcontent-evm-c13]   i[_ngcontent-evm-c13]{padding:1px 10px 6px 5px}.type_pick_mobile[_ngcontent-evm-c13]   img[_ngcontent-evm-c13]{margin-top:-10px}.baDateform[_ngcontent-evm-c13]{display:inline-flex;align-items:center;justify-content:center;text-align:center;width:100%;white-space:nowrap}.baDateform[_ngcontent-evm-c13]   a[_ngcontent-evm-c13]{width:10%;display:inline-block;text-align:center;padding:8px 5px;cursor:pointer}.baDateform[_ngcontent-evm-c13]   a.active[_ngcontent-evm-c13]{border-radius:4px}ba-range-picker[_ngcontent-evm-c13]{width:100%}.datepicker[_ngcontent-evm-c13]{width:48%;float:right;height:42px!important}.btn.btn-primary.btn-raised[_ngcontent-evm-c13]{display:inline-block;width:8%;max-width:80px}.background[_ngcontent-evm-c13]{z-index:905;background-color:#101012;height:calc(100% - 460px);width:100%;position:fixed;opacity:.8;top:0}.visibility__hidden[_ngcontent-evm-c13]{visibility:hidden}.gpk__setting[_ngcontent-evm-c13]{display:inline-flex;margin-left:10px;margin-top:10px;color:#666;cursor:pointer}@media screen and (max-width:1420px){.baDateform[_ngcontent-evm-c13]{display:inline-block;margin-bottom:8px}.baDateform[_ngcontent-evm-c13]   a[_ngcontent-evm-c13]{width:10%}.baDateform[_ngcontent-evm-c13]   a.active[_ngcontent-evm-c13]{border-radius:4px}ba-range-picker[_ngcontent-evm-c13]{width:100%;display:inline-block}.btn.btn-primary.btn-raised[_ngcontent-evm-c13]{display:inline-block;width:8%;padding:5px 0;text-align:center}.Interval_type[_ngcontent-evm-c13]   i[_ngcontent-evm-c13]{font-size:.9rem;margin-left:.2rem}}@media screen and (max-width:991px){.game-analysis[_ngcontent-evm-c13]   .col-12.NAVlist[_ngcontent-evm-c13]{height:calc(100% - 150px)}.game-analysis[_ngcontent-evm-c13]   .drop-panel[_ngcontent-evm-c13]   .mobile_btn_area2[_ngcontent-evm-c13]{width:98%}.mobile_fill_height[_ngcontent-evm-c13]{min-height:50px}.baDateform[_ngcontent-evm-c13]{margin-top:5px;margin-bottom:0}.type_pick_mobile[_ngcontent-evm-c13]{width:7%;display:inline-block;position:absolute}.row-list[_ngcontent-evm-c13]   .love-list-item[_ngcontent-evm-c13]{width:calc(100% - 60px);text-align:left}.Interval_type[_ngcontent-evm-c13]{display:none}.Interval_type[_ngcontent-evm-c13]:hover   .type_pick[_ngcontent-evm-c13]{right:0;left:inherit;position:fixed;width:100%;top:calc(100% - 220px);height:220px}.Interval_type[_ngcontent-evm-c13]:hover   .type_pick[_ngcontent-evm-c13]   .ul_pick_title[_ngcontent-evm-c13]{color:#fff;padding:19px 15px;height:50px}.Interval_type[_ngcontent-evm-c13]:hover   .type_pick[_ngcontent-evm-c13]   .ul_pick_title[_ngcontent-evm-c13]   .ul_pick_title_text[_ngcontent-evm-c13]{height:20px;border:1em}.Interval_type[_ngcontent-evm-c13]:hover   .type_pick[_ngcontent-evm-c13]   .close_btn[_ngcontent-evm-c13]{right:15px;top:15px;cursor:pointer}.type_pick_pop[_ngcontent-evm-c13]{right:0;left:inherit;position:fixed;width:100%;top:calc(100% - 460px);height:460px;background:#333;z-index:9999;text-align:center}.type_pick_pop[_ngcontent-evm-c13]   .ul_pick_title[_ngcontent-evm-c13]{color:#fff;padding:19px 15px;height:50px}.type_pick_pop[_ngcontent-evm-c13]   .ul_pick_title[_ngcontent-evm-c13]   .ul_pick_title_text[_ngcontent-evm-c13]{height:20px;border:1em}.type_pick_pop[_ngcontent-evm-c13]   .close_btn[_ngcontent-evm-c13]{right:10px;top:10px;cursor:pointer}.type_pick_pop[_ngcontent-evm-c13]   .ul_pick[_ngcontent-evm-c13]{padding:0}.type_pick_pop[_ngcontent-evm-c13]   .ul_pick[_ngcontent-evm-c13]   .item[_ngcontent-evm-c13]{padding:10px;height:40px}.type_pick_pop[_ngcontent-evm-c13]   .ul_pick[_ngcontent-evm-c13]   .item.active[_ngcontent-evm-c13]{border-radius:0}.newdate__right__icon[_ngcontent-evm-c13]{display:none}}@media screen and (max-width:767px){.baDate[_ngcontent-evm-c13]{text-align:center;margin:-5px;height:145px;position:relative}ba-range-picker[_ngcontent-evm-c13]{width:100%}.baDateform[_ngcontent-evm-c13]{display:inline-flex;align-items:center;justify-content:space-between;width:100%}.baDateform[_ngcontent-evm-c13]   a[_ngcontent-evm-c13]{display:inline-flex;width:14%;align-items:center;justify-content:center;min-height:44px;min-width:53px;padding:3px 2px;font-size:.875rem;cursor:pointer;margin-bottom:8px;margin-top:2px}.baDateform[_ngcontent-evm-c13]   a.active[_ngcontent-evm-c13]{border-radius:4px}.btn.btn-primary.btn-raised[_ngcontent-evm-c13]{display:inline-block;width:80%;margin:8px 0 0 8px}}.height_fixed[_ngcontent-evm-c13]{-moz-user-select:none;-webkit-user-select:none;min-height:68px;height:auto}.date-panel[_ngcontent-evm-c13]{-webkit-animation-duration:.5s;display:block;position:relative}[_nghost-evm-c13]     .fixed{position:fixed!important;margin-left:-20px;top:66px;height:60px;z-index:3}[_nghost-evm-c13]     .fixed .card .card-body .baDate .filter-type .drop-panel{margin-left:-4px!important}.mobile_fixed[_ngcontent-evm-c13]{position:fixed!important;top:0;left:0;height:60px;z-index:3;padding:0}.mobile_fixed_down[_ngcontent-evm-c13]{position:fixed!important;top:66px}@media screen and (min-width:1200px) and (max-width:2400px){[_nghost-evm-c13]     .fixed .baDate{padding-right:110px}}@media screen and (max-width:991px){h5[_ngcontent-evm-c13]{width:100%;display:inline-block;padding-bottom:7px}.height_fixed[_ngcontent-evm-c13]{position:fixed;z-index:6;top:-200px}.Date_close_div[_ngcontent-evm-c13]{position:fixed;z-index:5;top:0;left:0;width:100%;background:rgba(0,0,0,.5);height:100vh;display:block}.date_close_btn[_ngcontent-evm-c13]{cursor:pointer;position:absolute;top:-25px;right:12px;width:50px;height:50px;padding:2px;border-radius:50%;text-align:center;background:#333}.date_close_btn[_ngcontent-evm-c13]   i[_ngcontent-evm-c13]{position:relative;z-index:3;font-size:2rem}.up_close_area[_ngcontent-evm-c13]{z-index:2;position:absolute;cursor:pointer;top:auto;bottom:-50px;right:10px;width:50px;height:25px;display:block;overflow:hidden}.date_title_991[_ngcontent-evm-c13]   .up_dateclose_btn[_ngcontent-evm-c13], .date_title_991[_ngcontent-evm-c13]   .up_dateclose_btn[_ngcontent-evm-c13]   i[_ngcontent-evm-c13]{display:none}.date_title_991.mobile_fixed[_ngcontent-evm-c13]   .up_dateclose_btn[_ngcontent-evm-c13]{display:block;margin-top:-26px;background:#485563;width:50px;height:50px;padding:5px;border-radius:50%;text-align:center}.date_title_991.mobile_fixed[_ngcontent-evm-c13]   .up_dateclose_btn[_ngcontent-evm-c13]   i[_ngcontent-evm-c13]{position:relative;display:inline-block;z-index:3;padding-top:20px;font-size:1.6rem}.date-panel[_ngcontent-evm-c13]{position:fixed;bottom:0;left:0;z-index:6;text-align:center}.data_mobile_icon[_ngcontent-evm-c13]{margin-left:.5rem}.mobile_cellDate_btn[_ngcontent-evm-c13]{cursor:pointer;position:fixed;top:75px;right:4vw;z-index:7;text-align:center}.mobile_cellDate_btn[_ngcontent-evm-c13]   .NAVup_Btn[_ngcontent-evm-c13]{background-color:rgba(40,40,40,.6);border-radius:50%;padding:6px;width:42px;height:42px;display:inline-block}.mobile_cellDate_btn[_ngcontent-evm-c13]   .NAVup_Btn[_ngcontent-evm-c13]   i[_ngcontent-evm-c13]{font-size:1.8rem;color:#88d1c9}.mobile_cellDate_btn[_ngcontent-evm-c13]   .NAVup_Btn[_ngcontent-evm-c13]   img[_ngcontent-evm-c13]{margin-left:-1px}.mobile_cellDate_btn[_ngcontent-evm-c13]   .NAVup_Btn.active[_ngcontent-evm-c13]{background:#dbdbdb}.mobile_cellDate_btn[_ngcontent-evm-c13]   .NAVup_Btn.active[_ngcontent-evm-c13]   i[_ngcontent-evm-c13]{color:#1b867b}.hidden-date-panel[_ngcontent-evm-c13]{display:none!important}}@media screen and (max-width:500px){.date-panel[_ngcontent-evm-c13]{bottom:0;left:0}.baDateform.btn-group[_ngcontent-evm-c13]   a[_ngcontent-evm-c13]{margin-bottom:10px;width:14%}}@media screen and (max-width:385px){h5[_ngcontent-evm-c13]{font-size:.875rem}}  .filter-site-fixed-pin-margin{margin-left:-137px}.filter-site-unfixed-pin-margin[_ngcontent-evm-c13]{margin-left:177px}@media screen and (max-width:1420px){  .filter-site-fixed-pin-margin{margin-left:-137px}}.site-filter-center[_ngcontent-evm-c13]{right:25%;margin-top:-15px}.date_panel_fixed-wrp[_ngcontent-evm-c13]{position:relative;width:100%;height:40px;display:block}.date_panel_v2[_ngcontent-evm-c13]{background:#252525;height:50px;width:100%;display:block;padding:17px 15px}.date_panel_v2[_ngcontent-evm-c13]   .date_panel_fastpick[_ngcontent-evm-c13]{position:absolute;display:flex;width:55px;height:50px}.date_panel_fastpick[_ngcontent-evm-c13]   .fastpick_icon[_ngcontent-evm-c13]{display:inline-block;margin-left:6px;margin-bottom:33px;transform:rotate(90deg)}.date_panel_v2[_ngcontent-evm-c13]   .date_panel_day_label[_ngcontent-evm-c13]{width:100%;letter-spacing:.1px;text-align:center}.date_panel_calendar[_ngcontent-evm-c13]{position:absolute;right:10px;top:5px;width:40px;text-align:center;font-size:1rem;transform:scale(1.1,1)}.date_panel_calendar[_ngcontent-evm-c13]   .icon_frame[_ngcontent-evm-c13]{display:inline-block;width:15px;height:16px;margin-top:12px;border-radius:2px;overflow:hidden;line-height:10px}[_nghost-evm-c13]     .fixedv2{position:fixed!important;top:0;height:50px;z-index:3}&lt;/style&gt;&lt;style&gt;.card-box[_ngcontent-evm-c18]{transition:all .3s linear}.card--close[_ngcontent-evm-c18]{max-height:0;overflow:hidden;padding-top:0;padding-bottom:0}&lt;/style&gt;&lt;style&gt;@charset "UTF-8";.hidden[_ngcontent-evm-c21]{display:none!important}.top_text[_ngcontent-evm-c21]{display:inline-block;padding:14px 0 0;vertical-align:top}.area-date[_ngcontent-evm-c21]{display:inline-block;min-width:90px;white-space:nowrap}.show_datetype[_ngcontent-evm-c21]{padding:1px 5px;border-radius:4px;margin-right:.3rem}.dateSpan[_ngcontent-evm-c21]{color:#999}.dateSpan.active[_ngcontent-evm-c21]{border-radius:4px;padding:1px 3px;border:1px solid #90b900}.flow_btn[_ngcontent-evm-c21]{display:none}@media screen and (max-width:991px){.area-date[_ngcontent-evm-c21]{position:relative;display:block}.area-date[_ngcontent-evm-c21]   .flow_btn[_ngcontent-evm-c21]{display:inline-block}.hour_text[_ngcontent-evm-c21]{padding-top:2rem}}.area[_ngcontent-evm-c21], .area1[_ngcontent-evm-c21]{display:inline-block;height:1rem}.area1[_ngcontent-evm-c21]{vertical-align:top}.area1[_ngcontent-evm-c21] &amp;gt; .pk1[_ngcontent-evm-c21]{height:1rem;margin:0 .5rem 0 .6rem}.hour_text[_ngcontent-evm-c21]{color:#2dacd1;width:14%;margin-top:3px}.hour_text[_ngcontent-evm-c21]   #thr_from[_ngcontent-evm-c21], .hour_text[_ngcontent-evm-c21]   #thr_to[_ngcontent-evm-c21]{display:inline-block}.hour_text[_ngcontent-evm-c21]   .left-p1[_ngcontent-evm-c21]{display:inline-block;margin-left:.4rem}.BaDateInput[_ngcontent-evm-c21]   .datepickBorder[_ngcontent-evm-c21]   input.hidden[_ngcontent-evm-c21]{display:none}.hidden-767[_ngcontent-evm-c21]{display:inline-block}.show-767[_ngcontent-evm-c21], .show-991[_ngcontent-evm-c21]{display:none}.selectDate_Click[_ngcontent-evm-c21]{display:inline-block;text-align:center;position:relative;width:100%}.selectDate_Click[_ngcontent-evm-c21]   .RangePick_div_goLeft[_ngcontent-evm-c21]{display:block;position:absolute;background:0 0;width:105%;height:36px}.BaDateInput[_ngcontent-evm-c21]   input[_ngcontent-evm-c21]{background:0 0;color:#209e91}@media screen and (min-width:1420px) and (max-width:3000px){.selectDate_Click[_ngcontent-evm-c21]   .RangePick_div_goLeft[_ngcontent-evm-c21]{display:block;top:-5px;left:-135px;width:120%}}@media screen and (min-width:991px) and (max-width:1419px){.selectDate_Click[_ngcontent-evm-c21]   .RangePick_div_goLeft[_ngcontent-evm-c21]{display:block;top:-5px;left:-130px;width:120%}}@media screen and (min-width:325px) and (max-width:767px){.selectDate_Click[_ngcontent-evm-c21]{float:left}.selectDate_Click[_ngcontent-evm-c21]   .RangePick_div_goLeft[_ngcontent-evm-c21]{position:absolute;top:-235px;display:block;left:0;width:120%;height:50px}}@media screen and (max-width:325px){.selectDate_Click[_ngcontent-evm-c21]{margin-left:30px}}.BaDateInput[_ngcontent-evm-c21]{height:40px}.BaDateInput[_ngcontent-evm-c21]   .datepickBorder[_ngcontent-evm-c21]{width:calc(100% - 80px);margin:0 10px 0 70px}@media screen and (min-width:1420px){.BaDateInput[_ngcontent-evm-c21]{display:inline-block;width:100%;text-align:center;white-space:nowrap;position:relative}.BaDateInput[_ngcontent-evm-c21]   input[_ngcontent-evm-c21]{font-family:Arial,Helvetica,sans-serif,Tahoma,SimSun,"Century Gothic","Microsoft YaHei";border-radius:4px;border:none;width:80px;text-align:center}.BaDateInput[_ngcontent-evm-c21]   .datepickBorder[_ngcontent-evm-c21]{display:inline-block;width:90%;max-width:700px;border-radius:4px;border:1px solid rgba(255,255,255,.2);margin:0 10px}.BaDateInput[_ngcontent-evm-c21]   .datepickBorder[_ngcontent-evm-c21]   .edatepick[_ngcontent-evm-c21]{color:#dbdbdb}}@media screen and (max-width:1420px){.BaDateInput[_ngcontent-evm-c21]{display:inline-block;width:95%;text-align:center;vertical-align:middle}.BaDateInput[_ngcontent-evm-c21]   input[_ngcontent-evm-c21]{font-family:Arial,Helvetica,sans-serif,Tahoma,SimSun,"Century Gothic","Microsoft YaHei";border-radius:4px;border:none;width:80px;text-align:center}.BaDateInput[_ngcontent-evm-c21]   .datepickBorder[_ngcontent-evm-c21]{display:inline-block;width:85%;max-width:790px;min-width:430px;border-radius:4px;border:1px solid rgba(255,255,255,.2);margin:0 10px}.BaDateInput[_ngcontent-evm-c21]   .datepickBorder[_ngcontent-evm-c21]   .edatepick[_ngcontent-evm-c21]{color:#dbdbdb}}@media screen and (max-width:767px){.small_767[_ngcontent-evm-c21]{font-size:.78rem;float:left;padding:0 0 35px}.selectDate_Click[_ngcontent-evm-c21]{width:75%}.hour_text[_ngcontent-evm-c21]{width:30%}.dateSpan[_ngcontent-evm-c21]{display:inline-block;padding:2px 0}.BaDateInput[_ngcontent-evm-c21]{display:inline-block;width:95%;text-align:center;margin:0}.BaDateInput[_ngcontent-evm-c21]   .datepickBorder[_ngcontent-evm-c21]{min-width:100%;display:table;border:unset;margin:0;padding:10px 0 0}.BaDateInput[_ngcontent-evm-c21]   .datepickBorder[_ngcontent-evm-c21]   .area1[_ngcontent-evm-c21]{text-align:center;display:inline-block;vertical-align:top}.BaDateInput[_ngcontent-evm-c21]   .datepickBorder[_ngcontent-evm-c21]   input[_ngcontent-evm-c21]{width:85px;text-align:center;margin-bottom:5px;font-size:.9rem;display:inline-block;background:#eee;color:#666}.BaDateInput[_ngcontent-evm-c21]   .datepickBorder[_ngcontent-evm-c21]   input[_ngcontent-evm-c21]:focus{border:2px solid #88d1c9;box-shadow:0 0 5px rgba(255,255,200,.7)}.BaDateInput[_ngcontent-evm-c21]   .datepickBorder[_ngcontent-evm-c21]   .edatepick[_ngcontent-evm-c21]{color:#dbdbdb}.selectDate_Click[_ngcontent-evm-c21]{padding-left:5px}.hour_text[_ngcontent-evm-c21]{margin-left:5px}.hidden-767[_ngcontent-evm-c21]{display:none!important}.show-767[_ngcontent-evm-c21]{display:inline-block}}.hove_hourset[_ngcontent-evm-c21]{text-align:center;display:table;position:relative;width:100%;padding:0 5px;height:36px;line-height:30px;white-space:nowrap}.hove_hourset[_ngcontent-evm-c21]   .hour_set_area[_ngcontent-evm-c21]{width:100%;position:absolute;min-height:35px;line-height:30px;padding:6px 5px 10px 18px;border-radius:4px;text-align:center;border:1px solid rgba(0,0,0,.15);margin:6px 10px 10px -6px;white-space:nowrap}.hove_hourset[_ngcontent-evm-c21]   .hour_set_area[_ngcontent-evm-c21]   .add_or_subtract[_ngcontent-evm-c21]{text-align:center;display:inline-block;height:28px;width:28px;border-radius:4px;background:rgba(255,255,255,.1);color:#fff;cursor:pointer}.hove_hourset[_ngcontent-evm-c21]   .hour_set_area[_ngcontent-evm-c21]   .add_or_subtract[_ngcontent-evm-c21]:hover{background:#2dacd1}.hove_hourset[_ngcontent-evm-c21]   .hour_set_area[_ngcontent-evm-c21]   .lh_30[_ngcontent-evm-c21]{padding:5px 0;line-height:28px;margin:0 5px 0 8px;vertical-align:top;border-radius:8px}.hove_hourset[_ngcontent-evm-c21]   .hour_set_area[_ngcontent-evm-c21]   #hr_from[_ngcontent-evm-c21], .hove_hourset[_ngcontent-evm-c21]   .hour_set_area[_ngcontent-evm-c21]   #hr_to[_ngcontent-evm-c21]{display:inline-block;border-radius:4px;color:#fff;height:28px;margin:0 4px 0 2px;width:46px;text-align:center}#month_option[_ngcontent-evm-c21]{font-size:18px}.hour_set_area[_ngcontent-evm-c21]{display:none}.month_set_area[_ngcontent-evm-c21]{width:100%;z-index:2;position:absolute;min-height:35px;line-height:40px;padding:6px 5px 10px 18px;border-radius:4px;text-align:center;display:none;border:1px solid rgba(0,0,0,.15);margin:6px 10px 10px -6px}.month_set_area[_ngcontent-evm-c21]   .form-control[_ngcontent-evm-c21]{min-width:unset;max-width:unset}.select_month[_ngcontent-evm-c21]{width:420px;display:inline-flex}.select_month[_ngcontent-evm-c21]   span[_ngcontent-evm-c21]{margin-right:.875rem}.arbitrage_anal__date--frame[_ngcontent-evm-c21]{width:100%;height:100vh;position:fixed;top:0;left:0;z-index:1005;overflow:hidden;-webkit-animation-duration:.3s;animation-duration:.3s}.arbitrage_anal__date--frame.fadeOut[_ngcontent-evm-c21]{z-index:0}.arbitrage_anal__date__blackground[_ngcontent-evm-c21]{position:relative;width:100%;height:100%;background:rgba(0,0,0,.8)}.arbitrage_anal__date__panel[_ngcontent-evm-c21]{position:fixed;bottom:0;left:0;-webkit-animation-duration:.3s;animation-duration:.3s;height:auto;width:100%;background:#333}.arbitrage_anal__date__panel__title[_ngcontent-evm-c21]{line-height:50px;height:50px;border-bottom:1px solid #797979;text-align:center}.date__panel__close[_ngcontent-evm-c21]{position:absolute;right:10px;font-size:1.75rem;width:45px;height:45px;padding-left:15px}.arbitrage_anal__date__panel__body[_ngcontent-evm-c21]{padding:15px;color:#aaa;max-width:680px;margin:0 auto}.date__panel__from_row[_ngcontent-evm-c21]{width:100%;display:flex;height:50px;line-height:40px}.date__panel__from_label[_ngcontent-evm-c21]{min-width:70px}.date__panel__from_line[_ngcontent-evm-c21]{border-bottom:1px solid #555;margin-bottom:15px;height:55px}.date__panel__from_select[_ngcontent-evm-c21]{padding-top:1px;width:100%}.date__panel__from_input_day[_ngcontent-evm-c21], .date__panel__from_input_since_after[_ngcontent-evm-c21]{display:inline-flex;margin-bottom:10px;width:100%}.date__panel__from_input_day[_ngcontent-evm-c21]   input.form-control[_ngcontent-evm-c21], .date__panel__from_input_since_after[_ngcontent-evm-c21]   input.form-control[_ngcontent-evm-c21]{display:block;color:#fff;background:#2a2a2a;border:1px solid #5c5c5c;width:100%;text-align:center}.date__panel__from_input_since_after[_ngcontent-evm-c21]   input.form-control.has-error[_ngcontent-evm-c21]{border:1px solid #e85656}.date__panel__from_comparison_before[_ngcontent-evm-c21]{font-size:.875rem;width:100%}@media screen and (max-width:991px){.select_month[_ngcontent-evm-c21]{display:inline-flex;max-width:215px;float:left;padding:18px 0 10px}.select_month[_ngcontent-evm-c21]   span[_ngcontent-evm-c21]{padding:1px 5px;border-radius:4px;margin-right:.3rem;font-size:.78rem}.select_month[_ngcontent-evm-c21]   select[_ngcontent-evm-c21]{width:150px}}.select_hour_from[_ngcontent-evm-c21], .select_hour_to[_ngcontent-evm-c21]{width:420px;display:inline-flex}.select_hour_from[_ngcontent-evm-c21]   span[_ngcontent-evm-c21], .select_hour_to[_ngcontent-evm-c21]   span[_ngcontent-evm-c21]{margin-right:.3rem;min-width:70px;text-align:left}.select_hour_from[_ngcontent-evm-c21]   div[_ngcontent-evm-c21], .select_hour_to[_ngcontent-evm-c21]   div[_ngcontent-evm-c21]{width:70%;margin-right:.3rem}.select_hour_from_991[_ngcontent-evm-c21], .select_hour_to_991[_ngcontent-evm-c21]{float:left;display:inline-flex;max-width:215px}.select_hour_from_991[_ngcontent-evm-c21]   span[_ngcontent-evm-c21], .select_hour_to_991[_ngcontent-evm-c21]   span[_ngcontent-evm-c21]{min-width:76px;padding:1px 5px;border-radius:4px;margin-right:.3rem;font-size:.78rem;text-align:left}.select_hour_from_991[_ngcontent-evm-c21]   div[_ngcontent-evm-c21], .select_hour_to_991[_ngcontent-evm-c21]   div[_ngcontent-evm-c21]{left:0;width:150px}.select_hour_query_991[_ngcontent-evm-c21]{float:left;padding-left:5px;display:inline-flex;max-width:215px;width:100%}.select_hour_query_991[_ngcontent-evm-c21]   button[_ngcontent-evm-c21]{width:100%;left:0;top:5px}@media screen and (min-width:991px){.hour_set_area[_ngcontent-evm-c21] + .month_set_area[_ngcontent-evm-c21]{top:117px}}.hove_hourset[_ngcontent-evm-c21]:hover   .hour_set_area[_ngcontent-evm-c21]   .month_set_area[_ngcontent-evm-c21]{display:block;top:42px}@media screen and (max-width:991px){.hove_hourset[_ngcontent-evm-c21]{width:100%;max-width:245px;margin:0 auto}.hove_hourset[_ngcontent-evm-c21]:hover   .hour_set_area[_ngcontent-evm-c21]   .month_set_area[_ngcontent-evm-c21]{top:70px;left:6px;width:100%;padding:6px 2px}.hove_hourset[_ngcontent-evm-c21]   .hour_set_area[_ngcontent-evm-c21]   .lh_30[_ngcontent-evm-c21]   .month_set_area[_ngcontent-evm-c21]{margin:0 2px 0 0;border-radius:8px}.hour_text[_ngcontent-evm-c21]{margin-top:-18px}.show-991[_ngcontent-evm-c21]{display:inline-block}.hidden-991[_ngcontent-evm-c21]{display:none!important}.hove_hourset[_ngcontent-evm-c21]   .hour_set_area[_ngcontent-evm-c21], .month_set_area[_ngcontent-evm-c21]{position:unset;border:unset}.hour_set_area[_ngcontent-evm-c21], .month_set_area[_ngcontent-evm-c21]{display:block}}@media screen and (max-width:767px){.hove_hourset[_ngcontent-evm-c21]:hover   .hour_set_area[_ngcontent-evm-c21]   .month_set_area[_ngcontent-evm-c21]{left:6px;width:100%;padding:6px 2px}.text-right[_ngcontent-evm-c21]{position:relative;left:0}.color-primary[_ngcontent-evm-c21]{position:relative;left:35px}.query[_ngcontent-evm-c21]{position:relative;left:20px}.hove_hourset[_ngcontent-evm-c21]   .hour_set_area[_ngcontent-evm-c21]{position:unset;border:unset;padding-left:1px}.month_set_area[_ngcontent-evm-c21]{position:unset;border:unset;padding-left:0}.hour_set_area[_ngcontent-evm-c21], .month_set_area[_ngcontent-evm-c21]{display:block}}@media screen and (max-width:325px){.hove_hourset[_ngcontent-evm-c21]   .hour_set_area[_ngcontent-evm-c21]   .month_set_area[_ngcontent-evm-c21]{padding:5px 2px}.hour_text[_ngcontent-evm-c21]   .left-p1[_ngcontent-evm-c21]{display:none}.hove_hourset[_ngcontent-evm-c21]   .hour_set_area[_ngcontent-evm-c21], .month_set_area[_ngcontent-evm-c21]{position:unset;border:unset}.hour_set_area[_ngcontent-evm-c21], .month_set_area[_ngcontent-evm-c21]{display:block}}[_nghost-evm-c21]     .color-primary .irs{margin-top:-.95rem}[_nghost-evm-c21]     .color-primary .irs-from, [_nghost-evm-c21]     .color-primary .irs-single, [_nghost-evm-c21]     .color-primary .irs-to{background:#2dacd1}[_nghost-evm-c21]     .color-primary .irs-slider{background:0 -120px #2692b2;border-radius:50%;width:20px;height:20px;margin-top:-1px}[_nghost-evm-c21]     .color-primary .irs-from::after, [_nghost-evm-c21]     .irs-single::after, [_nghost-evm-c21]     .irs-to::after{border:3px solid transparent;border-top-color:#2dacd1}[_nghost-evm-c21]     .color-primary .irs-bar, [_nghost-evm-c21]     .color-primary .irs-bar-edge{background:#2dacd1;height:8px}[_nghost-evm-c21]     .color-
[...]
</arguments>
<status status="PASS" starttime="20191016 14:06:13.660" endtime="20191016 14:06:13.660"></status>
</kw>
<kw name="Set Variable" library="BuiltIn">
<doc>Returns the given values which can then be assigned to a variables.</doc>
<arguments>
<arg>${checkValueB}</arg>
</arguments>
<assign>
<var>${checkValueA}</var>
</assign>
<msg timestamp="20191016 14:06:13.661" level="INFO">${checkValueA} = 娱乐城 有效投注 十大排行趋势</msg>
<status status="PASS" starttime="20191016 14:06:13.660" endtime="20191016 14:06:13.661"></status>
</kw>
<status status="PASS" starttime="20191016 14:06:03.546" endtime="20191016 14:06:13.661"></status>
</kw>
<kw name="${i} = 3" type="foritem">
<kw name="Select From List By Value" library="Selenium2Library">
<doc>Selects options from selection list ``locator`` by ``values``.</doc>
<arguments>
<arg>//select[@class='form-control noborder borderr_1px']</arg>
<arg>${i}</arg>
</arguments>
<msg timestamp="20191016 14:06:13.661" level="INFO">Selecting options from selection list '//select[@class='form-control noborder borderr_1px']' by value 3.</msg>
<status status="PASS" starttime="20191016 14:06:13.661" endtime="20191016 14:06:13.727"></status>
</kw>
<kw name="Sleep" library="BuiltIn">
<doc>Pauses the test executed for the given time.</doc>
<arguments>
<arg>10s</arg>
</arguments>
<msg timestamp="20191016 14:06:23.729" level="INFO">Slept 10 seconds</msg>
<status status="PASS" starttime="20191016 14:06:13.728" endtime="20191016 14:06:23.729"></status>
</kw>
<kw name="Get Text" library="Selenium2Library">
<doc>Returns the text value of element identified by ``locator``.</doc>
<arguments>
<arg>//div[@class='chart-panel']/div/div/span</arg>
</arguments>
<assign>
<var>${checkValueB}</var>
</assign>
<msg timestamp="20191016 14:06:23.746" level="INFO">${checkValueB} = 娱乐城 投注单量 十大排行趋势</msg>
<status status="PASS" starttime="20191016 14:06:23.729" endtime="20191016 14:06:23.746"></status>
</kw>
<kw name="Should Not Match" library="BuiltIn">
<doc>Fails if the given ``string`` matches the given ``pattern``.</doc>
<arguments>
<arg>${checkValueA}</arg>
<arg>${checkValueB}</arg>
</arguments>
<status status="PASS" starttime="20191016 14:06:23.746" endtime="20191016 14:06:23.746"></status>
</kw>
<kw name="Set Variable" library="BuiltIn">
<doc>Returns the given values which can then be assigned to a variables.</doc>
<arguments>
<arg>${checkValueB}</arg>
</arguments>
<assign>
<var>${checkValueA}</var>
</assign>
<msg timestamp="20191016 14:06:23.746" level="INFO">${checkValueA} = 娱乐城 投注单量 十大排行趋势</msg>
<status status="PASS" starttime="20191016 14:06:23.746" endtime="20191016 14:06:23.746"></status>
</kw>
<status status="PASS" starttime="20191016 14:06:13.661" endtime="20191016 14:06:23.747"></status>
</kw>
<kw name="${i} = 4" type="foritem">
<kw name="Select From List By Value" library="Selenium2Library">
<doc>Selects options from selection list ``locator`` by ``values``.</doc>
<arguments>
<arg>//select[@class='form-control noborder borderr_1px']</arg>
<arg>${i}</arg>
</arguments>
<msg timestamp="20191016 14:06:23.747" level="INFO">Selecting options from selection list '//select[@class='form-control noborder borderr_1px']' by value 4.</msg>
<status status="PASS" starttime="20191016 14:06:23.747" endtime="20191016 14:06:23.814"></status>
</kw>
<kw name="Sleep" library="BuiltIn">
<doc>Pauses the test executed for the given time.</doc>
<arguments>
<arg>10s</arg>
</arguments>
<msg timestamp="20191016 14:06:33.815" level="INFO">Slept 10 seconds</msg>
<status status="PASS" starttime="20191016 14:06:23.814" endtime="20191016 14:06:33.815"></status>
</kw>
<kw name="Get Text" library="Selenium2Library">
<doc>Returns the text value of element identified by ``locator``.</doc>
<arguments>
<arg>//div[@class='chart-panel']/div/div/span</arg>
</arguments>
<assign>
<var>${checkValueB}</var>
</assign>
<msg timestamp="20191016 14:06:33.832" level="INFO">${checkValueB} = 娱乐城 活跃会员 十大排行趋势</msg>
<status status="PASS" starttime="20191016 14:06:33.815" endtime="20191016 14:06:33.832"></status>
</kw>
<kw name="Should Not Match" library="BuiltIn">
<doc>Fails if the given ``string`` matches the given ``pattern``.</doc>
<arguments>
<arg>${checkValueA}</arg>
<arg>${checkValueB}</arg>
</arguments>
<status status="PASS" starttime="20191016 14:06:33.832" endtime="20191016 14:06:33.833"></status>
</kw>
<kw name="Set Variable" library="BuiltIn">
<doc>Returns the given values which can then be assigned to a variables.</doc>
<arguments>
<arg>${checkValueB}</arg>
</arguments>
<assign>
<var>${checkValueA}</var>
</assign>
<msg timestamp="20191016 14:06:33.833" level="INFO">${checkValueA} = 娱乐城 活跃会员 十大排行趋势</msg>
<status status="PASS" starttime="20191016 14:06:33.833" endtime="20191016 14:06:33.833"></status>
</kw>
<status status="PASS" starttime="20191016 14:06:23.747" endtime="20191016 14:06:33.833"></status>
</kw>
<kw name="${i} = 6" type="foritem">
<kw name="Select From List By Value" library="Selenium2Library">
<doc>Selects options from selection list ``locator`` by ``values``.</doc>
<arguments>
<arg>//select[@class='form-control noborder borderr_1px']</arg>
<arg>${i}</arg>
</arguments>
<msg timestamp="20191016 14:06:33.833" level="INFO">Selecting options from selection list '//select[@class='form-control noborder borderr_1px']' by value 6.</msg>
<status status="PASS" starttime="20191016 14:06:33.833" endtime="20191016 14:06:33.901"></status>
</kw>
<kw name="Sleep" library="BuiltIn">
<doc>Pauses the test executed for the given time.</doc>
<arguments>
<arg>10s</arg>
</arguments>
<msg timestamp="20191016 14:06:43.902" level="INFO">Slept 10 seconds</msg>
<status status="PASS" starttime="20191016 14:06:33.901" endtime="20191016 14:06:43.902"></status>
</kw>
<kw name="Get Text" library="Selenium2Library">
<doc>Returns the text value of element identified by ``locator``.</doc>
<arguments>
<arg>//div[@class='chart-panel']/div/div/span</arg>
</arguments>
<assign>
<var>${checkValueB}</var>
</assign>
<msg timestamp="20191016 14:06:43.919" level="INFO">${checkValueB} = 娱乐城 营收比 十大排行趋势</msg>
<status status="PASS" starttime="20191016 14:06:43.902" endtime="20191016 14:06:43.919"></status>
</kw>
<kw name="Should Not Match" library="BuiltIn">
<doc>Fails if the given ``string`` matches the given ``pattern``.</doc>
<arguments>
<arg>${checkValueA}</arg>
<arg>${checkValueB}</arg>
</arguments>
<status status="PASS" starttime="20191016 14:06:43.920" endtime="20191016 14:06:43.920"></status>
</kw>
<kw name="Set Variable" library="BuiltIn">
<doc>Returns the given values which can then be assigned to a variables.</doc>
<arguments>
<arg>${checkValueB}</arg>
</arguments>
<assign>
<var>${checkValueA}</var>
</assign>
<msg timestamp="20191016 14:06:43.920" level="INFO">${checkValueA} = 娱乐城 营收比 十大排行趋势</msg>
<status status="PASS" starttime="20191016 14:06:43.920" endtime="20191016 14:06:43.920"></status>
</kw>
<status status="PASS" starttime="20191016 14:06:33.833" endtime="20191016 14:06:43.920"></status>
</kw>
<status status="PASS" starttime="20191016 14:06:03.546" endtime="20191016 14:06:43.920"></status>
</kw>
<status status="PASS" starttime="20191016 14:06:03.517" endtime="20191016 14:06:43.920"></status>
</kw>
<kw name="Select From List By Value" library="Selenium2Library">
<doc>Selects options from selection list ``locator`` by ``values``.</doc>
<arguments>
<arg>//select[@class='form-control noborder borderr_1px']</arg>
<arg>4</arg>
</arguments>
<msg timestamp="20191016 14:06:43.921" level="INFO">Selecting options from selection list '//select[@class='form-control noborder borderr_1px']' by value 4.</msg>
<status status="PASS" starttime="20191016 14:06:43.921" endtime="20191016 14:06:43.979"></status>
</kw>
<kw name="Sleep" library="BuiltIn">
<doc>Pauses the test executed for the given time.</doc>
<arguments>
<arg>5s</arg>
</arguments>
<msg timestamp="20191016 14:06:48.981" level="INFO">Slept 5 seconds</msg>
<status status="PASS" starttime="20191016 14:06:43.980" endtime="20191016 14:06:48.981"></status>
</kw>
<kw name="Chart Transform" library="keyword_common">
<kw name="Page Should Contain Element" library="Selenium2Library">
<doc>Verifies that element ``locator`` is found on the current page.</doc>
<arguments>
<arg>//div[@class='CHART-AREA']/echarts-ng2/div/div/canvas</arg>
<arg>limit=2</arg>
</arguments>
<msg timestamp="20191016 14:06:48.992" level="INFO">Current page contains 2 element(s).</msg>
<status status="PASS" starttime="20191016 14:06:48.981" endtime="20191016 14:06:48.992"></status>
</kw>
<kw name="Mouse Over" library="Selenium2Library">
<doc>Simulates hovering mouse over the element ``locator``.</doc>
<arguments>
<arg>//div[@class='CHART-AREA']/echarts-ng2/div/div/canvas</arg>
</arguments>
<msg timestamp="20191016 14:06:48.993" level="INFO">Simulating Mouse Over on element '//div[@class='CHART-AREA']/echarts-ng2/div/div/canvas'.</msg>
<status status="PASS" starttime="20191016 14:06:48.993" endtime="20191016 14:06:49.025"></status>
</kw>
<kw name="Capture Page Screenshot" library="Selenium2Library">
<doc>Takes screenshot of the current page and embeds it into log file.</doc>
<msg timestamp="20191016 14:06:49.397" level="INFO" html="yes">&lt;/td&gt;&lt;/tr&gt;&lt;tr&gt;&lt;td colspan="3"&gt;&lt;a href="selenium-screenshot-143.png"&gt;&lt;img src="selenium-screenshot-143.png" width="800px"&gt;&lt;/a&gt;</msg>
<status status="PASS" starttime="20191016 14:06:49.026" endtime="20191016 14:06:49.398"></status>
</kw>
<kw name="Wait Until Element Is Visible" library="Selenium2Library">
<doc>Waits until element ``locator`` is visible.</doc>
<arguments>
<arg>//div[@ngbtooltip='长条合计']</arg>
</arguments>
<status status="PASS" starttime="20191016 14:06:49.398" endtime="20191016 14:06:49.418"></status>
</kw>
<kw name="Click Element" library="Selenium2Library">
<doc>Click element identified by ``locator``.</doc>
<arguments>
<arg>//div[@ngbtooltip='长条合计']</arg>
</arguments>
<msg timestamp="20191016 14:06:49.419" level="INFO">Clicking element '//div[@ngbtooltip='长条合计']'.</msg>
<status status="PASS" starttime="20191016 14:06:49.419" endtime="20191016 14:06:49.482"></status>
</kw>
<kw name="Page Should Contain Element" library="Selenium2Library">
<doc>Verifies that element ``locator`` is found on the current page.</doc>
<arguments>
<arg>//div[@class='CHART-AREA']/echarts-ng2/div/div/canvas</arg>
<arg>limit=2</arg>
</arguments>
<msg timestamp="20191016 14:06:49.492" level="INFO">Current page contains 2 element(s).</msg>
<status status="PASS" starttime="20191016 14:06:49.482" endtime="20191016 14:06:49.492"></status>
</kw>
<kw name="Sleep" library="BuiltIn">
<doc>Pauses the test executed for the given time.</doc>
<arguments>
<arg>5s</arg>
</arguments>
<msg timestamp="20191016 14:06:54.493" level="INFO">Slept 5 seconds</msg>
<status status="PASS" starttime="20191016 14:06:49.492" endtime="20191016 14:06:54.493"></status>
</kw>
<kw name="Capture Page Screenshot" library="Selenium2Library">
<doc>Takes screenshot of the current page and embeds it into log file.</doc>
<msg timestamp="20191016 14:06:54.846" level="INFO" html="yes">&lt;/td&gt;&lt;/tr&gt;&lt;tr&gt;&lt;td colspan="3"&gt;&lt;a href="selenium-screenshot-144.png"&gt;&lt;img src="selenium-screenshot-144.png" width="800px"&gt;&lt;/a&gt;</msg>
<status status="PASS" starttime="20191016 14:06:54.493" endtime="20191016 14:06:54.846"></status>
</kw>
<kw name="Click Element" library="Selenium2Library">
<doc>Click element identified by ``locator``.</doc>
<arguments>
<arg>//div[@ngbtooltip='趋势详细']</arg>
</arguments>
<msg timestamp="20191016 14:06:54.846" level="INFO">Clicking element '//div[@ngbtooltip='趋势详细']'.</msg>
<status status="PASS" starttime="20191016 14:06:54.846" endtime="20191016 14:06:54.898"></status>
</kw>
<status status="PASS" starttime="20191016 14:06:48.981" endtime="20191016 14:06:54.898"></status>
</kw>
<status status="PASS" starttime="20191016 14:06:03.430" endtime="20191016 14:06:54.898"></status>
</kw>
<tags>
<tag>Login</tag>
</tags>
<status status="PASS" starttime="20191016 13:56:01.455" endtime="20191016 14:06:54.898" critical="yes"></status>
</test>
<test id="s1-t8" name="Check Single Chart">
<kw name="Sleep" library="BuiltIn">
<doc>Pauses the test executed for the given time.</doc>
<arguments>
<arg>20s</arg>
</arguments>
<msg timestamp="20191016 14:07:14.902" level="INFO">Slept 20 seconds</msg>
<status status="PASS" starttime="20191016 14:06:54.901" endtime="20191016 14:07:14.902"></status>
</kw>
<kw name="Click Element" library="Selenium2Library">
<doc>Click element identified by ``locator``.</doc>
<arguments>
<arg>//div[@class='row hidden_991']/div/div/div/button[contains(.,'种类')]</arg>
</arguments>
<msg timestamp="20191016 14:07:14.903" level="INFO">Clicking element '//div[@class='row hidden_991']/div/div/div/button[contains(.,'种类')]'.</msg>
<status status="PASS" starttime="20191016 14:07:14.903" endtime="20191016 14:07:14.978"></status>
</kw>
<kw name="Execute Javascript" library="Selenium2Library">
<doc>Executes the given JavaScript code.</doc>
<arguments>
<arg>window.scrollTo(200, document.body.scrollHeight)</arg>
</arguments>
<msg timestamp="20191016 14:07:14.979" level="INFO">Executing JavaScript:
window.scrollTo(200, document.body.scrollHeight)</msg>
<status status="PASS" starttime="20191016 14:07:14.978" endtime="20191016 14:07:14.985"></status>
</kw>
<kw name="Sleep" library="BuiltIn">
<doc>Pauses the test executed for the given time.</doc>
<arguments>
<arg>10s</arg>
</arguments>
<msg timestamp="20191016 14:07:24.988" level="INFO">Slept 10 seconds</msg>
<status status="PASS" starttime="20191016 14:07:14.986" endtime="20191016 14:07:24.988"></status>
</kw>
<kw name="Wait Until Page Contains Element" library="Selenium2Library">
<doc>Waits until element ``locator`` appears on current page.</doc>
<arguments>
<arg>//table[@class='table dataTable']/tbody/tr[1]/td[1]</arg>
</arguments>
<status status="PASS" starttime="20191016 14:07:24.988" endtime="20191016 14:07:24.999"></status>
</kw>
<kw name="Click Element" library="Selenium2Library">
<doc>Click element identified by ``locator``.</doc>
<arguments>
<arg>//table[@class='table dataTable']/tbody/tr[1]/td[1]</arg>
</arguments>
<msg timestamp="20191016 14:07:25.000" level="INFO">Clicking element '//table[@class='table dataTable']/tbody/tr[1]/td[1]'.</msg>
<status status="PASS" starttime="20191016 14:07:24.999" endtime="20191016 14:07:25.064"></status>
</kw>
<kw name="Sleep" library="BuiltIn">
<doc>Pauses the test executed for the given time.</doc>
<arguments>
<arg>20s</arg>
</arguments>
<msg timestamp="20191016 14:07:45.066" level="INFO">Slept 20 seconds</msg>
<status status="PASS" starttime="20191016 14:07:25.065" endtime="20191016 14:07:45.066"></status>
</kw>
<kw name="Wait Until Page Contains Element" library="Selenium2Library">
<doc>Waits until element ``locator`` appears on current page.</doc>
<arguments>
<arg>//table[@class='table table-hover']/tbody/tr[1]/td[1]/div</arg>
</arguments>
<status status="PASS" starttime="20191016 14:07:45.066" endtime="20191016 14:07:45.079"></status>
</kw>
<kw name="Click Element" library="Selenium2Library">
<doc>Click element identified by ``locator``.</doc>
<arguments>
<arg>//table[@class='table table-hover']/tbody/tr[1]/td[1]/div</arg>
</arguments>
<msg timestamp="20191016 14:07:45.080" level="INFO">Clicking element '//table[@class='table table-hover']/tbody/tr[1]/td[1]/div'.</msg>
<status status="PASS" starttime="20191016 14:07:45.080" endtime="20191016 14:07:45.135"></status>
</kw>
<kw name="Sleep" library="BuiltIn">
<doc>Pauses the test executed for the given time.</doc>
<arguments>
<arg>10s</arg>
</arguments>
<msg timestamp="20191016 14:07:55.136" level="INFO">Slept 10 seconds</msg>
<status status="PASS" starttime="20191016 14:07:45.136" endtime="20191016 14:07:55.136"></status>
</kw>
<kw name="Capture Page Screenshot" library="Selenium2Library">
<doc>Takes screenshot of the current page and embeds it into log file.</doc>
<msg timestamp="20191016 14:07:55.481" level="INFO" html="yes">&lt;/td&gt;&lt;/tr&gt;&lt;tr&gt;&lt;td colspan="3"&gt;&lt;a href="selenium-screenshot-145.png"&gt;&lt;img src="selenium-screenshot-145.png" width="800px"&gt;&lt;/a&gt;</msg>
<status status="PASS" starttime="20191016 14:07:55.136" endtime="20191016 14:07:55.481"></status>
</kw>
<kw name="Click Element" library="Selenium2Library">
<doc>Click element identified by ``locator``.</doc>
<arguments>
<arg>//div[@class="text-left mt-4"]//div/div/button</arg>
</arguments>
<msg timestamp="20191016 14:07:55.482" level="INFO">Clicking element '//div[@class="text-left mt-4"]//div/div/button'.</msg>
<status status="PASS" starttime="20191016 14:07:55.482" endtime="20191016 14:07:55.548"></status>
</kw>
<kw name="Wait Until Page Contains Element" library="Selenium2Library">
<doc>Waits until element ``locator`` appears on current page.</doc>
<arguments>
<arg>//div[@class="text-left mt-4"]//div/div/ul/li/a[contains(.,'以时合计')]</arg>
</arguments>
<status status="PASS" starttime="20191016 14:07:55.549" endtime="20191016 14:07:55.562"></status>
</kw>
<kw name="Click Element" library="Selenium2Library">
<doc>Click element identified by ``locator``.</doc>
<arguments>
<arg>//div[@class="text-left mt-4"]//div/div/ul/li/a[contains(.,'以日合计')]</arg>
</arguments>
<msg timestamp="20191016 14:07:55.563" level="INFO">Clicking element '//div[@class="text-left mt-4"]//div/div/ul/li/a[contains(.,'以日合计')]'.</msg>
<status status="PASS" starttime="20191016 14:07:55.562" endtime="20191016 14:07:55.634"></status>
</kw>
<kw name="Sleep" library="BuiltIn">
<doc>Pauses the test executed for the given time.</doc>
<arguments>
<arg>5s</arg>
</arguments>
<msg timestamp="20191016 14:08:00.636" level="INFO">Slept 5 seconds</msg>
<status status="PASS" starttime="20191016 14:07:55.635" endtime="20191016 14:08:00.636"></status>
</kw>
<kw name="Capture Page Screenshot" library="Selenium2Library">
<doc>Takes screenshot of the current page and embeds it into log file.</doc>
<msg timestamp="20191016 14:08:00.996" level="INFO" html="yes">&lt;/td&gt;&lt;/tr&gt;&lt;tr&gt;&lt;td colspan="3"&gt;&lt;a href="selenium-screenshot-146.png"&gt;&lt;img src="selenium-screenshot-146.png" width="800px"&gt;&lt;/a&gt;</msg>
<status status="PASS" starttime="20191016 14:08:00.637" endtime="20191016 14:08:00.996"></status>
</kw>
<tags>
<tag>Login</tag>
</tags>
<status status="PASS" starttime="20191016 14:06:54.900" endtime="20191016 14:08:00.997" critical="yes"></status>
</test>
<kw name="SuiteTeardown" type="teardown">
<kw name="Run Keyword If Any Tests Failed" library="BuiltIn">
<doc>Runs the given keyword with the given arguments, if one or more tests failed.</doc>
<arguments>
<arg>Capture Page Screenshot</arg>
</arguments>
<kw name="Capture Page Screenshot" library="Selenium2Library">
<doc>Takes screenshot of the current page and embeds it into log file.</doc>
<msg timestamp="20191016 14:08:01.358" level="INFO" html="yes">&lt;/td&gt;&lt;/tr&gt;&lt;tr&gt;&lt;td colspan="3"&gt;&lt;a href="selenium-screenshot-147.png"&gt;&lt;img src="selenium-screenshot-147.png" width="800px"&gt;&lt;/a&gt;</msg>
<status status="PASS" starttime="20191016 14:08:00.999" endtime="20191016 14:08:01.358"></status>
</kw>
<status status="PASS" starttime="20191016 14:08:00.998" endtime="20191016 14:08:01.358"></status>
</kw>
<kw name="Close Browser" library="Selenium2Library">
<doc>Closes the current browser.</doc>
<status status="PASS" starttime="20191016 14:08:01.358" endtime="20191016 14:08:04.408"></status>
</kw>
<status status="PASS" starttime="20191016 14:08:00.998" endtime="20191016 14:08:04.408"></status>
</kw>
<status status="FAIL" starttime="20191016 13:43:39.094" endtime="20191016 14:08:04.408"></status>
</suite>
<statistics>
<total>
<stat pass="7" fail="1">Critical Tests</stat>
<stat pass="7" fail="1">All Tests</stat>
</total>
<tag>
<stat pass="7" fail="1">Login</stat>
</tag>
<suite>
<stat pass="7" fail="1" id="s1" name="Test Dashboard Page">Test Dashboard Page</stat>
</suite>
</statistics>
<errors>
</errors>
</robot>
